[2025-12-17T09:10:59.246+0000] {local_task_job_runner.py:120} INFO - ::group::Pre task execution logs
[2025-12-17T09:10:59.276+0000] {taskinstance.py:2073} INFO - Dependencies all met for dep_context=non-requeueable deps ti=<TaskInstance: mfg_raw_ingestion_dag.dbt_run_all scheduled__2025-12-16T05:00:00+00:00 [queued]>
[2025-12-17T09:10:59.285+0000] {taskinstance.py:2073} INFO - Dependencies all met for dep_context=requeueable deps ti=<TaskInstance: mfg_raw_ingestion_dag.dbt_run_all scheduled__2025-12-16T05:00:00+00:00 [queued]>
[2025-12-17T09:10:59.286+0000] {taskinstance.py:2303} INFO - Starting attempt 1 of 3
[2025-12-17T09:10:59.302+0000] {taskinstance.py:2327} INFO - Executing <Task(BashOperator): dbt_run_all> on 2025-12-16 05:00:00+00:00
[2025-12-17T09:10:59.310+0000] {logging_mixin.py:188} WARNING - /home/***/.local/lib/python3.12/site-packages/***/task/task_runner/standard_task_runner.py:61 DeprecationWarning: This process (pid=8122) is multi-threaded, use of fork() may lead to deadlocks in the child.
[2025-12-17T09:10:59.312+0000] {standard_task_runner.py:63} INFO - Started process 8123 to run task
[2025-12-17T09:10:59.310+0000] {standard_task_runner.py:90} INFO - Running: ['***', 'tasks', 'run', 'mfg_raw_ingestion_dag', 'dbt_run_all', 'scheduled__2025-12-16T05:00:00+00:00', '--job-id', '41', '--raw', '--subdir', 'DAGS_FOLDER/mfg_raw_ingestion_dag.py', '--cfg-path', '/tmp/tmp2t7scdhy']
[2025-12-17T09:10:59.313+0000] {standard_task_runner.py:91} INFO - Job 41: Subtask dbt_run_all
[2025-12-17T09:10:59.368+0000] {task_command.py:426} INFO - Running <TaskInstance: mfg_raw_ingestion_dag.dbt_run_all scheduled__2025-12-16T05:00:00+00:00 [running]> on host f349782282f8
[2025-12-17T09:10:59.459+0000] {taskinstance.py:2644} INFO - Exporting env vars: AIRFLOW_CTX_DAG_OWNER='data-eng' AIRFLOW_CTX_DAG_ID='mfg_raw_ingestion_dag' AIRFLOW_CTX_TASK_ID='dbt_run_all' AIRFLOW_CTX_EXECUTION_DATE='2025-12-16T05:00:00+00:00' AIRFLOW_CTX_TRY_NUMBER='1' AIRFLOW_CTX_DAG_RUN_ID='scheduled__2025-12-16T05:00:00+00:00'
[2025-12-17T09:10:59.460+0000] {taskinstance.py:430} INFO - ::endgroup::
[2025-12-17T09:10:59.476+0000] {subprocess.py:63} INFO - Tmp dir root location: /tmp
[2025-12-17T09:10:59.478+0000] {subprocess.py:75} INFO - Running command: ['/usr/bin/bash', '-c', 'cd /opt/***/dbt_project && dbt run --profiles-dir /opt/***/dbt_profiles']
[2025-12-17T09:10:59.486+0000] {subprocess.py:86} INFO - Output:
[2025-12-17T09:11:01.891+0000] {subprocess.py:93} INFO - [0m09:11:01  Running with dbt=1.10.16
[2025-12-17T09:11:03.095+0000] {subprocess.py:93} INFO - [0m09:11:03  Registered adapter: snowflake=1.10.4
[2025-12-17T09:11:03.440+0000] {subprocess.py:93} INFO - [0m09:11:03  Unable to do partial parsing because profile has changed
[2025-12-17T09:11:04.981+0000] {subprocess.py:93} INFO - [0m09:11:04  [[33mWARNING[0m][MissingArgumentsPropertyInGenericTestDeprecation]: Deprecated
[2025-12-17T09:11:04.982+0000] {subprocess.py:93} INFO - functionality
[2025-12-17T09:11:04.982+0000] {subprocess.py:93} INFO - Found top-level arguments to test `relationships`. Arguments to generic tests
[2025-12-17T09:11:04.983+0000] {subprocess.py:93} INFO - should be nested under the `arguments` property.`
[2025-12-17T09:11:05.463+0000] {subprocess.py:93} INFO - [0m09:11:05  Found 8 models, 24 data tests, 3 sources, 504 macros
[2025-12-17T09:11:05.468+0000] {subprocess.py:93} INFO - [0m09:11:05
[2025-12-17T09:11:05.469+0000] {subprocess.py:93} INFO - [0m09:11:05  Concurrency: 4 threads (target='dev')
[2025-12-17T09:11:05.471+0000] {subprocess.py:93} INFO - [0m09:11:05
[2025-12-17T09:11:07.685+0000] {subprocess.py:93} INFO - [0m09:11:07  1 of 8 START sql view model STAGING_analytics.stg_batches ...................... [RUN]
[2025-12-17T09:11:07.687+0000] {subprocess.py:93} INFO - [0m09:11:07  2 of 8 START sql view model STAGING_analytics.stg_materials .................... [RUN]
[2025-12-17T09:11:07.688+0000] {subprocess.py:93} INFO - [0m09:11:07  3 of 8 START sql view model STAGING_analytics.stg_production_orders ............ [RUN]
[2025-12-17T09:11:08.295+0000] {subprocess.py:93} INFO - [0m09:11:08  1 of 8 OK created sql view model STAGING_analytics.stg_batches ................. [[32mSUCCESS 1[0m in 0.60s]
[2025-12-17T09:11:09.226+0000] {subprocess.py:93} INFO - [0m09:11:09  3 of 8 OK created sql view model STAGING_analytics.stg_production_orders ....... [[32mSUCCESS 1[0m in 1.53s]
[2025-12-17T09:11:09.502+0000] {subprocess.py:93} INFO - [0m09:11:09  2 of 8 OK created sql view model STAGING_analytics.stg_materials ............... [[32mSUCCESS 1[0m in 1.81s]
[2025-12-17T09:11:09.507+0000] {subprocess.py:93} INFO - [0m09:11:09  4 of 8 START sql table model STAGING_analytics.core_materials .................. [RUN]
[2025-12-17T09:11:11.701+0000] {subprocess.py:93} INFO - [0m09:11:11  4 of 8 OK created sql table model STAGING_analytics.core_materials ............. [[32mSUCCESS 1[0m in 2.19s]
[2025-12-17T09:11:11.708+0000] {subprocess.py:93} INFO - [0m09:11:11  5 of 8 START sql table model STAGING_analytics.core_batches .................... [RUN]
[2025-12-17T09:11:11.710+0000] {subprocess.py:93} INFO - [0m09:11:11  6 of 8 START sql table model STAGING_analytics.fct_production_orders ........... [RUN]
[2025-12-17T09:11:13.249+0000] {subprocess.py:93} INFO - [0m09:11:13  5 of 8 OK created sql table model STAGING_analytics.core_batches ............... [[32mSUCCESS 1[0m in 1.53s]
[2025-12-17T09:11:13.541+0000] {subprocess.py:93} INFO - [0m09:11:13  6 of 8 OK created sql table model STAGING_analytics.fct_production_orders ...... [[32mSUCCESS 1[0m in 1.81s]
[2025-12-17T09:11:13.564+0000] {subprocess.py:93} INFO - [0m09:11:13  7 of 8 START sql table model STAGING_analytics.mfg_ml_features_orders .......... [RUN]
[2025-12-17T09:11:13.575+0000] {subprocess.py:93} INFO - [0m09:11:13  8 of 8 START sql table model STAGING_analytics.mfg_plant_daily_kpis ............ [RUN]
[2025-12-17T09:11:14.877+0000] {subprocess.py:93} INFO - [0m09:11:14  7 of 8 OK created sql table model STAGING_analytics.mfg_ml_features_orders ..... [[32mSUCCESS 1[0m in 1.30s]
[2025-12-17T09:11:14.944+0000] {subprocess.py:93} INFO - [0m09:11:14  8 of 8 OK created sql table model STAGING_analytics.mfg_plant_daily_kpis ....... [[32mSUCCESS 1[0m in 1.36s]
[2025-12-17T09:11:16.714+0000] {subprocess.py:93} INFO - [0m09:11:16
[2025-12-17T09:11:16.716+0000] {subprocess.py:93} INFO - [0m09:11:16  Finished running 5 table models, 3 view models in 0 hours 0 minutes and 11.24 seconds (11.24s).
[2025-12-17T09:11:16.809+0000] {subprocess.py:93} INFO - [0m09:11:16
[2025-12-17T09:11:16.810+0000] {subprocess.py:93} INFO - [0m09:11:16  [32mCompleted successfully[0m
[2025-12-17T09:11:16.811+0000] {subprocess.py:93} INFO - [0m09:11:16
[2025-12-17T09:11:16.812+0000] {subprocess.py:93} INFO - [0m09:11:16  Done. PASS=8 WARN=0 ERROR=0 SKIP=0 NO-OP=0 TOTAL=8
[2025-12-17T09:11:16.813+0000] {subprocess.py:93} INFO - [0m09:11:16  [[33mWARNING[0m][DeprecationsSummary]: Deprecated functionality
[2025-12-17T09:11:16.814+0000] {subprocess.py:93} INFO - Summary of encountered deprecations:
[2025-12-17T09:11:16.814+0000] {subprocess.py:93} INFO - - MissingArgumentsPropertyInGenericTestDeprecation: 4 occurrences
[2025-12-17T09:11:16.815+0000] {subprocess.py:93} INFO - To see all deprecation instances instead of just the first occurrence of each,
[2025-12-17T09:11:16.815+0000] {subprocess.py:93} INFO - run command again with the `--show-all-deprecations` flag. You may also need to
[2025-12-17T09:11:16.816+0000] {subprocess.py:93} INFO - run with `--no-partial-parse` as some deprecations are only encountered during
[2025-12-17T09:11:16.817+0000] {subprocess.py:93} INFO - parsing.
[2025-12-17T09:11:18.079+0000] {subprocess.py:97} INFO - Command exited with return code 0
[2025-12-17T09:11:18.080+0000] {taskinstance.py:441} INFO - ::group::Post task execution logs
[2025-12-17T09:11:18.107+0000] {taskinstance.py:1205} INFO - Marking task as SUCCESS. dag_id=mfg_raw_ingestion_dag, task_id=dbt_run_all, execution_date=20251216T050000, start_date=20251217T091059, end_date=20251217T091118
[2025-12-17T09:11:18.161+0000] {local_task_job_runner.py:240} INFO - Task exited with return code 0
[2025-12-17T09:11:18.180+0000] {taskinstance.py:3482} INFO - 1 downstream tasks scheduled from follow-on schedule check
[2025-12-17T09:11:18.184+0000] {local_task_job_runner.py:222} INFO - ::endgroup::
[2025-12-17T09:31:53.595+0000] {local_task_job_runner.py:120} INFO - ::group::Pre task execution logs
[2025-12-17T09:31:53.630+0000] {taskinstance.py:2073} INFO - Dependencies all met for dep_context=non-requeueable deps ti=<TaskInstance: mfg_raw_ingestion_dag.dbt_run_all scheduled__2025-12-16T05:00:00+00:00 [queued]>
[2025-12-17T09:31:53.640+0000] {taskinstance.py:2073} INFO - Dependencies all met for dep_context=requeueable deps ti=<TaskInstance: mfg_raw_ingestion_dag.dbt_run_all scheduled__2025-12-16T05:00:00+00:00 [queued]>
[2025-12-17T09:31:53.641+0000] {taskinstance.py:2303} INFO - Starting attempt 1 of 3
[2025-12-17T09:31:53.656+0000] {taskinstance.py:2327} INFO - Executing <Task(BashOperator): dbt_run_all> on 2025-12-16 05:00:00+00:00
[2025-12-17T09:31:53.663+0000] {standard_task_runner.py:90} INFO - Running: ['***', 'tasks', 'run', 'mfg_raw_ingestion_dag', 'dbt_run_all', 'scheduled__2025-12-16T05:00:00+00:00', '--job-id', '3', '--raw', '--subdir', 'DAGS_FOLDER/mfg_raw_ingestion_dag.py', '--cfg-path', '/tmp/tmpm9pbprbr']
[2025-12-17T09:31:53.666+0000] {standard_task_runner.py:91} INFO - Job 3: Subtask dbt_run_all
[2025-12-17T09:31:53.666+0000] {logging_mixin.py:188} WARNING - /home/***/.local/lib/python3.12/site-packages/***/task/task_runner/standard_task_runner.py:61 DeprecationWarning: This process (pid=383) is multi-threaded, use of fork() may lead to deadlocks in the child.
[2025-12-17T09:31:53.667+0000] {standard_task_runner.py:63} INFO - Started process 384 to run task
[2025-12-17T09:31:53.732+0000] {task_command.py:426} INFO - Running <TaskInstance: mfg_raw_ingestion_dag.dbt_run_all scheduled__2025-12-16T05:00:00+00:00 [running]> on host 68b68f67a494
[2025-12-17T09:31:53.835+0000] {taskinstance.py:2644} INFO - Exporting env vars: AIRFLOW_CTX_DAG_OWNER='data-eng' AIRFLOW_CTX_DAG_ID='mfg_raw_ingestion_dag' AIRFLOW_CTX_TASK_ID='dbt_run_all' AIRFLOW_CTX_EXECUTION_DATE='2025-12-16T05:00:00+00:00' AIRFLOW_CTX_TRY_NUMBER='1' AIRFLOW_CTX_DAG_RUN_ID='scheduled__2025-12-16T05:00:00+00:00'
[2025-12-17T09:31:53.838+0000] {taskinstance.py:430} INFO - ::endgroup::
[2025-12-17T09:31:53.855+0000] {subprocess.py:63} INFO - Tmp dir root location: /tmp
[2025-12-17T09:31:53.856+0000] {subprocess.py:75} INFO - Running command: ['/usr/bin/bash', '-c', 'cd /opt/***/dbt_project && dbt run --profiles-dir /opt/***/dbt_profiles']
[2025-12-17T09:31:53.864+0000] {subprocess.py:86} INFO - Output:
[2025-12-17T09:31:53.866+0000] {subprocess.py:93} INFO - /usr/bin/bash: line 1: dbt: command not found
[2025-12-17T09:31:53.867+0000] {subprocess.py:97} INFO - Command exited with return code 127
[2025-12-17T09:31:53.868+0000] {taskinstance.py:441} INFO - ::group::Post task execution logs
[2025-12-17T09:31:53.882+0000] {taskinstance.py:2890} ERROR - Task failed with exception
Traceback (most recent call last):
  File "/home/airflow/.local/lib/python3.12/site-packages/airflow/models/taskinstance.py", line 460, in _execute_task
    result = _execute_callable(context=context, **execute_callable_kwargs)
             ^^^^^^^^^^^^^^^^^^^^^^^^^^^^^^^^^^^^^^^^^^^^^^^^^^^^^^^^^^^^^
  File "/home/airflow/.local/lib/python3.12/site-packages/airflow/models/taskinstance.py", line 432, in _execute_callable
    return execute_callable(context=context, **execute_callable_kwargs)
           ^^^^^^^^^^^^^^^^^^^^^^^^^^^^^^^^^^^^^^^^^^^^^^^^^^^^^^^^^^^^
  File "/home/airflow/.local/lib/python3.12/site-packages/airflow/models/baseoperator.py", line 400, in wrapper
    return func(self, *args, **kwargs)
           ^^^^^^^^^^^^^^^^^^^^^^^^^^^
  File "/home/airflow/.local/lib/python3.12/site-packages/airflow/operators/bash.py", line 243, in execute
    raise AirflowException(
airflow.exceptions.AirflowException: Bash command failed. The command returned a non-zero exit code 127.
[2025-12-17T09:31:53.886+0000] {taskinstance.py:1205} INFO - Marking task as UP_FOR_RETRY. dag_id=mfg_raw_ingestion_dag, task_id=dbt_run_all, execution_date=20251216T050000, start_date=20251217T093153, end_date=20251217T093153
[2025-12-17T09:31:53.901+0000] {standard_task_runner.py:110} ERROR - Failed to execute job 3 for task dbt_run_all (Bash command failed. The command returned a non-zero exit code 127.; 384)
[2025-12-17T09:31:53.922+0000] {local_task_job_runner.py:240} INFO - Task exited with return code 1
[2025-12-17T09:31:53.948+0000] {taskinstance.py:3482} INFO - 0 downstream tasks scheduled from follow-on schedule check
[2025-12-17T09:31:53.953+0000] {local_task_job_runner.py:222} INFO - ::endgroup::
[2025-12-17T10:09:50.288+0000] {local_task_job_runner.py:120} INFO - ::group::Pre task execution logs
[2025-12-17T10:09:50.323+0000] {taskinstance.py:2073} INFO - Dependencies all met for dep_context=non-requeueable deps ti=<TaskInstance: mfg_raw_ingestion_dag.dbt_run_all scheduled__2025-12-16T05:00:00+00:00 [queued]>
[2025-12-17T10:09:50.333+0000] {taskinstance.py:2073} INFO - Dependencies all met for dep_context=requeueable deps ti=<TaskInstance: mfg_raw_ingestion_dag.dbt_run_all scheduled__2025-12-16T05:00:00+00:00 [queued]>
[2025-12-17T10:09:50.334+0000] {taskinstance.py:2303} INFO - Starting attempt 1 of 3
[2025-12-17T10:09:50.350+0000] {taskinstance.py:2327} INFO - Executing <Task(BashOperator): dbt_run_all> on 2025-12-16 05:00:00+00:00
[2025-12-17T10:09:50.357+0000] {standard_task_runner.py:90} INFO - Running: ['***', 'tasks', 'run', 'mfg_raw_ingestion_dag', 'dbt_run_all', 'scheduled__2025-12-16T05:00:00+00:00', '--job-id', '21', '--raw', '--subdir', 'DAGS_FOLDER/mfg_raw_ingestion_dag.py', '--cfg-path', '/tmp/tmps10h8oi3']
[2025-12-17T10:09:50.360+0000] {standard_task_runner.py:91} INFO - Job 21: Subtask dbt_run_all
[2025-12-17T10:09:50.361+0000] {logging_mixin.py:188} WARNING - /home/***/.local/lib/python3.12/site-packages/***/task/task_runner/standard_task_runner.py:61 DeprecationWarning: This process (pid=2203) is multi-threaded, use of fork() may lead to deadlocks in the child.
[2025-12-17T10:09:50.362+0000] {standard_task_runner.py:63} INFO - Started process 2204 to run task
[2025-12-17T10:09:50.430+0000] {task_command.py:426} INFO - Running <TaskInstance: mfg_raw_ingestion_dag.dbt_run_all scheduled__2025-12-16T05:00:00+00:00 [running]> on host 68b68f67a494
[2025-12-17T10:09:50.530+0000] {taskinstance.py:2644} INFO - Exporting env vars: AIRFLOW_CTX_DAG_OWNER='data-eng' AIRFLOW_CTX_DAG_ID='mfg_raw_ingestion_dag' AIRFLOW_CTX_TASK_ID='dbt_run_all' AIRFLOW_CTX_EXECUTION_DATE='2025-12-16T05:00:00+00:00' AIRFLOW_CTX_TRY_NUMBER='1' AIRFLOW_CTX_DAG_RUN_ID='scheduled__2025-12-16T05:00:00+00:00'
[2025-12-17T10:09:50.531+0000] {taskinstance.py:430} INFO - ::endgroup::
[2025-12-17T10:09:50.549+0000] {subprocess.py:63} INFO - Tmp dir root location: /tmp
[2025-12-17T10:09:50.550+0000] {subprocess.py:75} INFO - Running command: ['/usr/bin/bash', '-c', 'cd /opt/***/dbt_project && dbt run --profiles-dir /opt/***/dbt_profiles']
[2025-12-17T10:09:50.559+0000] {subprocess.py:86} INFO - Output:
[2025-12-17T10:09:50.561+0000] {subprocess.py:93} INFO - /usr/bin/bash: line 1: dbt: command not found
[2025-12-17T10:09:50.562+0000] {subprocess.py:97} INFO - Command exited with return code 127
[2025-12-17T10:09:50.563+0000] {taskinstance.py:441} INFO - ::group::Post task execution logs
[2025-12-17T10:09:50.576+0000] {taskinstance.py:2890} ERROR - Task failed with exception
Traceback (most recent call last):
  File "/home/airflow/.local/lib/python3.12/site-packages/airflow/models/taskinstance.py", line 460, in _execute_task
    result = _execute_callable(context=context, **execute_callable_kwargs)
             ^^^^^^^^^^^^^^^^^^^^^^^^^^^^^^^^^^^^^^^^^^^^^^^^^^^^^^^^^^^^^
  File "/home/airflow/.local/lib/python3.12/site-packages/airflow/models/taskinstance.py", line 432, in _execute_callable
    return execute_callable(context=context, **execute_callable_kwargs)
           ^^^^^^^^^^^^^^^^^^^^^^^^^^^^^^^^^^^^^^^^^^^^^^^^^^^^^^^^^^^^
  File "/home/airflow/.local/lib/python3.12/site-packages/airflow/models/baseoperator.py", line 400, in wrapper
    return func(self, *args, **kwargs)
           ^^^^^^^^^^^^^^^^^^^^^^^^^^^
  File "/home/airflow/.local/lib/python3.12/site-packages/airflow/operators/bash.py", line 243, in execute
    raise AirflowException(
airflow.exceptions.AirflowException: Bash command failed. The command returned a non-zero exit code 127.
[2025-12-17T10:09:50.581+0000] {taskinstance.py:1205} INFO - Marking task as UP_FOR_RETRY. dag_id=mfg_raw_ingestion_dag, task_id=dbt_run_all, execution_date=20251216T050000, start_date=20251217T100950, end_date=20251217T100950
[2025-12-17T10:09:50.594+0000] {standard_task_runner.py:110} ERROR - Failed to execute job 21 for task dbt_run_all (Bash command failed. The command returned a non-zero exit code 127.; 2204)
[2025-12-17T10:09:50.618+0000] {local_task_job_runner.py:240} INFO - Task exited with return code 1
[2025-12-17T10:09:50.642+0000] {taskinstance.py:3482} INFO - 0 downstream tasks scheduled from follow-on schedule check
[2025-12-17T10:09:50.647+0000] {local_task_job_runner.py:222} INFO - ::endgroup::
[2025-12-17T10:28:44.635+0000] {local_task_job_runner.py:120} INFO - ::group::Pre task execution logs
[2025-12-17T10:28:44.685+0000] {taskinstance.py:2073} INFO - Dependencies all met for dep_context=non-requeueable deps ti=<TaskInstance: mfg_raw_ingestion_dag.dbt_run_all scheduled__2025-12-16T05:00:00+00:00 [queued]>
[2025-12-17T10:28:44.701+0000] {taskinstance.py:2073} INFO - Dependencies all met for dep_context=requeueable deps ti=<TaskInstance: mfg_raw_ingestion_dag.dbt_run_all scheduled__2025-12-16T05:00:00+00:00 [queued]>
[2025-12-17T10:28:44.702+0000] {taskinstance.py:2303} INFO - Starting attempt 1 of 3
[2025-12-17T10:28:44.719+0000] {taskinstance.py:2327} INFO - Executing <Task(BashOperator): dbt_run_all> on 2025-12-16 05:00:00+00:00
[2025-12-17T10:28:44.729+0000] {standard_task_runner.py:90} INFO - Running: ['***', 'tasks', 'run', 'mfg_raw_ingestion_dag', 'dbt_run_all', 'scheduled__2025-12-16T05:00:00+00:00', '--job-id', '32', '--raw', '--subdir', 'DAGS_FOLDER/mfg_raw_ingestion_dag.py', '--cfg-path', '/tmp/tmpact6j09z']
[2025-12-17T10:28:44.732+0000] {standard_task_runner.py:91} INFO - Job 32: Subtask dbt_run_all
[2025-12-17T10:28:44.733+0000] {logging_mixin.py:188} WARNING - /home/***/.local/lib/python3.12/site-packages/***/task/task_runner/standard_task_runner.py:61 DeprecationWarning: This process (pid=337) is multi-threaded, use of fork() may lead to deadlocks in the child.
[2025-12-17T10:28:44.734+0000] {standard_task_runner.py:63} INFO - Started process 353 to run task
[2025-12-17T10:28:44.804+0000] {task_command.py:426} INFO - Running <TaskInstance: mfg_raw_ingestion_dag.dbt_run_all scheduled__2025-12-16T05:00:00+00:00 [running]> on host a197bc4252bf
[2025-12-17T10:28:44.910+0000] {taskinstance.py:2644} INFO - Exporting env vars: AIRFLOW_CTX_DAG_OWNER='data-eng' AIRFLOW_CTX_DAG_ID='mfg_raw_ingestion_dag' AIRFLOW_CTX_TASK_ID='dbt_run_all' AIRFLOW_CTX_EXECUTION_DATE='2025-12-16T05:00:00+00:00' AIRFLOW_CTX_TRY_NUMBER='1' AIRFLOW_CTX_DAG_RUN_ID='scheduled__2025-12-16T05:00:00+00:00'
[2025-12-17T10:28:44.911+0000] {taskinstance.py:430} INFO - ::endgroup::
[2025-12-17T10:28:44.929+0000] {subprocess.py:63} INFO - Tmp dir root location: /tmp
[2025-12-17T10:28:44.931+0000] {subprocess.py:75} INFO - Running command: ['/usr/bin/bash', '-c', 'cd /opt/***/dbt_project && dbt run --profiles-dir /opt/***/dbt_profiles']
[2025-12-17T10:28:44.943+0000] {subprocess.py:86} INFO - Output:
[2025-12-17T10:28:46.949+0000] {subprocess.py:93} INFO - Traceback (most recent call last):
[2025-12-17T10:28:46.950+0000] {subprocess.py:93} INFO -   File "/home/***/.local/bin/dbt", line 5, in <module>
[2025-12-17T10:28:46.950+0000] {subprocess.py:93} INFO -     from dbt.cli.main import cli
[2025-12-17T10:28:46.951+0000] {subprocess.py:93} INFO -   File "/home/***/.local/lib/python3.12/site-packages/dbt/cli/__init__.py", line 1, in <module>
[2025-12-17T10:28:46.951+0000] {subprocess.py:93} INFO -     from .main import cli as dbt_cli  # noqa
[2025-12-17T10:28:46.952+0000] {subprocess.py:93} INFO -     ^^^^^^^^^^^^^^^^^^^^^^^^^^^^^^^^
[2025-12-17T10:28:46.953+0000] {subprocess.py:93} INFO -   File "/home/***/.local/lib/python3.12/site-packages/dbt/cli/main.py", line 14, in <module>
[2025-12-17T10:28:46.953+0000] {subprocess.py:93} INFO -     from dbt.cli import params as p
[2025-12-17T10:28:46.954+0000] {subprocess.py:93} INFO -   File "/home/***/.local/lib/python3.12/site-packages/dbt/cli/params.py", line 13, in <module>
[2025-12-17T10:28:46.955+0000] {subprocess.py:93} INFO -     from dbt.cli.options import MultiOption
[2025-12-17T10:28:46.955+0000] {subprocess.py:93} INFO -   File "/home/***/.local/lib/python3.12/site-packages/dbt/cli/options.py", line 6, in <module>
[2025-12-17T10:28:46.956+0000] {subprocess.py:93} INFO -     from click.parser import _OptionParser, _ParsingState
[2025-12-17T10:28:46.957+0000] {subprocess.py:93} INFO - ImportError: cannot import name '_OptionParser' from 'click.parser' (/home/***/.local/lib/python3.12/site-packages/click/parser.py). Did you mean: 'OptionParser'?
[2025-12-17T10:28:47.099+0000] {subprocess.py:97} INFO - Command exited with return code 1
[2025-12-17T10:28:47.100+0000] {taskinstance.py:441} INFO - ::group::Post task execution logs
[2025-12-17T10:28:47.114+0000] {taskinstance.py:2890} ERROR - Task failed with exception
Traceback (most recent call last):
  File "/home/airflow/.local/lib/python3.12/site-packages/airflow/models/taskinstance.py", line 460, in _execute_task
    result = _execute_callable(context=context, **execute_callable_kwargs)
             ^^^^^^^^^^^^^^^^^^^^^^^^^^^^^^^^^^^^^^^^^^^^^^^^^^^^^^^^^^^^^
  File "/home/airflow/.local/lib/python3.12/site-packages/airflow/models/taskinstance.py", line 432, in _execute_callable
    return execute_callable(context=context, **execute_callable_kwargs)
           ^^^^^^^^^^^^^^^^^^^^^^^^^^^^^^^^^^^^^^^^^^^^^^^^^^^^^^^^^^^^
  File "/home/airflow/.local/lib/python3.12/site-packages/airflow/models/baseoperator.py", line 400, in wrapper
    return func(self, *args, **kwargs)
           ^^^^^^^^^^^^^^^^^^^^^^^^^^^
  File "/home/airflow/.local/lib/python3.12/site-packages/airflow/operators/bash.py", line 243, in execute
    raise AirflowException(
airflow.exceptions.AirflowException: Bash command failed. The command returned a non-zero exit code 1.
[2025-12-17T10:28:47.119+0000] {taskinstance.py:1205} INFO - Marking task as UP_FOR_RETRY. dag_id=mfg_raw_ingestion_dag, task_id=dbt_run_all, execution_date=20251216T050000, start_date=20251217T102844, end_date=20251217T102847
[2025-12-17T10:28:47.134+0000] {standard_task_runner.py:110} ERROR - Failed to execute job 32 for task dbt_run_all (Bash command failed. The command returned a non-zero exit code 1.; 353)
[2025-12-17T10:28:47.158+0000] {local_task_job_runner.py:240} INFO - Task exited with return code 1
[2025-12-17T10:28:47.183+0000] {taskinstance.py:3482} INFO - 0 downstream tasks scheduled from follow-on schedule check
[2025-12-17T10:28:47.187+0000] {local_task_job_runner.py:222} INFO - ::endgroup::
[2025-12-17T10:57:56.155+0000] {local_task_job_runner.py:120} INFO - ::group::Pre task execution logs
[2025-12-17T10:57:56.201+0000] {taskinstance.py:2073} INFO - Dependencies all met for dep_context=non-requeueable deps ti=<TaskInstance: mfg_raw_ingestion_dag.dbt_run_all scheduled__2025-12-16T05:00:00+00:00 [queued]>
[2025-12-17T10:57:56.216+0000] {taskinstance.py:2073} INFO - Dependencies all met for dep_context=requeueable deps ti=<TaskInstance: mfg_raw_ingestion_dag.dbt_run_all scheduled__2025-12-16T05:00:00+00:00 [queued]>
[2025-12-17T10:57:56.217+0000] {taskinstance.py:2303} INFO - Starting attempt 1 of 3
[2025-12-17T10:57:56.235+0000] {taskinstance.py:2327} INFO - Executing <Task(BashOperator): dbt_run_all> on 2025-12-16 05:00:00+00:00
[2025-12-17T10:57:56.246+0000] {standard_task_runner.py:90} INFO - Running: ['***', 'tasks', 'run', 'mfg_raw_ingestion_dag', 'dbt_run_all', 'scheduled__2025-12-16T05:00:00+00:00', '--job-id', '6', '--raw', '--subdir', 'DAGS_FOLDER/mfg_raw_ingestion_dag.py', '--cfg-path', '/tmp/tmpodpbg9vg']
[2025-12-17T10:57:56.250+0000] {logging_mixin.py:188} WARNING - /home/***/.local/lib/python3.12/site-packages/***/task/task_runner/standard_task_runner.py:61 DeprecationWarning: This process (pid=608) is multi-threaded, use of fork() may lead to deadlocks in the child.
[2025-12-17T10:57:56.251+0000] {standard_task_runner.py:91} INFO - Job 6: Subtask dbt_run_all
[2025-12-17T10:57:56.252+0000] {standard_task_runner.py:63} INFO - Started process 609 to run task
[2025-12-17T10:57:56.326+0000] {task_command.py:426} INFO - Running <TaskInstance: mfg_raw_ingestion_dag.dbt_run_all scheduled__2025-12-16T05:00:00+00:00 [running]> on host ada33a2b5ec7
[2025-12-17T10:57:56.451+0000] {taskinstance.py:2644} INFO - Exporting env vars: AIRFLOW_CTX_DAG_OWNER='data-eng' AIRFLOW_CTX_DAG_ID='mfg_raw_ingestion_dag' AIRFLOW_CTX_TASK_ID='dbt_run_all' AIRFLOW_CTX_EXECUTION_DATE='2025-12-16T05:00:00+00:00' AIRFLOW_CTX_TRY_NUMBER='1' AIRFLOW_CTX_DAG_RUN_ID='scheduled__2025-12-16T05:00:00+00:00'
[2025-12-17T10:57:56.452+0000] {taskinstance.py:430} INFO - ::endgroup::
[2025-12-17T10:57:56.472+0000] {subprocess.py:63} INFO - Tmp dir root location: /tmp
[2025-12-17T10:57:56.474+0000] {subprocess.py:75} INFO - Running command: ['/usr/bin/bash', '-c', 'cd /opt/***/dbt_project && dbt run --profiles-dir /opt/***/dbt_profiles']
[2025-12-17T10:57:56.483+0000] {subprocess.py:86} INFO - Output:
[2025-12-17T10:57:59.098+0000] {subprocess.py:93} INFO - [0m10:57:59  Running with dbt=1.8.4
[2025-12-17T10:58:00.176+0000] {subprocess.py:93} INFO - [0m10:58:00  Registered adapter: snowflake=1.8.4
[2025-12-17T10:58:00.865+0000] {subprocess.py:93} INFO - [0m10:58:00  Found 8 models, 24 data tests, 3 sources, 459 macros
[2025-12-17T10:58:00.871+0000] {subprocess.py:93} INFO - [0m10:58:00
[2025-12-17T10:58:05.343+0000] {subprocess.py:93} INFO - [0m10:58:05  Concurrency: 4 threads (target='dev')
[2025-12-17T10:58:05.344+0000] {subprocess.py:93} INFO - [0m10:58:05
[2025-12-17T10:58:05.359+0000] {subprocess.py:93} INFO - [0m10:58:05  1 of 8 START sql view model STAGING_analytics.stg_batches ...................... [RUN]
[2025-12-17T10:58:05.361+0000] {subprocess.py:93} INFO - [0m10:58:05  2 of 8 START sql view model STAGING_analytics.stg_materials .................... [RUN]
[2025-12-17T10:58:05.362+0000] {subprocess.py:93} INFO - [0m10:58:05  3 of 8 START sql view model STAGING_analytics.stg_production_orders ............ [RUN]
[2025-12-17T10:58:07.760+0000] {subprocess.py:93} INFO - [0m10:58:07  3 of 8 OK created sql view model STAGING_analytics.stg_production_orders ....... [[32mSUCCESS 1[0m in 2.39s]
[2025-12-17T10:58:07.966+0000] {subprocess.py:93} INFO - [0m10:58:07  2 of 8 OK created sql view model STAGING_analytics.stg_materials ............... [[32mSUCCESS 1[0m in 2.60s]
[2025-12-17T10:58:07.971+0000] {subprocess.py:93} INFO - [0m10:58:07  4 of 8 START sql table model STAGING_analytics.core_materials .................. [RUN]
[2025-12-17T10:58:08.366+0000] {subprocess.py:93} INFO - [0m10:58:08  1 of 8 OK created sql view model STAGING_analytics.stg_batches ................. [[32mSUCCESS 1[0m in 3.00s]
[2025-12-17T10:58:11.158+0000] {subprocess.py:93} INFO - [0m10:58:11  4 of 8 OK created sql table model STAGING_analytics.core_materials ............. [[32mSUCCESS 1[0m in 3.18s]
[2025-12-17T10:58:11.165+0000] {subprocess.py:93} INFO - [0m10:58:11  5 of 8 START sql table model STAGING_analytics.core_batches .................... [RUN]
[2025-12-17T10:58:11.166+0000] {subprocess.py:93} INFO - [0m10:58:11  6 of 8 START sql table model STAGING_analytics.fct_production_orders ........... [RUN]
[2025-12-17T10:58:13.992+0000] {subprocess.py:93} INFO - [0m10:58:13  5 of 8 OK created sql table model STAGING_analytics.core_batches ............... [[32mSUCCESS 1[0m in 2.82s]
[2025-12-17T10:58:14.019+0000] {subprocess.py:93} INFO - [0m10:58:14  6 of 8 OK created sql table model STAGING_analytics.fct_production_orders ...... [[32mSUCCESS 1[0m in 2.85s]
[2025-12-17T10:58:14.025+0000] {subprocess.py:93} INFO - [0m10:58:14  7 of 8 START sql table model STAGING_analytics.mfg_ml_features_orders .......... [RUN]
[2025-12-17T10:58:14.026+0000] {subprocess.py:93} INFO - [0m10:58:14  8 of 8 START sql table model STAGING_analytics.mfg_plant_daily_kpis ............ [RUN]
[2025-12-17T10:58:16.721+0000] {subprocess.py:93} INFO - [0m10:58:16  8 of 8 OK created sql table model STAGING_analytics.mfg_plant_daily_kpis ....... [[32mSUCCESS 1[0m in 2.69s]
[2025-12-17T10:58:16.775+0000] {subprocess.py:93} INFO - [0m10:58:16  7 of 8 OK created sql table model STAGING_analytics.mfg_ml_features_orders ..... [[32mSUCCESS 1[0m in 2.74s]
[2025-12-17T10:58:16.787+0000] {subprocess.py:93} INFO - [0m10:58:16
[2025-12-17T10:58:16.788+0000] {subprocess.py:93} INFO - [0m10:58:16  Finished running 3 view models, 5 table models in 0 hours 0 minutes and 15.91 seconds (15.91s).
[2025-12-17T10:58:16.860+0000] {subprocess.py:93} INFO - [0m10:58:16
[2025-12-17T10:58:16.862+0000] {subprocess.py:93} INFO - [0m10:58:16  [32mCompleted successfully[0m
[2025-12-17T10:58:16.863+0000] {subprocess.py:93} INFO - [0m10:58:16
[2025-12-17T10:58:16.864+0000] {subprocess.py:93} INFO - [0m10:58:16  Done. PASS=8 WARN=0 ERROR=0 SKIP=0 TOTAL=8
[2025-12-17T10:58:17.977+0000] {subprocess.py:97} INFO - Command exited with return code 0
[2025-12-17T10:58:17.978+0000] {taskinstance.py:441} INFO - ::group::Post task execution logs
[2025-12-17T10:58:18.015+0000] {taskinstance.py:1205} INFO - Marking task as SUCCESS. dag_id=mfg_raw_ingestion_dag, task_id=dbt_run_all, execution_date=20251216T050000, start_date=20251217T105756, end_date=20251217T105818
[2025-12-17T10:58:18.053+0000] {local_task_job_runner.py:240} INFO - Task exited with return code 0
[2025-12-17T10:58:18.073+0000] {taskinstance.py:3482} INFO - 1 downstream tasks scheduled from follow-on schedule check
[2025-12-17T10:58:18.079+0000] {local_task_job_runner.py:222} INFO - ::endgroup::
[2025-12-17T12:57:07.982+0000] {local_task_job_runner.py:120} INFO - ::group::Pre task execution logs
[2025-12-17T12:57:08.057+0000] {taskinstance.py:2073} INFO - Dependencies all met for dep_context=non-requeueable deps ti=<TaskInstance: mfg_raw_ingestion_dag.dbt_run_all scheduled__2025-12-16T05:00:00+00:00 [queued]>
[2025-12-17T12:57:08.067+0000] {taskinstance.py:2073} INFO - Dependencies all met for dep_context=requeueable deps ti=<TaskInstance: mfg_raw_ingestion_dag.dbt_run_all scheduled__2025-12-16T05:00:00+00:00 [queued]>
[2025-12-17T12:57:08.068+0000] {taskinstance.py:2303} INFO - Starting attempt 1 of 3
[2025-12-17T12:57:08.084+0000] {taskinstance.py:2327} INFO - Executing <Task(BashOperator): dbt_run_all> on 2025-12-16 05:00:00+00:00
[2025-12-17T12:57:08.093+0000] {standard_task_runner.py:90} INFO - Running: ['***', 'tasks', 'run', 'mfg_raw_ingestion_dag', 'dbt_run_all', 'scheduled__2025-12-16T05:00:00+00:00', '--job-id', '4', '--raw', '--subdir', 'DAGS_FOLDER/mfg_raw_ingestion_dag.py', '--cfg-path', '/tmp/tmp6xkncq7h']
[2025-12-17T12:57:08.097+0000] {standard_task_runner.py:91} INFO - Job 4: Subtask dbt_run_all
[2025-12-17T12:57:08.097+0000] {logging_mixin.py:188} WARNING - /home/***/.local/lib/python3.12/site-packages/***/task/task_runner/standard_task_runner.py:61 DeprecationWarning: This process (pid=292) is multi-threaded, use of fork() may lead to deadlocks in the child.
[2025-12-17T12:57:08.098+0000] {standard_task_runner.py:63} INFO - Started process 293 to run task
[2025-12-17T12:57:08.169+0000] {task_command.py:426} INFO - Running <TaskInstance: mfg_raw_ingestion_dag.dbt_run_all scheduled__2025-12-16T05:00:00+00:00 [running]> on host 84fc30c39b31
[2025-12-17T12:57:08.281+0000] {taskinstance.py:2644} INFO - Exporting env vars: AIRFLOW_CTX_DAG_OWNER='data-eng' AIRFLOW_CTX_DAG_ID='mfg_raw_ingestion_dag' AIRFLOW_CTX_TASK_ID='dbt_run_all' AIRFLOW_CTX_EXECUTION_DATE='2025-12-16T05:00:00+00:00' AIRFLOW_CTX_TRY_NUMBER='1' AIRFLOW_CTX_DAG_RUN_ID='scheduled__2025-12-16T05:00:00+00:00'
[2025-12-17T12:57:08.282+0000] {taskinstance.py:430} INFO - ::endgroup::
[2025-12-17T12:57:08.300+0000] {subprocess.py:63} INFO - Tmp dir root location: /tmp
[2025-12-17T12:57:08.302+0000] {subprocess.py:75} INFO - Running command: ['/usr/bin/bash', '-c', 'cd /opt/***/dbt_project && dbt run --profiles-dir /opt/***/dbt_profiles']
[2025-12-17T12:57:08.311+0000] {subprocess.py:86} INFO - Output:
[2025-12-17T12:57:10.655+0000] {subprocess.py:93} INFO - [0m12:57:10  Running with dbt=1.8.4
[2025-12-17T12:57:11.721+0000] {subprocess.py:93} INFO - [0m12:57:11  Encountered an error:
[2025-12-17T12:57:11.722+0000] {subprocess.py:93} INFO - Runtime Error
[2025-12-17T12:57:11.723+0000] {subprocess.py:93} INFO -   Required "name" field not present in project
[2025-12-17T12:57:11.723+0000] {subprocess.py:93} INFO - 
[2025-12-17T12:57:11.724+0000] {subprocess.py:93} INFO - Error encountered in /opt/***/dbt_project/dbt_project.yml
[2025-12-17T12:57:12.623+0000] {subprocess.py:97} INFO - Command exited with return code 2
[2025-12-17T12:57:12.625+0000] {taskinstance.py:441} INFO - ::group::Post task execution logs
[2025-12-17T12:57:12.643+0000] {taskinstance.py:2890} ERROR - Task failed with exception
Traceback (most recent call last):
  File "/home/airflow/.local/lib/python3.12/site-packages/airflow/models/taskinstance.py", line 460, in _execute_task
    result = _execute_callable(context=context, **execute_callable_kwargs)
             ^^^^^^^^^^^^^^^^^^^^^^^^^^^^^^^^^^^^^^^^^^^^^^^^^^^^^^^^^^^^^
  File "/home/airflow/.local/lib/python3.12/site-packages/airflow/models/taskinstance.py", line 432, in _execute_callable
    return execute_callable(context=context, **execute_callable_kwargs)
           ^^^^^^^^^^^^^^^^^^^^^^^^^^^^^^^^^^^^^^^^^^^^^^^^^^^^^^^^^^^^
  File "/home/airflow/.local/lib/python3.12/site-packages/airflow/models/baseoperator.py", line 400, in wrapper
    return func(self, *args, **kwargs)
           ^^^^^^^^^^^^^^^^^^^^^^^^^^^
  File "/home/airflow/.local/lib/python3.12/site-packages/airflow/operators/bash.py", line 243, in execute
    raise AirflowException(
airflow.exceptions.AirflowException: Bash command failed. The command returned a non-zero exit code 2.
[2025-12-17T12:57:12.648+0000] {taskinstance.py:1205} INFO - Marking task as UP_FOR_RETRY. dag_id=mfg_raw_ingestion_dag, task_id=dbt_run_all, execution_date=20251216T050000, start_date=20251217T125708, end_date=20251217T125712
[2025-12-17T12:57:12.666+0000] {standard_task_runner.py:110} ERROR - Failed to execute job 4 for task dbt_run_all (Bash command failed. The command returned a non-zero exit code 2.; 293)
[2025-12-17T12:57:12.692+0000] {local_task_job_runner.py:240} INFO - Task exited with return code 1
[2025-12-17T12:57:12.726+0000] {taskinstance.py:3482} INFO - 0 downstream tasks scheduled from follow-on schedule check
[2025-12-17T12:57:12.730+0000] {local_task_job_runner.py:222} INFO - ::endgroup::
[2025-12-17T13:11:53.642+0000] {local_task_job_runner.py:120} INFO - ::group::Pre task execution logs
[2025-12-17T13:11:53.709+0000] {taskinstance.py:2073} INFO - Dependencies all met for dep_context=non-requeueable deps ti=<TaskInstance: mfg_raw_ingestion_dag.dbt_run_all scheduled__2025-12-16T05:00:00+00:00 [queued]>
[2025-12-17T13:11:53.721+0000] {taskinstance.py:2073} INFO - Dependencies all met for dep_context=requeueable deps ti=<TaskInstance: mfg_raw_ingestion_dag.dbt_run_all scheduled__2025-12-16T05:00:00+00:00 [queued]>
[2025-12-17T13:11:53.722+0000] {taskinstance.py:2303} INFO - Starting attempt 1 of 3
[2025-12-17T13:11:53.748+0000] {taskinstance.py:2327} INFO - Executing <Task(BashOperator): dbt_run_all> on 2025-12-16 05:00:00+00:00
[2025-12-17T13:11:53.757+0000] {standard_task_runner.py:90} INFO - Running: ['***', 'tasks', 'run', 'mfg_raw_ingestion_dag', 'dbt_run_all', 'scheduled__2025-12-16T05:00:00+00:00', '--job-id', '30', '--raw', '--subdir', 'DAGS_FOLDER/mfg_raw_ingestion_dag.py', '--cfg-path', '/tmp/tmp3d42ohtn']
[2025-12-17T13:11:53.761+0000] {standard_task_runner.py:91} INFO - Job 30: Subtask dbt_run_all
[2025-12-17T13:11:53.761+0000] {logging_mixin.py:188} WARNING - /home/***/.local/lib/python3.12/site-packages/***/task/task_runner/standard_task_runner.py:61 DeprecationWarning: This process (pid=1442) is multi-threaded, use of fork() may lead to deadlocks in the child.
[2025-12-17T13:11:53.763+0000] {standard_task_runner.py:63} INFO - Started process 1446 to run task
[2025-12-17T13:11:53.895+0000] {task_command.py:426} INFO - Running <TaskInstance: mfg_raw_ingestion_dag.dbt_run_all scheduled__2025-12-16T05:00:00+00:00 [running]> on host 84fc30c39b31
[2025-12-17T13:11:54.045+0000] {taskinstance.py:2644} INFO - Exporting env vars: AIRFLOW_CTX_DAG_OWNER='data-eng' AIRFLOW_CTX_DAG_ID='mfg_raw_ingestion_dag' AIRFLOW_CTX_TASK_ID='dbt_run_all' AIRFLOW_CTX_EXECUTION_DATE='2025-12-16T05:00:00+00:00' AIRFLOW_CTX_TRY_NUMBER='1' AIRFLOW_CTX_DAG_RUN_ID='scheduled__2025-12-16T05:00:00+00:00'
[2025-12-17T13:11:54.046+0000] {taskinstance.py:430} INFO - ::endgroup::
[2025-12-17T13:11:54.065+0000] {subprocess.py:63} INFO - Tmp dir root location: /tmp
[2025-12-17T13:11:54.066+0000] {subprocess.py:75} INFO - Running command: ['/usr/bin/bash', '-c', 'cd /opt/***/dbt_project && dbt run --profiles-dir /opt/***/dbt_profiles']
[2025-12-17T13:11:54.076+0000] {subprocess.py:86} INFO - Output:
[2025-12-17T13:11:56.386+0000] {subprocess.py:93} INFO - [0m13:11:56  Running with dbt=1.8.4
[2025-12-17T13:11:57.486+0000] {subprocess.py:93} INFO - [0m13:11:57  Registered adapter: snowflake=1.8.4
[2025-12-17T13:11:58.180+0000] {subprocess.py:93} INFO - [0m13:11:58  Found 8 models, 24 data tests, 3 sources, 459 macros
[2025-12-17T13:11:58.185+0000] {subprocess.py:93} INFO - [0m13:11:58
[2025-12-17T13:12:02.101+0000] {subprocess.py:93} INFO - [0m13:12:02  Concurrency: 4 threads (target='dev')
[2025-12-17T13:12:02.103+0000] {subprocess.py:93} INFO - [0m13:12:02
[2025-12-17T13:12:02.123+0000] {subprocess.py:93} INFO - [0m13:12:02  1 of 8 START sql view model CORE_STAGING.stg_batches ........................... [RUN]
[2025-12-17T13:12:02.125+0000] {subprocess.py:93} INFO - [0m13:12:02  2 of 8 START sql view model CORE_STAGING.stg_materials ......................... [RUN]
[2025-12-17T13:12:02.129+0000] {subprocess.py:93} INFO - [0m13:12:02  3 of 8 START sql view model CORE_STAGING.stg_production_orders ................. [RUN]
[2025-12-17T13:12:04.132+0000] {subprocess.py:93} INFO - [0m13:12:04  1 of 8 OK created sql view model CORE_STAGING.stg_batches ...................... [[32mSUCCESS 1[0m in 2.00s]
[2025-12-17T13:12:04.140+0000] {subprocess.py:93} INFO - [0m13:12:04  2 of 8 OK created sql view model CORE_STAGING.stg_materials .................... [[32mSUCCESS 1[0m in 2.00s]
[2025-12-17T13:12:04.147+0000] {subprocess.py:93} INFO - [0m13:12:04  3 of 8 OK created sql view model CORE_STAGING.stg_production_orders ............ [[32mSUCCESS 1[0m in 2.01s]
[2025-12-17T13:12:04.149+0000] {subprocess.py:93} INFO - [0m13:12:04  4 of 8 START sql table model CORE_CORE.core_materials .......................... [RUN]
[2025-12-17T13:12:07.953+0000] {subprocess.py:93} INFO - [0m13:12:07  4 of 8 OK created sql table model CORE_CORE.core_materials ..................... [[32mSUCCESS 1[0m in 3.80s]
[2025-12-17T13:12:07.960+0000] {subprocess.py:93} INFO - [0m13:12:07  5 of 8 START sql table model CORE_CORE.core_batches ............................ [RUN]
[2025-12-17T13:12:07.961+0000] {subprocess.py:93} INFO - [0m13:12:07  6 of 8 START sql table model CORE_CORE.fct_production_orders ................... [RUN]
[2025-12-17T13:12:10.638+0000] {subprocess.py:93} INFO - [0m13:12:10  5 of 8 OK created sql table model CORE_CORE.core_batches ....................... [[32mSUCCESS 1[0m in 2.67s]
[2025-12-17T13:12:11.143+0000] {subprocess.py:93} INFO - [0m13:12:11  6 of 8 OK created sql table model CORE_CORE.fct_production_orders .............. [[32mSUCCESS 1[0m in 3.17s]
[2025-12-17T13:12:11.159+0000] {subprocess.py:93} INFO - [0m13:12:11  7 of 8 START sql table model CORE_MARTS.mfg_ml_features_orders ................. [RUN]
[2025-12-17T13:12:11.162+0000] {subprocess.py:93} INFO - [0m13:12:11  8 of 8 START sql table model CORE_MARTS.mfg_plant_daily_kpis ................... [RUN]
[2025-12-17T13:12:13.611+0000] {subprocess.py:93} INFO - [0m13:12:13  8 of 8 OK created sql table model CORE_MARTS.mfg_plant_daily_kpis .............. [[32mSUCCESS 1[0m in 2.44s]
[2025-12-17T13:12:13.684+0000] {subprocess.py:93} INFO - [0m13:12:13  7 of 8 OK created sql table model CORE_MARTS.mfg_ml_features_orders ............ [[32mSUCCESS 1[0m in 2.52s]
[2025-12-17T13:12:13.699+0000] {subprocess.py:93} INFO - [0m13:12:13
[2025-12-17T13:12:13.701+0000] {subprocess.py:93} INFO - [0m13:12:13  Finished running 3 view models, 5 table models in 0 hours 0 minutes and 15.51 seconds (15.51s).
[2025-12-17T13:12:13.848+0000] {subprocess.py:93} INFO - [0m13:12:13
[2025-12-17T13:12:13.850+0000] {subprocess.py:93} INFO - [0m13:12:13  [32mCompleted successfully[0m
[2025-12-17T13:12:13.853+0000] {subprocess.py:93} INFO - [0m13:12:13
[2025-12-17T13:12:13.856+0000] {subprocess.py:93} INFO - [0m13:12:13  Done. PASS=8 WARN=0 ERROR=0 SKIP=0 TOTAL=8
[2025-12-17T13:12:15.044+0000] {subprocess.py:97} INFO - Command exited with return code 0
[2025-12-17T13:12:15.045+0000] {taskinstance.py:441} INFO - ::group::Post task execution logs
[2025-12-17T13:12:15.086+0000] {taskinstance.py:1205} INFO - Marking task as SUCCESS. dag_id=mfg_raw_ingestion_dag, task_id=dbt_run_all, execution_date=20251216T050000, start_date=20251217T131153, end_date=20251217T131215
[2025-12-17T13:12:15.133+0000] {local_task_job_runner.py:240} INFO - Task exited with return code 0
[2025-12-17T13:12:15.159+0000] {taskinstance.py:3482} INFO - 1 downstream tasks scheduled from follow-on schedule check
[2025-12-17T13:12:15.163+0000] {local_task_job_runner.py:222} INFO - ::endgroup::
[2025-12-17T13:45:28.623+0000] {local_task_job_runner.py:120} INFO - ::group::Pre task execution logs
[2025-12-17T13:45:28.674+0000] {taskinstance.py:2073} INFO - Dependencies all met for dep_context=non-requeueable deps ti=<TaskInstance: mfg_raw_ingestion_dag.dbt_run_all scheduled__2025-12-16T05:00:00+00:00 [queued]>
[2025-12-17T13:45:28.686+0000] {taskinstance.py:2073} INFO - Dependencies all met for dep_context=requeueable deps ti=<TaskInstance: mfg_raw_ingestion_dag.dbt_run_all scheduled__2025-12-16T05:00:00+00:00 [queued]>
[2025-12-17T13:45:28.687+0000] {taskinstance.py:2303} INFO - Starting attempt 1 of 3
[2025-12-17T13:45:28.708+0000] {taskinstance.py:2327} INFO - Executing <Task(BashOperator): dbt_run_all> on 2025-12-16 05:00:00+00:00
[2025-12-17T13:45:28.721+0000] {standard_task_runner.py:90} INFO - Running: ['***', 'tasks', 'run', 'mfg_raw_ingestion_dag', 'dbt_run_all', 'scheduled__2025-12-16T05:00:00+00:00', '--job-id', '10', '--raw', '--subdir', 'DAGS_FOLDER/mfg_raw_ingestion_dag.py', '--cfg-path', '/tmp/tmpou3z21mk']
[2025-12-17T13:45:28.724+0000] {logging_mixin.py:188} WARNING - /home/***/.local/lib/python3.12/site-packages/***/task/task_runner/standard_task_runner.py:61 DeprecationWarning: This process (pid=339) is multi-threaded, use of fork() may lead to deadlocks in the child.
[2025-12-17T13:45:28.726+0000] {standard_task_runner.py:91} INFO - Job 10: Subtask dbt_run_all
[2025-12-17T13:45:28.726+0000] {standard_task_runner.py:63} INFO - Started process 341 to run task
[2025-12-17T13:45:28.814+0000] {task_command.py:426} INFO - Running <TaskInstance: mfg_raw_ingestion_dag.dbt_run_all scheduled__2025-12-16T05:00:00+00:00 [running]> on host 8717822a88d5
[2025-12-17T13:45:28.961+0000] {taskinstance.py:2644} INFO - Exporting env vars: AIRFLOW_CTX_DAG_OWNER='data-eng' AIRFLOW_CTX_DAG_ID='mfg_raw_ingestion_dag' AIRFLOW_CTX_TASK_ID='dbt_run_all' AIRFLOW_CTX_EXECUTION_DATE='2025-12-16T05:00:00+00:00' AIRFLOW_CTX_TRY_NUMBER='1' AIRFLOW_CTX_DAG_RUN_ID='scheduled__2025-12-16T05:00:00+00:00'
[2025-12-17T13:45:28.963+0000] {taskinstance.py:430} INFO - ::endgroup::
[2025-12-17T13:45:28.989+0000] {subprocess.py:63} INFO - Tmp dir root location: /tmp
[2025-12-17T13:45:28.991+0000] {subprocess.py:75} INFO - Running command: ['/usr/bin/bash', '-c', 'cd /opt/***/dbt_project && dbt run --profiles-dir /opt/***/dbt_profiles']
[2025-12-17T13:45:29.004+0000] {subprocess.py:86} INFO - Output:
[2025-12-17T13:45:31.783+0000] {subprocess.py:93} INFO - [0m13:45:31  Running with dbt=1.8.4
[2025-12-17T13:45:33.261+0000] {subprocess.py:93} INFO - [0m13:45:33  Registered adapter: snowflake=1.8.4
[2025-12-17T13:45:34.259+0000] {subprocess.py:93} INFO - [0m13:45:34  Found 8 models, 24 data tests, 3 sources, 460 macros
[2025-12-17T13:45:34.266+0000] {subprocess.py:93} INFO - [0m13:45:34
[2025-12-17T13:45:38.048+0000] {subprocess.py:93} INFO - [0m13:45:38  Concurrency: 4 threads (target='dev')
[2025-12-17T13:45:38.050+0000] {subprocess.py:93} INFO - [0m13:45:38
[2025-12-17T13:45:38.070+0000] {subprocess.py:93} INFO - [0m13:45:38  1 of 8 START sql view model STAGING.stg_batches ................................ [RUN]
[2025-12-17T13:45:38.072+0000] {subprocess.py:93} INFO - [0m13:45:38  2 of 8 START sql view model STAGING.stg_materials .............................. [RUN]
[2025-12-17T13:45:38.074+0000] {subprocess.py:93} INFO - [0m13:45:38  3 of 8 START sql view model STAGING.stg_production_orders ...................... [RUN]
[2025-12-17T13:45:40.142+0000] {subprocess.py:93} INFO - [0m13:45:40  3 of 8 OK created sql view model STAGING.stg_production_orders ................. [[32mSUCCESS 1[0m in 2.05s]
[2025-12-17T13:45:40.195+0000] {subprocess.py:93} INFO - [0m13:45:40  2 of 8 OK created sql view model STAGING.stg_materials ......................... [[32mSUCCESS 1[0m in 2.11s]
[2025-12-17T13:45:40.207+0000] {subprocess.py:93} INFO - [0m13:45:40  4 of 8 START sql table model CORE.core_materials ............................... [RUN]
[2025-12-17T13:45:40.604+0000] {subprocess.py:93} INFO - [0m13:45:40  1 of 8 OK created sql view model STAGING.stg_batches ........................... [[32mSUCCESS 1[0m in 2.52s]
[2025-12-17T13:45:42.746+0000] {subprocess.py:93} INFO - [0m13:45:42  4 of 8 OK created sql table model CORE.core_materials .......................... [[32mSUCCESS 1[0m in 2.53s]
[2025-12-17T13:45:42.752+0000] {subprocess.py:93} INFO - [0m13:45:42  5 of 8 START sql table model CORE.core_batches ................................. [RUN]
[2025-12-17T13:45:42.753+0000] {subprocess.py:93} INFO - [0m13:45:42  6 of 8 START sql table model CORE.fct_production_orders ........................ [RUN]
[2025-12-17T13:45:45.275+0000] {subprocess.py:93} INFO - [0m13:45:45  5 of 8 OK created sql table model CORE.core_batches ............................ [[32mSUCCESS 1[0m in 2.52s]
[2025-12-17T13:45:46.114+0000] {subprocess.py:93} INFO - [0m13:45:46  6 of 8 OK created sql table model CORE.fct_production_orders ................... [[32mSUCCESS 1[0m in 3.35s]
[2025-12-17T13:45:46.124+0000] {subprocess.py:93} INFO - [0m13:45:46  7 of 8 START sql table model MARTS.mfg_ml_features_orders ...................... [RUN]
[2025-12-17T13:45:46.126+0000] {subprocess.py:93} INFO - [0m13:45:46  8 of 8 START sql table model MARTS.mfg_plant_daily_kpis ........................ [RUN]
[2025-12-17T13:45:48.867+0000] {subprocess.py:93} INFO - [0m13:45:48  8 of 8 OK created sql table model MARTS.mfg_plant_daily_kpis ................... [[32mSUCCESS 1[0m in 2.73s]
[2025-12-17T13:45:49.045+0000] {subprocess.py:93} INFO - [0m13:45:49  7 of 8 OK created sql table model MARTS.mfg_ml_features_orders ................. [[32mSUCCESS 1[0m in 2.91s]
[2025-12-17T13:45:49.060+0000] {subprocess.py:93} INFO - [0m13:45:49
[2025-12-17T13:45:49.062+0000] {subprocess.py:93} INFO - [0m13:45:49  Finished running 3 view models, 5 table models in 0 hours 0 minutes and 14.79 seconds (14.79s).
[2025-12-17T13:45:49.160+0000] {subprocess.py:93} INFO - [0m13:45:49
[2025-12-17T13:45:49.162+0000] {subprocess.py:93} INFO - [0m13:45:49  [32mCompleted successfully[0m
[2025-12-17T13:45:49.165+0000] {subprocess.py:93} INFO - [0m13:45:49
[2025-12-17T13:45:49.167+0000] {subprocess.py:93} INFO - [0m13:45:49  Done. PASS=8 WARN=0 ERROR=0 SKIP=0 TOTAL=8
[2025-12-17T13:45:50.363+0000] {subprocess.py:97} INFO - Command exited with return code 0
[2025-12-17T13:45:50.364+0000] {taskinstance.py:441} INFO - ::group::Post task execution logs
[2025-12-17T13:45:50.413+0000] {taskinstance.py:1205} INFO - Marking task as SUCCESS. dag_id=mfg_raw_ingestion_dag, task_id=dbt_run_all, execution_date=20251216T050000, start_date=20251217T134528, end_date=20251217T134550
[2025-12-17T13:45:50.475+0000] {local_task_job_runner.py:240} INFO - Task exited with return code 0
[2025-12-17T13:45:50.508+0000] {taskinstance.py:3482} INFO - 1 downstream tasks scheduled from follow-on schedule check
[2025-12-17T13:45:50.513+0000] {local_task_job_runner.py:222} INFO - ::endgroup::
