[2025-12-13T16:52:06.844+0000] {local_task_job_runner.py:120} INFO - ::group::Pre task execution logs
[2025-12-13T16:52:06.874+0000] {taskinstance.py:2073} INFO - Dependencies all met for dep_context=non-requeueable deps ti=<TaskInstance: mfg_data_quality_monitoring_dag.dq_check_rowcounts_by_date manual__2025-12-13T16:48:53.749615+00:00 [queued]>
[2025-12-13T16:52:06.881+0000] {taskinstance.py:2073} INFO - Dependencies all met for dep_context=requeueable deps ti=<TaskInstance: mfg_data_quality_monitoring_dag.dq_check_rowcounts_by_date manual__2025-12-13T16:48:53.749615+00:00 [queued]>
[2025-12-13T16:52:06.882+0000] {taskinstance.py:2303} INFO - Starting attempt 2 of 2
[2025-12-13T16:52:06.896+0000] {taskinstance.py:2327} INFO - Executing <Task(PythonOperator): dq_check_rowcounts_by_date> on 2025-12-13 16:48:53.749615+00:00
[2025-12-13T16:52:06.907+0000] {standard_task_runner.py:90} INFO - Running: ['***', 'tasks', 'run', 'mfg_data_quality_monitoring_dag', 'dq_check_rowcounts_by_date', 'manual__2025-12-13T16:48:53.749615+00:00', '--job-id', '32', '--raw', '--subdir', 'DAGS_FOLDER/mfg_data_quality_monitoring_dag.py', '--cfg-path', '/tmp/tmp9avm8v3_']
[2025-12-13T16:52:06.911+0000] {logging_mixin.py:188} WARNING - /home/***/.local/lib/python3.12/site-packages/***/task/task_runner/standard_task_runner.py:61 DeprecationWarning: This process (pid=7374) is multi-threaded, use of fork() may lead to deadlocks in the child.
[2025-12-13T16:52:06.912+0000] {standard_task_runner.py:91} INFO - Job 32: Subtask dq_check_rowcounts_by_date
[2025-12-13T16:52:06.912+0000] {standard_task_runner.py:63} INFO - Started process 7377 to run task
[2025-12-13T16:52:06.976+0000] {task_command.py:426} INFO - Running <TaskInstance: mfg_data_quality_monitoring_dag.dq_check_rowcounts_by_date manual__2025-12-13T16:48:53.749615+00:00 [running]> on host 2836efb3fb45
[2025-12-13T16:52:07.079+0000] {taskinstance.py:2644} INFO - Exporting env vars: AIRFLOW_CTX_DAG_OWNER='data-platform' AIRFLOW_CTX_DAG_ID='mfg_data_quality_monitoring_dag' AIRFLOW_CTX_TASK_ID='dq_check_rowcounts_by_date' AIRFLOW_CTX_EXECUTION_DATE='2025-12-13T16:48:53.749615+00:00' AIRFLOW_CTX_TRY_NUMBER='2' AIRFLOW_CTX_DAG_RUN_ID='manual__2025-12-13T16:48:53.749615+00:00'
[2025-12-13T16:52:07.081+0000] {taskinstance.py:430} INFO - ::endgroup::
[2025-12-13T16:52:07.097+0000] {connection.py:521} INFO - Snowflake Connector for Python Version: 3.18.0, Python Version: 3.12.2, Platform: Linux-6.6.87.2-microsoft-standard-WSL2-x86_64-with-glibc2.36
[2025-12-13T16:52:07.099+0000] {connection.py:1464} INFO - Connecting to GLOBAL Snowflake domain
[2025-12-13T16:52:09.939+0000] {taskinstance.py:441} INFO - ::group::Post task execution logs
[2025-12-13T16:52:09.941+0000] {taskinstance.py:2890} ERROR - Task failed with exception
Traceback (most recent call last):
  File "/home/airflow/.local/lib/python3.12/site-packages/airflow/models/taskinstance.py", line 460, in _execute_task
    result = _execute_callable(context=context, **execute_callable_kwargs)
             ^^^^^^^^^^^^^^^^^^^^^^^^^^^^^^^^^^^^^^^^^^^^^^^^^^^^^^^^^^^^^
  File "/home/airflow/.local/lib/python3.12/site-packages/airflow/models/taskinstance.py", line 432, in _execute_callable
    return execute_callable(context=context, **execute_callable_kwargs)
           ^^^^^^^^^^^^^^^^^^^^^^^^^^^^^^^^^^^^^^^^^^^^^^^^^^^^^^^^^^^^
  File "/home/airflow/.local/lib/python3.12/site-packages/airflow/models/baseoperator.py", line 400, in wrapper
    return func(self, *args, **kwargs)
           ^^^^^^^^^^^^^^^^^^^^^^^^^^^
  File "/home/airflow/.local/lib/python3.12/site-packages/airflow/operators/python.py", line 235, in execute
    return_value = self.execute_callable()
                   ^^^^^^^^^^^^^^^^^^^^^^^
  File "/home/airflow/.local/lib/python3.12/site-packages/airflow/operators/python.py", line 252, in execute_callable
    return self.python_callable(*self.op_args, **self.op_kwargs)
           ^^^^^^^^^^^^^^^^^^^^^^^^^^^^^^^^^^^^^^^^^^^^^^^^^^^^^
  File "/opt/airflow/dags/mfg_data_quality_monitoring_dag.py", line 123, in dq_check_rowcounts_by_date
    cur.execute(
  File "/home/airflow/.local/lib/python3.12/site-packages/snowflake/connector/cursor.py", line 1134, in execute
    Error.errorhandler_wrapper(self.connection, self, error_class, errvalue)
  File "/home/airflow/.local/lib/python3.12/site-packages/snowflake/connector/errors.py", line 286, in errorhandler_wrapper
    handed_over = Error.hand_to_other_handler(
                  ^^^^^^^^^^^^^^^^^^^^^^^^^^^^
  File "/home/airflow/.local/lib/python3.12/site-packages/snowflake/connector/errors.py", line 341, in hand_to_other_handler
    cursor.errorhandler(connection, cursor, error_class, error_value)
  File "/home/airflow/.local/lib/python3.12/site-packages/snowflake/connector/errors.py", line 217, in default_errorhandler
    raise error_class(
snowflake.connector.errors.ProgrammingError: 000904 (42000): 01c106d4-0107-46ad-0013-40ff0013d132: SQL compilation error: error line 8 at position 21
invalid identifier 'CALENDAR_DATE'
[2025-12-13T16:52:09.953+0000] {taskinstance.py:1205} INFO - Marking task as FAILED. dag_id=mfg_data_quality_monitoring_dag, task_id=dq_check_rowcounts_by_date, execution_date=20251213T164853, start_date=20251213T165206, end_date=20251213T165209
[2025-12-13T16:52:09.967+0000] {standard_task_runner.py:110} ERROR - Failed to execute job 32 for task dq_check_rowcounts_by_date (000904 (42000): 01c106d4-0107-46ad-0013-40ff0013d132: SQL compilation error: error line 8 at position 21
invalid identifier 'CALENDAR_DATE'; 7377)
[2025-12-13T16:52:09.991+0000] {local_task_job_runner.py:240} INFO - Task exited with return code 1
[2025-12-13T16:52:10.012+0000] {taskinstance.py:3482} INFO - 0 downstream tasks scheduled from follow-on schedule check
[2025-12-13T16:52:10.019+0000] {local_task_job_runner.py:222} INFO - ::endgroup::
