[2025-12-13T17:01:47.589+0000] {local_task_job_runner.py:120} INFO - ::group::Pre task execution logs
[2025-12-13T17:01:47.631+0000] {taskinstance.py:2073} INFO - Dependencies all met for dep_context=non-requeueable deps ti=<TaskInstance: mfg_data_quality_monitoring_dag.dq_check_rowcounts_by_date scheduled__2025-12-12T06:00:00+00:00 [queued]>
[2025-12-13T17:01:47.641+0000] {taskinstance.py:2073} INFO - Dependencies all met for dep_context=requeueable deps ti=<TaskInstance: mfg_data_quality_monitoring_dag.dq_check_rowcounts_by_date scheduled__2025-12-12T06:00:00+00:00 [queued]>
[2025-12-13T17:01:47.642+0000] {taskinstance.py:2303} INFO - Starting attempt 1 of 2
[2025-12-13T17:01:47.658+0000] {taskinstance.py:2327} INFO - Executing <Task(PythonOperator): dq_check_rowcounts_by_date> on 2025-12-12 06:00:00+00:00
[2025-12-13T17:01:47.673+0000] {logging_mixin.py:188} WARNING - /home/***/.local/lib/python3.12/site-packages/***/task/task_runner/standard_task_runner.py:61 DeprecationWarning: This process (pid=7822) is multi-threaded, use of fork() may lead to deadlocks in the child.
[2025-12-13T17:01:47.675+0000] {standard_task_runner.py:63} INFO - Started process 7827 to run task
[2025-12-13T17:01:47.673+0000] {standard_task_runner.py:90} INFO - Running: ['***', 'tasks', 'run', 'mfg_data_quality_monitoring_dag', 'dq_check_rowcounts_by_date', 'scheduled__2025-12-12T06:00:00+00:00', '--job-id', '35', '--raw', '--subdir', 'DAGS_FOLDER/mfg_data_quality_monitoring_dag.py', '--cfg-path', '/tmp/tmp6612bo3f']
[2025-12-13T17:01:47.678+0000] {standard_task_runner.py:91} INFO - Job 35: Subtask dq_check_rowcounts_by_date
[2025-12-13T17:01:47.753+0000] {task_command.py:426} INFO - Running <TaskInstance: mfg_data_quality_monitoring_dag.dq_check_rowcounts_by_date scheduled__2025-12-12T06:00:00+00:00 [running]> on host 2836efb3fb45
[2025-12-13T17:01:47.875+0000] {taskinstance.py:2644} INFO - Exporting env vars: AIRFLOW_CTX_DAG_OWNER='data-platform' AIRFLOW_CTX_DAG_ID='mfg_data_quality_monitoring_dag' AIRFLOW_CTX_TASK_ID='dq_check_rowcounts_by_date' AIRFLOW_CTX_EXECUTION_DATE='2025-12-12T06:00:00+00:00' AIRFLOW_CTX_TRY_NUMBER='1' AIRFLOW_CTX_DAG_RUN_ID='scheduled__2025-12-12T06:00:00+00:00'
[2025-12-13T17:01:47.876+0000] {taskinstance.py:430} INFO - ::endgroup::
[2025-12-13T17:01:47.894+0000] {connection.py:521} INFO - Snowflake Connector for Python Version: 3.18.0, Python Version: 3.12.2, Platform: Linux-6.6.87.2-microsoft-standard-WSL2-x86_64-with-glibc2.36
[2025-12-13T17:01:47.896+0000] {connection.py:1464} INFO - Connecting to GLOBAL Snowflake domain
[2025-12-13T17:01:51.742+0000] {taskinstance.py:441} INFO - ::group::Post task execution logs
[2025-12-13T17:01:51.744+0000] {taskinstance.py:2890} ERROR - Task failed with exception
Traceback (most recent call last):
  File "/home/airflow/.local/lib/python3.12/site-packages/airflow/models/taskinstance.py", line 460, in _execute_task
    result = _execute_callable(context=context, **execute_callable_kwargs)
             ^^^^^^^^^^^^^^^^^^^^^^^^^^^^^^^^^^^^^^^^^^^^^^^^^^^^^^^^^^^^^
  File "/home/airflow/.local/lib/python3.12/site-packages/airflow/models/taskinstance.py", line 432, in _execute_callable
    return execute_callable(context=context, **execute_callable_kwargs)
           ^^^^^^^^^^^^^^^^^^^^^^^^^^^^^^^^^^^^^^^^^^^^^^^^^^^^^^^^^^^^
  File "/home/airflow/.local/lib/python3.12/site-packages/airflow/models/baseoperator.py", line 400, in wrapper
    return func(self, *args, **kwargs)
           ^^^^^^^^^^^^^^^^^^^^^^^^^^^
  File "/home/airflow/.local/lib/python3.12/site-packages/airflow/operators/python.py", line 235, in execute
    return_value = self.execute_callable()
                   ^^^^^^^^^^^^^^^^^^^^^^^
  File "/home/airflow/.local/lib/python3.12/site-packages/airflow/operators/python.py", line 252, in execute_callable
    return self.python_callable(*self.op_args, **self.op_kwargs)
           ^^^^^^^^^^^^^^^^^^^^^^^^^^^^^^^^^^^^^^^^^^^^^^^^^^^^^
  File "/opt/airflow/dags/mfg_data_quality_monitoring_dag.py", line 157, in dq_check_rowcounts_by_date
    raise AirflowFailException(
airflow.exceptions.AirflowFailException: Partition-level rowcount mismatch detected: [{'business_date': 'None', 'raw_count': 2120, 'core_count': 0, 'diff': 2120}]
[2025-12-13T17:01:51.755+0000] {taskinstance.py:1205} INFO - Immediate failure requested. Marking task as FAILED. dag_id=mfg_data_quality_monitoring_dag, task_id=dq_check_rowcounts_by_date, execution_date=20251212T060000, start_date=20251213T170147, end_date=20251213T170151
[2025-12-13T17:01:51.767+0000] {standard_task_runner.py:110} ERROR - Failed to execute job 35 for task dq_check_rowcounts_by_date (Partition-level rowcount mismatch detected: [{'business_date': 'None', 'raw_count': 2120, 'core_count': 0, 'diff': 2120}]; 7827)
[2025-12-13T17:01:51.808+0000] {local_task_job_runner.py:240} INFO - Task exited with return code 1
[2025-12-13T17:01:51.827+0000] {taskinstance.py:3482} INFO - 0 downstream tasks scheduled from follow-on schedule check
[2025-12-13T17:01:51.835+0000] {local_task_job_runner.py:222} INFO - ::endgroup::
