[2025-12-10T23:20:29.076+0000] {local_task_job_runner.py:120} INFO - ::group::Pre task execution logs
[2025-12-10T23:20:29.109+0000] {taskinstance.py:2073} INFO - Dependencies all met for dep_context=non-requeueable deps ti=<TaskInstance: mfg_accelerator_pipeline.ingest_raw_to_snowflake manual__2025-12-10T23:15:23.495839+00:00 [queued]>
[2025-12-10T23:20:29.118+0000] {taskinstance.py:2073} INFO - Dependencies all met for dep_context=requeueable deps ti=<TaskInstance: mfg_accelerator_pipeline.ingest_raw_to_snowflake manual__2025-12-10T23:15:23.495839+00:00 [queued]>
[2025-12-10T23:20:29.119+0000] {taskinstance.py:2303} INFO - Starting attempt 2 of 2
[2025-12-10T23:20:29.134+0000] {taskinstance.py:2327} INFO - Executing <Task(BashOperator): ingest_raw_to_snowflake> on 2025-12-10 23:15:23.495839+00:00
[2025-12-10T23:20:29.143+0000] {standard_task_runner.py:90} INFO - Running: ['***', 'tasks', 'run', 'mfg_accelerator_pipeline', 'ingest_raw_to_snowflake', 'manual__2025-12-10T23:15:23.495839+00:00', '--job-id', '3', '--raw', '--subdir', 'DAGS_FOLDER/mfg_pipeline.py', '--cfg-path', '/tmp/tmp43uoe5hp']
[2025-12-10T23:20:29.147+0000] {standard_task_runner.py:91} INFO - Job 3: Subtask ingest_raw_to_snowflake
[2025-12-10T23:20:29.147+0000] {logging_mixin.py:188} WARNING - /home/***/.local/lib/python3.12/site-packages/***/task/task_runner/standard_task_runner.py:61 DeprecationWarning: This process (pid=300) is multi-threaded, use of fork() may lead to deadlocks in the child.
[2025-12-10T23:20:29.148+0000] {standard_task_runner.py:63} INFO - Started process 301 to run task
[2025-12-10T23:20:29.203+0000] {task_command.py:426} INFO - Running <TaskInstance: mfg_accelerator_pipeline.ingest_raw_to_snowflake manual__2025-12-10T23:15:23.495839+00:00 [running]> on host 728b32900c1f
[2025-12-10T23:20:29.291+0000] {taskinstance.py:2644} INFO - Exporting env vars: AIRFLOW_CTX_DAG_OWNER='data_engineer' AIRFLOW_CTX_DAG_ID='mfg_accelerator_pipeline' AIRFLOW_CTX_TASK_ID='ingest_raw_to_snowflake' AIRFLOW_CTX_EXECUTION_DATE='2025-12-10T23:15:23.495839+00:00' AIRFLOW_CTX_TRY_NUMBER='2' AIRFLOW_CTX_DAG_RUN_ID='manual__2025-12-10T23:15:23.495839+00:00'
[2025-12-10T23:20:29.292+0000] {taskinstance.py:430} INFO - ::endgroup::
[2025-12-10T23:20:29.308+0000] {subprocess.py:63} INFO - Tmp dir root location: /tmp
[2025-12-10T23:20:29.310+0000] {subprocess.py:75} INFO - Running command: ['/usr/bin/bash', '-c', 'python /opt/***/ingestion/python/load_raw_to_snowflake.py']
[2025-12-10T23:20:29.319+0000] {subprocess.py:86} INFO - Output:
[2025-12-10T23:20:31.157+0000] {subprocess.py:93} INFO - [INFO] Environment variables loaded from .env
[2025-12-10T23:20:31.158+0000] {subprocess.py:93} INFO - [ERROR] Missing required Snowflake environment variables:
[2025-12-10T23:20:31.158+0000] {subprocess.py:93} INFO -   - SNOWFLAKE_ACCOUNT
[2025-12-10T23:20:31.159+0000] {subprocess.py:93} INFO -   - SNOWFLAKE_USER
[2025-12-10T23:20:31.159+0000] {subprocess.py:93} INFO -   - SNOWFLAKE_PASSWORD
[2025-12-10T23:20:31.160+0000] {subprocess.py:93} INFO -   - SNOWFLAKE_ROLE
[2025-12-10T23:20:31.160+0000] {subprocess.py:93} INFO -   - SNOWFLAKE_WAREHOUSE
[2025-12-10T23:20:31.161+0000] {subprocess.py:93} INFO -   - SNOWFLAKE_DATABASE
[2025-12-10T23:20:31.161+0000] {subprocess.py:93} INFO -   - SNOWFLAKE_SCHEMA
[2025-12-10T23:20:31.263+0000] {subprocess.py:97} INFO - Command exited with return code 1
[2025-12-10T23:20:31.264+0000] {taskinstance.py:441} INFO - ::group::Post task execution logs
[2025-12-10T23:20:31.273+0000] {taskinstance.py:2890} ERROR - Task failed with exception
Traceback (most recent call last):
  File "/home/airflow/.local/lib/python3.12/site-packages/airflow/models/taskinstance.py", line 465, in _execute_task
    result = _execute_callable(context=context, **execute_callable_kwargs)
             ^^^^^^^^^^^^^^^^^^^^^^^^^^^^^^^^^^^^^^^^^^^^^^^^^^^^^^^^^^^^^
  File "/home/airflow/.local/lib/python3.12/site-packages/airflow/models/taskinstance.py", line 432, in _execute_callable
    return execute_callable(context=context, **execute_callable_kwargs)
           ^^^^^^^^^^^^^^^^^^^^^^^^^^^^^^^^^^^^^^^^^^^^^^^^^^^^^^^^^^^^
  File "/home/airflow/.local/lib/python3.12/site-packages/airflow/models/baseoperator.py", line 400, in wrapper
    return func(self, *args, **kwargs)
           ^^^^^^^^^^^^^^^^^^^^^^^^^^^
  File "/home/airflow/.local/lib/python3.12/site-packages/airflow/operators/bash.py", line 243, in execute
    raise AirflowException(
airflow.exceptions.AirflowException: Bash command failed. The command returned a non-zero exit code 1.
[2025-12-10T23:20:31.278+0000] {taskinstance.py:1205} INFO - Marking task as FAILED. dag_id=mfg_accelerator_pipeline, task_id=ingest_raw_to_snowflake, execution_date=20251210T231523, start_date=20251210T232029, end_date=20251210T232031
[2025-12-10T23:20:31.293+0000] {standard_task_runner.py:110} ERROR - Failed to execute job 3 for task ingest_raw_to_snowflake (Bash command failed. The command returned a non-zero exit code 1.; 301)
[2025-12-10T23:20:31.331+0000] {local_task_job_runner.py:240} INFO - Task exited with return code 1
[2025-12-10T23:20:31.352+0000] {taskinstance.py:3482} INFO - 0 downstream tasks scheduled from follow-on schedule check
[2025-12-10T23:20:31.359+0000] {local_task_job_runner.py:222} INFO - ::endgroup::
