[2025-12-17T10:17:54.794+0000] {local_task_job_runner.py:120} INFO - ::group::Pre task execution logs
[2025-12-17T10:17:54.841+0000] {taskinstance.py:2073} INFO - Dependencies all met for dep_context=non-requeueable deps ti=<TaskInstance: mfg_raw_ingestion_dag.dbt_run_all manual__2025-12-17T10:17:20.551265+00:00 [queued]>
[2025-12-17T10:17:54.849+0000] {taskinstance.py:2073} INFO - Dependencies all met for dep_context=requeueable deps ti=<TaskInstance: mfg_raw_ingestion_dag.dbt_run_all manual__2025-12-17T10:17:20.551265+00:00 [queued]>
[2025-12-17T10:17:54.850+0000] {taskinstance.py:2303} INFO - Starting attempt 1 of 3
[2025-12-17T10:17:54.868+0000] {taskinstance.py:2327} INFO - Executing <Task(BashOperator): dbt_run_all> on 2025-12-17 10:17:20.551265+00:00
[2025-12-17T10:17:54.875+0000] {standard_task_runner.py:90} INFO - Running: ['***', 'tasks', 'run', 'mfg_raw_ingestion_dag', 'dbt_run_all', 'manual__2025-12-17T10:17:20.551265+00:00', '--job-id', '26', '--raw', '--subdir', 'DAGS_FOLDER/mfg_raw_ingestion_dag.py', '--cfg-path', '/tmp/tmpz2kpjyle']
[2025-12-17T10:17:54.878+0000] {standard_task_runner.py:91} INFO - Job 26: Subtask dbt_run_all
[2025-12-17T10:17:54.878+0000] {logging_mixin.py:188} WARNING - /home/***/.local/lib/python3.12/site-packages/***/task/task_runner/standard_task_runner.py:61 DeprecationWarning: This process (pid=279) is multi-threaded, use of fork() may lead to deadlocks in the child.
[2025-12-17T10:17:54.879+0000] {standard_task_runner.py:63} INFO - Started process 280 to run task
[2025-12-17T10:17:54.942+0000] {task_command.py:426} INFO - Running <TaskInstance: mfg_raw_ingestion_dag.dbt_run_all manual__2025-12-17T10:17:20.551265+00:00 [running]> on host d97aa9fd61c4
[2025-12-17T10:17:55.041+0000] {taskinstance.py:2644} INFO - Exporting env vars: AIRFLOW_CTX_DAG_OWNER='data-eng' AIRFLOW_CTX_DAG_ID='mfg_raw_ingestion_dag' AIRFLOW_CTX_TASK_ID='dbt_run_all' AIRFLOW_CTX_EXECUTION_DATE='2025-12-17T10:17:20.551265+00:00' AIRFLOW_CTX_TRY_NUMBER='1' AIRFLOW_CTX_DAG_RUN_ID='manual__2025-12-17T10:17:20.551265+00:00'
[2025-12-17T10:17:55.042+0000] {taskinstance.py:430} INFO - ::endgroup::
[2025-12-17T10:17:55.057+0000] {subprocess.py:63} INFO - Tmp dir root location: /tmp
[2025-12-17T10:17:55.059+0000] {subprocess.py:75} INFO - Running command: ['/usr/bin/bash', '-c', 'cd /opt/***/dbt_project && dbt run --profiles-dir /opt/***/dbt_profiles']
[2025-12-17T10:17:55.066+0000] {subprocess.py:86} INFO - Output:
[2025-12-17T10:17:57.263+0000] {subprocess.py:93} INFO - Traceback (most recent call last):
[2025-12-17T10:17:57.264+0000] {subprocess.py:93} INFO -   File "/home/***/.local/bin/dbt", line 5, in <module>
[2025-12-17T10:17:57.265+0000] {subprocess.py:93} INFO -     from dbt.cli.main import cli
[2025-12-17T10:17:57.266+0000] {subprocess.py:93} INFO -   File "/home/***/.local/lib/python3.12/site-packages/dbt/cli/__init__.py", line 1, in <module>
[2025-12-17T10:17:57.266+0000] {subprocess.py:93} INFO -     from .main import cli as dbt_cli  # noqa
[2025-12-17T10:17:57.267+0000] {subprocess.py:93} INFO -     ^^^^^^^^^^^^^^^^^^^^^^^^^^^^^^^^
[2025-12-17T10:17:57.268+0000] {subprocess.py:93} INFO -   File "/home/***/.local/lib/python3.12/site-packages/dbt/cli/main.py", line 14, in <module>
[2025-12-17T10:17:57.269+0000] {subprocess.py:93} INFO -     from dbt.cli import params as p
[2025-12-17T10:17:57.269+0000] {subprocess.py:93} INFO -   File "/home/***/.local/lib/python3.12/site-packages/dbt/cli/params.py", line 13, in <module>
[2025-12-17T10:17:57.270+0000] {subprocess.py:93} INFO -     from dbt.cli.options import MultiOption
[2025-12-17T10:17:57.271+0000] {subprocess.py:93} INFO -   File "/home/***/.local/lib/python3.12/site-packages/dbt/cli/options.py", line 6, in <module>
[2025-12-17T10:17:57.272+0000] {subprocess.py:93} INFO -     from click.parser import _OptionParser, _ParsingState
[2025-12-17T10:17:57.272+0000] {subprocess.py:93} INFO - ImportError: cannot import name '_OptionParser' from 'click.parser' (/home/***/.local/lib/python3.12/site-packages/click/parser.py). Did you mean: 'OptionParser'?
[2025-12-17T10:17:57.423+0000] {subprocess.py:97} INFO - Command exited with return code 1
[2025-12-17T10:17:57.424+0000] {taskinstance.py:441} INFO - ::group::Post task execution logs
[2025-12-17T10:17:57.438+0000] {taskinstance.py:2890} ERROR - Task failed with exception
Traceback (most recent call last):
  File "/home/airflow/.local/lib/python3.12/site-packages/airflow/models/taskinstance.py", line 460, in _execute_task
    result = _execute_callable(context=context, **execute_callable_kwargs)
             ^^^^^^^^^^^^^^^^^^^^^^^^^^^^^^^^^^^^^^^^^^^^^^^^^^^^^^^^^^^^^
  File "/home/airflow/.local/lib/python3.12/site-packages/airflow/models/taskinstance.py", line 432, in _execute_callable
    return execute_callable(context=context, **execute_callable_kwargs)
           ^^^^^^^^^^^^^^^^^^^^^^^^^^^^^^^^^^^^^^^^^^^^^^^^^^^^^^^^^^^^
  File "/home/airflow/.local/lib/python3.12/site-packages/airflow/models/baseoperator.py", line 400, in wrapper
    return func(self, *args, **kwargs)
           ^^^^^^^^^^^^^^^^^^^^^^^^^^^
  File "/home/airflow/.local/lib/python3.12/site-packages/airflow/operators/bash.py", line 243, in execute
    raise AirflowException(
airflow.exceptions.AirflowException: Bash command failed. The command returned a non-zero exit code 1.
[2025-12-17T10:17:57.444+0000] {taskinstance.py:1205} INFO - Marking task as UP_FOR_RETRY. dag_id=mfg_raw_ingestion_dag, task_id=dbt_run_all, execution_date=20251217T101720, start_date=20251217T101754, end_date=20251217T101757
[2025-12-17T10:17:57.472+0000] {standard_task_runner.py:110} ERROR - Failed to execute job 26 for task dbt_run_all (Bash command failed. The command returned a non-zero exit code 1.; 280)
[2025-12-17T10:17:57.504+0000] {local_task_job_runner.py:240} INFO - Task exited with return code 1
[2025-12-17T10:17:57.530+0000] {taskinstance.py:3482} INFO - 0 downstream tasks scheduled from follow-on schedule check
[2025-12-17T10:17:57.534+0000] {local_task_job_runner.py:222} INFO - ::endgroup::
