[2025-12-11T12:21:23.930+0000] {local_task_job_runner.py:120} INFO - ::group::Pre task execution logs
[2025-12-11T12:21:23.971+0000] {taskinstance.py:2073} INFO - Dependencies all met for dep_context=non-requeueable deps ti=<TaskInstance: mfg_accelerator_pipeline.dbt_run_all manual__2025-12-11T12:15:51.808417+00:00 [queued]>
[2025-12-11T12:21:23.983+0000] {taskinstance.py:2073} INFO - Dependencies all met for dep_context=requeueable deps ti=<TaskInstance: mfg_accelerator_pipeline.dbt_run_all manual__2025-12-11T12:15:51.808417+00:00 [queued]>
[2025-12-11T12:21:23.984+0000] {taskinstance.py:2303} INFO - Starting attempt 2 of 2
[2025-12-11T12:21:24.003+0000] {taskinstance.py:2327} INFO - Executing <Task(BashOperator): dbt_run_all> on 2025-12-11 12:15:51.808417+00:00
[2025-12-11T12:21:24.014+0000] {standard_task_runner.py:90} INFO - Running: ['***', 'tasks', 'run', 'mfg_accelerator_pipeline', 'dbt_run_all', 'manual__2025-12-11T12:15:51.808417+00:00', '--job-id', '4', '--raw', '--subdir', 'DAGS_FOLDER/mfg_pipeline.py', '--cfg-path', '/tmp/tmp826xw034']
[2025-12-11T12:21:24.018+0000] {standard_task_runner.py:91} INFO - Job 4: Subtask dbt_run_all
[2025-12-11T12:21:24.020+0000] {logging_mixin.py:188} WARNING - /home/***/.local/lib/python3.12/site-packages/***/task/task_runner/standard_task_runner.py:61 DeprecationWarning: This process (pid=303) is multi-threaded, use of fork() may lead to deadlocks in the child.
[2025-12-11T12:21:24.021+0000] {standard_task_runner.py:63} INFO - Started process 304 to run task
[2025-12-11T12:21:24.089+0000] {task_command.py:426} INFO - Running <TaskInstance: mfg_accelerator_pipeline.dbt_run_all manual__2025-12-11T12:15:51.808417+00:00 [running]> on host 9c94e01a42d4
[2025-12-11T12:21:24.186+0000] {taskinstance.py:2644} INFO - Exporting env vars: AIRFLOW_CTX_DAG_OWNER='data_engineer' AIRFLOW_CTX_DAG_ID='mfg_accelerator_pipeline' AIRFLOW_CTX_TASK_ID='dbt_run_all' AIRFLOW_CTX_EXECUTION_DATE='2025-12-11T12:15:51.808417+00:00' AIRFLOW_CTX_TRY_NUMBER='2' AIRFLOW_CTX_DAG_RUN_ID='manual__2025-12-11T12:15:51.808417+00:00'
[2025-12-11T12:21:24.187+0000] {taskinstance.py:430} INFO - ::endgroup::
[2025-12-11T12:21:24.210+0000] {subprocess.py:63} INFO - Tmp dir root location: /tmp
[2025-12-11T12:21:24.211+0000] {subprocess.py:75} INFO - Running command: ['/usr/bin/bash', '-c', 'cd /opt/***/dbt_project && dbt run --profiles-dir /opt/***/dbt_profiles']
[2025-12-11T12:21:24.220+0000] {subprocess.py:86} INFO - Output:
[2025-12-11T12:21:26.848+0000] {subprocess.py:93} INFO - [0m12:21:26  Running with dbt=1.10.15
[2025-12-11T12:21:27.633+0000] {subprocess.py:93} INFO - [0m12:21:27   adapter: Invalid profile: 'user' is a required property.
[2025-12-11T12:21:27.869+0000] {subprocess.py:93} INFO - [0m12:21:27  Registered adapter: snowflake=1.10.4
[2025-12-11T12:21:28.513+0000] {subprocess.py:93} INFO - [0m12:21:28  Found 8 models, 24 data tests, 3 sources, 504 macros
[2025-12-11T12:21:28.519+0000] {subprocess.py:93} INFO - [0m12:21:28
[2025-12-11T12:21:28.520+0000] {subprocess.py:93} INFO - [0m12:21:28  Concurrency: 4 threads (target='dev')
[2025-12-11T12:21:28.521+0000] {subprocess.py:93} INFO - [0m12:21:28
[2025-12-11T12:21:28.592+0000] {subprocess.py:93} INFO - [0m12:21:28
[2025-12-11T12:21:28.593+0000] {subprocess.py:93} INFO - [0m12:21:28  Finished running  in 0 hours 0 minutes and 0.07 seconds (0.07s).
[2025-12-11T12:21:28.595+0000] {subprocess.py:93} INFO - [0m12:21:28  Encountered an error:
[2025-12-11T12:21:28.595+0000] {subprocess.py:93} INFO - Runtime Error
[2025-12-11T12:21:28.596+0000] {subprocess.py:93} INFO -   Database error while listing schemas in database ""
[2025-12-11T12:21:28.596+0000] {subprocess.py:93} INFO -   Database Error
[2025-12-11T12:21:28.596+0000] {subprocess.py:93} INFO -     251005: User is empty, but it must be provided unless authenticator is one of PROGRAMMATIC_ACCESS_TOKEN, PAT_WITH_EXTERNAL_SESSION, WORKLOAD_IDENTITY, NO_AUTH, OAUTH.
[2025-12-11T12:21:29.776+0000] {subprocess.py:97} INFO - Command exited with return code 2
[2025-12-11T12:21:29.777+0000] {taskinstance.py:441} INFO - ::group::Post task execution logs
[2025-12-11T12:21:29.795+0000] {taskinstance.py:2890} ERROR - Task failed with exception
Traceback (most recent call last):
  File "/home/airflow/.local/lib/python3.12/site-packages/airflow/models/taskinstance.py", line 465, in _execute_task
    result = _execute_callable(context=context, **execute_callable_kwargs)
             ^^^^^^^^^^^^^^^^^^^^^^^^^^^^^^^^^^^^^^^^^^^^^^^^^^^^^^^^^^^^^
  File "/home/airflow/.local/lib/python3.12/site-packages/airflow/models/taskinstance.py", line 432, in _execute_callable
    return execute_callable(context=context, **execute_callable_kwargs)
           ^^^^^^^^^^^^^^^^^^^^^^^^^^^^^^^^^^^^^^^^^^^^^^^^^^^^^^^^^^^^
  File "/home/airflow/.local/lib/python3.12/site-packages/airflow/models/baseoperator.py", line 400, in wrapper
    return func(self, *args, **kwargs)
           ^^^^^^^^^^^^^^^^^^^^^^^^^^^
  File "/home/airflow/.local/lib/python3.12/site-packages/airflow/operators/bash.py", line 243, in execute
    raise AirflowException(
airflow.exceptions.AirflowException: Bash command failed. The command returned a non-zero exit code 2.
[2025-12-11T12:21:29.802+0000] {taskinstance.py:1205} INFO - Marking task as FAILED. dag_id=mfg_accelerator_pipeline, task_id=dbt_run_all, execution_date=20251211T121551, start_date=20251211T122123, end_date=20251211T122129
[2025-12-11T12:21:29.821+0000] {standard_task_runner.py:110} ERROR - Failed to execute job 4 for task dbt_run_all (Bash command failed. The command returned a non-zero exit code 2.; 304)
[2025-12-11T12:21:29.855+0000] {local_task_job_runner.py:240} INFO - Task exited with return code 1
[2025-12-11T12:21:29.885+0000] {taskinstance.py:3482} INFO - 0 downstream tasks scheduled from follow-on schedule check
[2025-12-11T12:21:29.892+0000] {local_task_job_runner.py:222} INFO - ::endgroup::
