[2025-12-17T09:58:20.739+0000] {local_task_job_runner.py:120} INFO - ::group::Pre task execution logs
[2025-12-17T09:58:20.779+0000] {taskinstance.py:2073} INFO - Dependencies all met for dep_context=non-requeueable deps ti=<TaskInstance: mfg_raw_ingestion_dag.dbt_run_all manual__2025-12-17T09:52:52.302205+00:00 [queued]>
[2025-12-17T09:58:20.788+0000] {taskinstance.py:2073} INFO - Dependencies all met for dep_context=requeueable deps ti=<TaskInstance: mfg_raw_ingestion_dag.dbt_run_all manual__2025-12-17T09:52:52.302205+00:00 [queued]>
[2025-12-17T09:58:20.790+0000] {taskinstance.py:2303} INFO - Starting attempt 2 of 3
[2025-12-17T09:58:20.806+0000] {taskinstance.py:2327} INFO - Executing <Task(BashOperator): dbt_run_all> on 2025-12-17 09:52:52.302205+00:00
[2025-12-17T09:58:20.813+0000] {standard_task_runner.py:90} INFO - Running: ['***', 'tasks', 'run', 'mfg_raw_ingestion_dag', 'dbt_run_all', 'manual__2025-12-17T09:52:52.302205+00:00', '--job-id', '13', '--raw', '--subdir', 'DAGS_FOLDER/mfg_raw_ingestion_dag.py', '--cfg-path', '/tmp/tmpi34et2g5']
[2025-12-17T09:58:20.817+0000] {standard_task_runner.py:91} INFO - Job 13: Subtask dbt_run_all
[2025-12-17T09:58:20.818+0000] {logging_mixin.py:188} WARNING - /home/***/.local/lib/python3.12/site-packages/***/task/task_runner/standard_task_runner.py:61 DeprecationWarning: This process (pid=1623) is multi-threaded, use of fork() may lead to deadlocks in the child.
[2025-12-17T09:58:20.819+0000] {standard_task_runner.py:63} INFO - Started process 1624 to run task
[2025-12-17T09:58:20.901+0000] {task_command.py:426} INFO - Running <TaskInstance: mfg_raw_ingestion_dag.dbt_run_all manual__2025-12-17T09:52:52.302205+00:00 [running]> on host 68b68f67a494
[2025-12-17T09:58:21.017+0000] {taskinstance.py:2644} INFO - Exporting env vars: AIRFLOW_CTX_DAG_OWNER='data-eng' AIRFLOW_CTX_DAG_ID='mfg_raw_ingestion_dag' AIRFLOW_CTX_TASK_ID='dbt_run_all' AIRFLOW_CTX_EXECUTION_DATE='2025-12-17T09:52:52.302205+00:00' AIRFLOW_CTX_TRY_NUMBER='2' AIRFLOW_CTX_DAG_RUN_ID='manual__2025-12-17T09:52:52.302205+00:00'
[2025-12-17T09:58:21.018+0000] {taskinstance.py:430} INFO - ::endgroup::
[2025-12-17T09:58:21.037+0000] {subprocess.py:63} INFO - Tmp dir root location: /tmp
[2025-12-17T09:58:21.038+0000] {subprocess.py:75} INFO - Running command: ['/usr/bin/bash', '-c', 'cd /opt/***/dbt_project && dbt run --profiles-dir /opt/***/dbt_profiles']
[2025-12-17T09:58:21.047+0000] {subprocess.py:86} INFO - Output:
[2025-12-17T09:58:21.049+0000] {subprocess.py:93} INFO - /usr/bin/bash: line 1: dbt: command not found
[2025-12-17T09:58:21.050+0000] {subprocess.py:97} INFO - Command exited with return code 127
[2025-12-17T09:58:21.051+0000] {taskinstance.py:441} INFO - ::group::Post task execution logs
[2025-12-17T09:58:21.066+0000] {taskinstance.py:2890} ERROR - Task failed with exception
Traceback (most recent call last):
  File "/home/airflow/.local/lib/python3.12/site-packages/airflow/models/taskinstance.py", line 460, in _execute_task
    result = _execute_callable(context=context, **execute_callable_kwargs)
             ^^^^^^^^^^^^^^^^^^^^^^^^^^^^^^^^^^^^^^^^^^^^^^^^^^^^^^^^^^^^^
  File "/home/airflow/.local/lib/python3.12/site-packages/airflow/models/taskinstance.py", line 432, in _execute_callable
    return execute_callable(context=context, **execute_callable_kwargs)
           ^^^^^^^^^^^^^^^^^^^^^^^^^^^^^^^^^^^^^^^^^^^^^^^^^^^^^^^^^^^^
  File "/home/airflow/.local/lib/python3.12/site-packages/airflow/models/baseoperator.py", line 400, in wrapper
    return func(self, *args, **kwargs)
           ^^^^^^^^^^^^^^^^^^^^^^^^^^^
  File "/home/airflow/.local/lib/python3.12/site-packages/airflow/operators/bash.py", line 243, in execute
    raise AirflowException(
airflow.exceptions.AirflowException: Bash command failed. The command returned a non-zero exit code 127.
[2025-12-17T09:58:21.071+0000] {taskinstance.py:1205} INFO - Marking task as UP_FOR_RETRY. dag_id=mfg_raw_ingestion_dag, task_id=dbt_run_all, execution_date=20251217T095252, start_date=20251217T095820, end_date=20251217T095821
[2025-12-17T09:58:21.085+0000] {standard_task_runner.py:110} ERROR - Failed to execute job 13 for task dbt_run_all (Bash command failed. The command returned a non-zero exit code 127.; 1624)
[2025-12-17T09:58:21.116+0000] {local_task_job_runner.py:240} INFO - Task exited with return code 1
[2025-12-17T09:58:21.142+0000] {taskinstance.py:3482} INFO - 0 downstream tasks scheduled from follow-on schedule check
[2025-12-17T09:58:21.147+0000] {local_task_job_runner.py:222} INFO - ::endgroup::
