[2025-12-17T09:36:54.943+0000] {local_task_job_runner.py:120} INFO - ::group::Pre task execution logs
[2025-12-17T09:36:54.999+0000] {taskinstance.py:2073} INFO - Dependencies all met for dep_context=non-requeueable deps ti=<TaskInstance: mfg_raw_ingestion_dag.dbt_run_all scheduled__2025-12-16T05:00:00+00:00 [queued]>
[2025-12-17T09:36:55.010+0000] {taskinstance.py:2073} INFO - Dependencies all met for dep_context=requeueable deps ti=<TaskInstance: mfg_raw_ingestion_dag.dbt_run_all scheduled__2025-12-16T05:00:00+00:00 [queued]>
[2025-12-17T09:36:55.012+0000] {taskinstance.py:2303} INFO - Starting attempt 2 of 3
[2025-12-17T09:36:55.033+0000] {taskinstance.py:2327} INFO - Executing <Task(BashOperator): dbt_run_all> on 2025-12-16 05:00:00+00:00
[2025-12-17T09:36:55.043+0000] {standard_task_runner.py:90} INFO - Running: ['***', 'tasks', 'run', 'mfg_raw_ingestion_dag', 'dbt_run_all', 'scheduled__2025-12-16T05:00:00+00:00', '--job-id', '4', '--raw', '--subdir', 'DAGS_FOLDER/mfg_raw_ingestion_dag.py', '--cfg-path', '/tmp/tmp39cqioix']
[2025-12-17T09:36:55.055+0000] {standard_task_runner.py:91} INFO - Job 4: Subtask dbt_run_all
[2025-12-17T09:36:55.057+0000] {logging_mixin.py:188} WARNING - /home/***/.local/lib/python3.12/site-packages/***/task/task_runner/standard_task_runner.py:61 DeprecationWarning: This process (pid=606) is multi-threaded, use of fork() may lead to deadlocks in the child.
[2025-12-17T09:36:55.059+0000] {standard_task_runner.py:63} INFO - Started process 607 to run task
[2025-12-17T09:36:55.152+0000] {task_command.py:426} INFO - Running <TaskInstance: mfg_raw_ingestion_dag.dbt_run_all scheduled__2025-12-16T05:00:00+00:00 [running]> on host 68b68f67a494
[2025-12-17T09:36:55.255+0000] {taskinstance.py:2644} INFO - Exporting env vars: AIRFLOW_CTX_DAG_OWNER='data-eng' AIRFLOW_CTX_DAG_ID='mfg_raw_ingestion_dag' AIRFLOW_CTX_TASK_ID='dbt_run_all' AIRFLOW_CTX_EXECUTION_DATE='2025-12-16T05:00:00+00:00' AIRFLOW_CTX_TRY_NUMBER='2' AIRFLOW_CTX_DAG_RUN_ID='scheduled__2025-12-16T05:00:00+00:00'
[2025-12-17T09:36:55.257+0000] {taskinstance.py:430} INFO - ::endgroup::
[2025-12-17T09:36:55.274+0000] {subprocess.py:63} INFO - Tmp dir root location: /tmp
[2025-12-17T09:36:55.275+0000] {subprocess.py:75} INFO - Running command: ['/usr/bin/bash', '-c', 'cd /opt/***/dbt_project && dbt run --profiles-dir /opt/***/dbt_profiles']
[2025-12-17T09:36:55.283+0000] {subprocess.py:86} INFO - Output:
[2025-12-17T09:36:55.286+0000] {subprocess.py:93} INFO - /usr/bin/bash: line 1: dbt: command not found
[2025-12-17T09:36:55.286+0000] {subprocess.py:97} INFO - Command exited with return code 127
[2025-12-17T09:36:55.287+0000] {taskinstance.py:441} INFO - ::group::Post task execution logs
[2025-12-17T09:36:55.300+0000] {taskinstance.py:2890} ERROR - Task failed with exception
Traceback (most recent call last):
  File "/home/airflow/.local/lib/python3.12/site-packages/airflow/models/taskinstance.py", line 460, in _execute_task
    result = _execute_callable(context=context, **execute_callable_kwargs)
             ^^^^^^^^^^^^^^^^^^^^^^^^^^^^^^^^^^^^^^^^^^^^^^^^^^^^^^^^^^^^^
  File "/home/airflow/.local/lib/python3.12/site-packages/airflow/models/taskinstance.py", line 432, in _execute_callable
    return execute_callable(context=context, **execute_callable_kwargs)
           ^^^^^^^^^^^^^^^^^^^^^^^^^^^^^^^^^^^^^^^^^^^^^^^^^^^^^^^^^^^^
  File "/home/airflow/.local/lib/python3.12/site-packages/airflow/models/baseoperator.py", line 400, in wrapper
    return func(self, *args, **kwargs)
           ^^^^^^^^^^^^^^^^^^^^^^^^^^^
  File "/home/airflow/.local/lib/python3.12/site-packages/airflow/operators/bash.py", line 243, in execute
    raise AirflowException(
airflow.exceptions.AirflowException: Bash command failed. The command returned a non-zero exit code 127.
[2025-12-17T09:36:55.305+0000] {taskinstance.py:1205} INFO - Marking task as UP_FOR_RETRY. dag_id=mfg_raw_ingestion_dag, task_id=dbt_run_all, execution_date=20251216T050000, start_date=20251217T093655, end_date=20251217T093655
[2025-12-17T09:36:55.319+0000] {standard_task_runner.py:110} ERROR - Failed to execute job 4 for task dbt_run_all (Bash command failed. The command returned a non-zero exit code 127.; 607)
[2025-12-17T09:36:55.356+0000] {local_task_job_runner.py:240} INFO - Task exited with return code 1
[2025-12-17T09:36:55.383+0000] {taskinstance.py:3482} INFO - 0 downstream tasks scheduled from follow-on schedule check
[2025-12-17T09:36:55.388+0000] {local_task_job_runner.py:222} INFO - ::endgroup::
[2025-12-17T10:16:40.416+0000] {local_task_job_runner.py:120} INFO - ::group::Pre task execution logs
[2025-12-17T10:16:40.505+0000] {taskinstance.py:2073} INFO - Dependencies all met for dep_context=non-requeueable deps ti=<TaskInstance: mfg_raw_ingestion_dag.dbt_run_all scheduled__2025-12-16T05:00:00+00:00 [queued]>
[2025-12-17T10:16:40.527+0000] {taskinstance.py:2073} INFO - Dependencies all met for dep_context=requeueable deps ti=<TaskInstance: mfg_raw_ingestion_dag.dbt_run_all scheduled__2025-12-16T05:00:00+00:00 [queued]>
[2025-12-17T10:16:40.528+0000] {taskinstance.py:2303} INFO - Starting attempt 2 of 3
[2025-12-17T10:16:40.567+0000] {taskinstance.py:2327} INFO - Executing <Task(BashOperator): dbt_run_all> on 2025-12-16 05:00:00+00:00
[2025-12-17T10:16:40.583+0000] {standard_task_runner.py:90} INFO - Running: ['***', 'tasks', 'run', 'mfg_raw_ingestion_dag', 'dbt_run_all', 'scheduled__2025-12-16T05:00:00+00:00', '--job-id', '23', '--raw', '--subdir', 'DAGS_FOLDER/mfg_raw_ingestion_dag.py', '--cfg-path', '/tmp/tmp_icuutyc']
[2025-12-17T10:16:40.590+0000] {standard_task_runner.py:91} INFO - Job 23: Subtask dbt_run_all
[2025-12-17T10:16:40.592+0000] {logging_mixin.py:188} WARNING - /home/***/.local/lib/python3.12/site-packages/***/task/task_runner/standard_task_runner.py:61 DeprecationWarning: This process (pid=170) is multi-threaded, use of fork() may lead to deadlocks in the child.
[2025-12-17T10:16:40.594+0000] {standard_task_runner.py:63} INFO - Started process 185 to run task
[2025-12-17T10:16:40.714+0000] {task_command.py:426} INFO - Running <TaskInstance: mfg_raw_ingestion_dag.dbt_run_all scheduled__2025-12-16T05:00:00+00:00 [running]> on host d97aa9fd61c4
[2025-12-17T10:16:40.908+0000] {taskinstance.py:2644} INFO - Exporting env vars: AIRFLOW_CTX_DAG_OWNER='data-eng' AIRFLOW_CTX_DAG_ID='mfg_raw_ingestion_dag' AIRFLOW_CTX_TASK_ID='dbt_run_all' AIRFLOW_CTX_EXECUTION_DATE='2025-12-16T05:00:00+00:00' AIRFLOW_CTX_TRY_NUMBER='2' AIRFLOW_CTX_DAG_RUN_ID='scheduled__2025-12-16T05:00:00+00:00'
[2025-12-17T10:16:40.909+0000] {taskinstance.py:430} INFO - ::endgroup::
[2025-12-17T10:16:40.980+0000] {subprocess.py:63} INFO - Tmp dir root location: /tmp
[2025-12-17T10:16:40.983+0000] {subprocess.py:75} INFO - Running command: ['/usr/bin/bash', '-c', 'cd /opt/***/dbt_project && dbt run --profiles-dir /opt/***/dbt_profiles']
[2025-12-17T10:16:41.002+0000] {subprocess.py:86} INFO - Output:
[2025-12-17T10:16:44.693+0000] {subprocess.py:93} INFO - Traceback (most recent call last):
[2025-12-17T10:16:44.694+0000] {subprocess.py:93} INFO -   File "/home/***/.local/bin/dbt", line 5, in <module>
[2025-12-17T10:16:44.694+0000] {subprocess.py:93} INFO -     from dbt.cli.main import cli
[2025-12-17T10:16:44.695+0000] {subprocess.py:93} INFO -   File "/home/***/.local/lib/python3.12/site-packages/dbt/cli/__init__.py", line 1, in <module>
[2025-12-17T10:16:44.696+0000] {subprocess.py:93} INFO -     from .main import cli as dbt_cli  # noqa
[2025-12-17T10:16:44.696+0000] {subprocess.py:93} INFO -     ^^^^^^^^^^^^^^^^^^^^^^^^^^^^^^^^
[2025-12-17T10:16:44.697+0000] {subprocess.py:93} INFO -   File "/home/***/.local/lib/python3.12/site-packages/dbt/cli/main.py", line 14, in <module>
[2025-12-17T10:16:44.698+0000] {subprocess.py:93} INFO -     from dbt.cli import params as p
[2025-12-17T10:16:44.699+0000] {subprocess.py:93} INFO -   File "/home/***/.local/lib/python3.12/site-packages/dbt/cli/params.py", line 13, in <module>
[2025-12-17T10:16:44.700+0000] {subprocess.py:93} INFO -     from dbt.cli.options import MultiOption
[2025-12-17T10:16:44.701+0000] {subprocess.py:93} INFO -   File "/home/***/.local/lib/python3.12/site-packages/dbt/cli/options.py", line 6, in <module>
[2025-12-17T10:16:44.701+0000] {subprocess.py:93} INFO -     from click.parser import _OptionParser, _ParsingState
[2025-12-17T10:16:44.702+0000] {subprocess.py:93} INFO - ImportError: cannot import name '_OptionParser' from 'click.parser' (/home/***/.local/lib/python3.12/site-packages/click/parser.py). Did you mean: 'OptionParser'?
[2025-12-17T10:16:44.895+0000] {subprocess.py:97} INFO - Command exited with return code 1
[2025-12-17T10:16:44.897+0000] {taskinstance.py:441} INFO - ::group::Post task execution logs
[2025-12-17T10:16:44.914+0000] {taskinstance.py:2890} ERROR - Task failed with exception
Traceback (most recent call last):
  File "/home/airflow/.local/lib/python3.12/site-packages/airflow/models/taskinstance.py", line 460, in _execute_task
    result = _execute_callable(context=context, **execute_callable_kwargs)
             ^^^^^^^^^^^^^^^^^^^^^^^^^^^^^^^^^^^^^^^^^^^^^^^^^^^^^^^^^^^^^
  File "/home/airflow/.local/lib/python3.12/site-packages/airflow/models/taskinstance.py", line 432, in _execute_callable
    return execute_callable(context=context, **execute_callable_kwargs)
           ^^^^^^^^^^^^^^^^^^^^^^^^^^^^^^^^^^^^^^^^^^^^^^^^^^^^^^^^^^^^
  File "/home/airflow/.local/lib/python3.12/site-packages/airflow/models/baseoperator.py", line 400, in wrapper
    return func(self, *args, **kwargs)
           ^^^^^^^^^^^^^^^^^^^^^^^^^^^
  File "/home/airflow/.local/lib/python3.12/site-packages/airflow/operators/bash.py", line 243, in execute
    raise AirflowException(
airflow.exceptions.AirflowException: Bash command failed. The command returned a non-zero exit code 1.
[2025-12-17T10:16:44.920+0000] {taskinstance.py:1205} INFO - Marking task as UP_FOR_RETRY. dag_id=mfg_raw_ingestion_dag, task_id=dbt_run_all, execution_date=20251216T050000, start_date=20251217T101640, end_date=20251217T101644
[2025-12-17T10:16:44.939+0000] {standard_task_runner.py:110} ERROR - Failed to execute job 23 for task dbt_run_all (Bash command failed. The command returned a non-zero exit code 1.; 185)
[2025-12-17T10:16:44.985+0000] {local_task_job_runner.py:240} INFO - Task exited with return code 1
[2025-12-17T10:16:45.018+0000] {taskinstance.py:3482} INFO - 0 downstream tasks scheduled from follow-on schedule check
[2025-12-17T10:16:45.026+0000] {local_task_job_runner.py:222} INFO - ::endgroup::
[2025-12-17T10:33:47.953+0000] {local_task_job_runner.py:120} INFO - ::group::Pre task execution logs
[2025-12-17T10:33:47.997+0000] {taskinstance.py:2073} INFO - Dependencies all met for dep_context=non-requeueable deps ti=<TaskInstance: mfg_raw_ingestion_dag.dbt_run_all scheduled__2025-12-16T05:00:00+00:00 [queued]>
[2025-12-17T10:33:48.010+0000] {taskinstance.py:2073} INFO - Dependencies all met for dep_context=requeueable deps ti=<TaskInstance: mfg_raw_ingestion_dag.dbt_run_all scheduled__2025-12-16T05:00:00+00:00 [queued]>
[2025-12-17T10:33:48.010+0000] {taskinstance.py:2303} INFO - Starting attempt 2 of 3
[2025-12-17T10:33:48.028+0000] {taskinstance.py:2327} INFO - Executing <Task(BashOperator): dbt_run_all> on 2025-12-16 05:00:00+00:00
[2025-12-17T10:33:48.040+0000] {standard_task_runner.py:90} INFO - Running: ['***', 'tasks', 'run', 'mfg_raw_ingestion_dag', 'dbt_run_all', 'scheduled__2025-12-16T05:00:00+00:00', '--job-id', '33', '--raw', '--subdir', 'DAGS_FOLDER/mfg_raw_ingestion_dag.py', '--cfg-path', '/tmp/tmpfqprpqw_']
[2025-12-17T10:33:48.045+0000] {standard_task_runner.py:91} INFO - Job 33: Subtask dbt_run_all
[2025-12-17T10:33:48.054+0000] {logging_mixin.py:188} WARNING - /home/***/.local/lib/python3.12/site-packages/***/task/task_runner/standard_task_runner.py:61 DeprecationWarning: This process (pid=641) is multi-threaded, use of fork() may lead to deadlocks in the child.
[2025-12-17T10:33:48.055+0000] {standard_task_runner.py:63} INFO - Started process 647 to run task
[2025-12-17T10:33:48.135+0000] {task_command.py:426} INFO - Running <TaskInstance: mfg_raw_ingestion_dag.dbt_run_all scheduled__2025-12-16T05:00:00+00:00 [running]> on host a197bc4252bf
[2025-12-17T10:33:48.277+0000] {taskinstance.py:2644} INFO - Exporting env vars: AIRFLOW_CTX_DAG_OWNER='data-eng' AIRFLOW_CTX_DAG_ID='mfg_raw_ingestion_dag' AIRFLOW_CTX_TASK_ID='dbt_run_all' AIRFLOW_CTX_EXECUTION_DATE='2025-12-16T05:00:00+00:00' AIRFLOW_CTX_TRY_NUMBER='2' AIRFLOW_CTX_DAG_RUN_ID='scheduled__2025-12-16T05:00:00+00:00'
[2025-12-17T10:33:48.279+0000] {taskinstance.py:430} INFO - ::endgroup::
[2025-12-17T10:33:48.302+0000] {subprocess.py:63} INFO - Tmp dir root location: /tmp
[2025-12-17T10:33:48.304+0000] {subprocess.py:75} INFO - Running command: ['/usr/bin/bash', '-c', 'cd /opt/***/dbt_project && dbt run --profiles-dir /opt/***/dbt_profiles']
[2025-12-17T10:33:48.317+0000] {subprocess.py:86} INFO - Output:
[2025-12-17T10:33:51.582+0000] {subprocess.py:93} INFO - Traceback (most recent call last):
[2025-12-17T10:33:51.583+0000] {subprocess.py:93} INFO -   File "/home/***/.local/bin/dbt", line 5, in <module>
[2025-12-17T10:33:51.584+0000] {subprocess.py:93} INFO -     from dbt.cli.main import cli
[2025-12-17T10:33:51.584+0000] {subprocess.py:93} INFO -   File "/home/***/.local/lib/python3.12/site-packages/dbt/cli/__init__.py", line 1, in <module>
[2025-12-17T10:33:51.585+0000] {subprocess.py:93} INFO -     from .main import cli as dbt_cli  # noqa
[2025-12-17T10:33:51.586+0000] {subprocess.py:93} INFO -     ^^^^^^^^^^^^^^^^^^^^^^^^^^^^^^^^
[2025-12-17T10:33:51.586+0000] {subprocess.py:93} INFO -   File "/home/***/.local/lib/python3.12/site-packages/dbt/cli/main.py", line 14, in <module>
[2025-12-17T10:33:51.587+0000] {subprocess.py:93} INFO -     from dbt.cli import params as p
[2025-12-17T10:33:51.588+0000] {subprocess.py:93} INFO -   File "/home/***/.local/lib/python3.12/site-packages/dbt/cli/params.py", line 13, in <module>
[2025-12-17T10:33:51.588+0000] {subprocess.py:93} INFO -     from dbt.cli.options import MultiOption
[2025-12-17T10:33:51.589+0000] {subprocess.py:93} INFO -   File "/home/***/.local/lib/python3.12/site-packages/dbt/cli/options.py", line 6, in <module>
[2025-12-17T10:33:51.590+0000] {subprocess.py:93} INFO -     from click.parser import _OptionParser, _ParsingState
[2025-12-17T10:33:51.591+0000] {subprocess.py:93} INFO - ImportError: cannot import name '_OptionParser' from 'click.parser' (/home/***/.local/lib/python3.12/site-packages/click/parser.py). Did you mean: 'OptionParser'?
[2025-12-17T10:33:51.796+0000] {subprocess.py:97} INFO - Command exited with return code 1
[2025-12-17T10:33:51.797+0000] {taskinstance.py:441} INFO - ::group::Post task execution logs
[2025-12-17T10:33:51.818+0000] {taskinstance.py:2890} ERROR - Task failed with exception
Traceback (most recent call last):
  File "/home/airflow/.local/lib/python3.12/site-packages/airflow/models/taskinstance.py", line 460, in _execute_task
    result = _execute_callable(context=context, **execute_callable_kwargs)
             ^^^^^^^^^^^^^^^^^^^^^^^^^^^^^^^^^^^^^^^^^^^^^^^^^^^^^^^^^^^^^
  File "/home/airflow/.local/lib/python3.12/site-packages/airflow/models/taskinstance.py", line 432, in _execute_callable
    return execute_callable(context=context, **execute_callable_kwargs)
           ^^^^^^^^^^^^^^^^^^^^^^^^^^^^^^^^^^^^^^^^^^^^^^^^^^^^^^^^^^^^
  File "/home/airflow/.local/lib/python3.12/site-packages/airflow/models/baseoperator.py", line 400, in wrapper
    return func(self, *args, **kwargs)
           ^^^^^^^^^^^^^^^^^^^^^^^^^^^
  File "/home/airflow/.local/lib/python3.12/site-packages/airflow/operators/bash.py", line 243, in execute
    raise AirflowException(
airflow.exceptions.AirflowException: Bash command failed. The command returned a non-zero exit code 1.
[2025-12-17T10:33:51.824+0000] {taskinstance.py:1205} INFO - Marking task as UP_FOR_RETRY. dag_id=mfg_raw_ingestion_dag, task_id=dbt_run_all, execution_date=20251216T050000, start_date=20251217T103347, end_date=20251217T103351
[2025-12-17T10:33:51.849+0000] {standard_task_runner.py:110} ERROR - Failed to execute job 33 for task dbt_run_all (Bash command failed. The command returned a non-zero exit code 1.; 647)
[2025-12-17T10:33:51.887+0000] {local_task_job_runner.py:240} INFO - Task exited with return code 1
[2025-12-17T10:33:51.959+0000] {taskinstance.py:3482} INFO - 0 downstream tasks scheduled from follow-on schedule check
[2025-12-17T10:33:52.010+0000] {local_task_job_runner.py:222} INFO - ::endgroup::
[2025-12-17T13:02:13.505+0000] {local_task_job_runner.py:120} INFO - ::group::Pre task execution logs
[2025-12-17T13:02:13.558+0000] {taskinstance.py:2073} INFO - Dependencies all met for dep_context=non-requeueable deps ti=<TaskInstance: mfg_raw_ingestion_dag.dbt_run_all scheduled__2025-12-16T05:00:00+00:00 [queued]>
[2025-12-17T13:02:13.568+0000] {taskinstance.py:2073} INFO - Dependencies all met for dep_context=requeueable deps ti=<TaskInstance: mfg_raw_ingestion_dag.dbt_run_all scheduled__2025-12-16T05:00:00+00:00 [queued]>
[2025-12-17T13:02:13.568+0000] {taskinstance.py:2303} INFO - Starting attempt 2 of 3
[2025-12-17T13:02:13.583+0000] {taskinstance.py:2327} INFO - Executing <Task(BashOperator): dbt_run_all> on 2025-12-16 05:00:00+00:00
[2025-12-17T13:02:13.592+0000] {standard_task_runner.py:90} INFO - Running: ['***', 'tasks', 'run', 'mfg_raw_ingestion_dag', 'dbt_run_all', 'scheduled__2025-12-16T05:00:00+00:00', '--job-id', '5', '--raw', '--subdir', 'DAGS_FOLDER/mfg_raw_ingestion_dag.py', '--cfg-path', '/tmp/tmp5ezh1g0i']
[2025-12-17T13:02:13.596+0000] {standard_task_runner.py:91} INFO - Job 5: Subtask dbt_run_all
[2025-12-17T13:02:13.595+0000] {logging_mixin.py:188} WARNING - /home/***/.local/lib/python3.12/site-packages/***/task/task_runner/standard_task_runner.py:61 DeprecationWarning: This process (pid=542) is multi-threaded, use of fork() may lead to deadlocks in the child.
[2025-12-17T13:02:13.597+0000] {standard_task_runner.py:63} INFO - Started process 543 to run task
[2025-12-17T13:02:13.669+0000] {task_command.py:426} INFO - Running <TaskInstance: mfg_raw_ingestion_dag.dbt_run_all scheduled__2025-12-16T05:00:00+00:00 [running]> on host 84fc30c39b31
[2025-12-17T13:02:13.773+0000] {taskinstance.py:2644} INFO - Exporting env vars: AIRFLOW_CTX_DAG_OWNER='data-eng' AIRFLOW_CTX_DAG_ID='mfg_raw_ingestion_dag' AIRFLOW_CTX_TASK_ID='dbt_run_all' AIRFLOW_CTX_EXECUTION_DATE='2025-12-16T05:00:00+00:00' AIRFLOW_CTX_TRY_NUMBER='2' AIRFLOW_CTX_DAG_RUN_ID='scheduled__2025-12-16T05:00:00+00:00'
[2025-12-17T13:02:13.775+0000] {taskinstance.py:430} INFO - ::endgroup::
[2025-12-17T13:02:13.793+0000] {subprocess.py:63} INFO - Tmp dir root location: /tmp
[2025-12-17T13:02:13.794+0000] {subprocess.py:75} INFO - Running command: ['/usr/bin/bash', '-c', 'cd /opt/***/dbt_project && dbt run --profiles-dir /opt/***/dbt_profiles']
[2025-12-17T13:02:13.803+0000] {subprocess.py:86} INFO - Output:
[2025-12-17T13:02:16.009+0000] {subprocess.py:93} INFO - [0m13:02:16  Running with dbt=1.8.4
[2025-12-17T13:02:16.925+0000] {subprocess.py:93} INFO - [0m13:02:16  Encountered an error:
[2025-12-17T13:02:16.926+0000] {subprocess.py:93} INFO - Runtime Error
[2025-12-17T13:02:16.927+0000] {subprocess.py:93} INFO -   Required "name" field not present in project
[2025-12-17T13:02:16.927+0000] {subprocess.py:93} INFO - 
[2025-12-17T13:02:16.928+0000] {subprocess.py:93} INFO - Error encountered in /opt/***/dbt_project/dbt_project.yml
[2025-12-17T13:02:17.856+0000] {subprocess.py:97} INFO - Command exited with return code 2
[2025-12-17T13:02:17.857+0000] {taskinstance.py:441} INFO - ::group::Post task execution logs
[2025-12-17T13:02:17.871+0000] {taskinstance.py:2890} ERROR - Task failed with exception
Traceback (most recent call last):
  File "/home/airflow/.local/lib/python3.12/site-packages/airflow/models/taskinstance.py", line 460, in _execute_task
    result = _execute_callable(context=context, **execute_callable_kwargs)
             ^^^^^^^^^^^^^^^^^^^^^^^^^^^^^^^^^^^^^^^^^^^^^^^^^^^^^^^^^^^^^
  File "/home/airflow/.local/lib/python3.12/site-packages/airflow/models/taskinstance.py", line 432, in _execute_callable
    return execute_callable(context=context, **execute_callable_kwargs)
           ^^^^^^^^^^^^^^^^^^^^^^^^^^^^^^^^^^^^^^^^^^^^^^^^^^^^^^^^^^^^
  File "/home/airflow/.local/lib/python3.12/site-packages/airflow/models/baseoperator.py", line 400, in wrapper
    return func(self, *args, **kwargs)
           ^^^^^^^^^^^^^^^^^^^^^^^^^^^
  File "/home/airflow/.local/lib/python3.12/site-packages/airflow/operators/bash.py", line 243, in execute
    raise AirflowException(
airflow.exceptions.AirflowException: Bash command failed. The command returned a non-zero exit code 2.
[2025-12-17T13:02:17.875+0000] {taskinstance.py:1205} INFO - Marking task as UP_FOR_RETRY. dag_id=mfg_raw_ingestion_dag, task_id=dbt_run_all, execution_date=20251216T050000, start_date=20251217T130213, end_date=20251217T130217
[2025-12-17T13:02:17.890+0000] {standard_task_runner.py:110} ERROR - Failed to execute job 5 for task dbt_run_all (Bash command failed. The command returned a non-zero exit code 2.; 543)
[2025-12-17T13:02:17.910+0000] {local_task_job_runner.py:240} INFO - Task exited with return code 1
[2025-12-17T13:02:17.936+0000] {taskinstance.py:3482} INFO - 0 downstream tasks scheduled from follow-on schedule check
[2025-12-17T13:02:17.941+0000] {local_task_job_runner.py:222} INFO - ::endgroup::
