[2025-12-11T13:13:01.730+0000] {local_task_job_runner.py:120} INFO - ::group::Pre task execution logs
[2025-12-11T13:13:01.761+0000] {taskinstance.py:2073} INFO - Dependencies all met for dep_context=non-requeueable deps ti=<TaskInstance: mfg_accelerator_pipeline.dbt_test_all manual__2025-12-11T12:56:38.954313+00:00 [queued]>
[2025-12-11T13:13:01.769+0000] {taskinstance.py:2073} INFO - Dependencies all met for dep_context=requeueable deps ti=<TaskInstance: mfg_accelerator_pipeline.dbt_test_all manual__2025-12-11T12:56:38.954313+00:00 [queued]>
[2025-12-11T13:13:01.770+0000] {taskinstance.py:2303} INFO - Starting attempt 2 of 2
[2025-12-11T13:13:01.787+0000] {taskinstance.py:2327} INFO - Executing <Task(BashOperator): dbt_test_all> on 2025-12-11 12:56:38.954313+00:00
[2025-12-11T13:13:01.794+0000] {standard_task_runner.py:90} INFO - Running: ['***', 'tasks', 'run', 'mfg_accelerator_pipeline', 'dbt_test_all', 'manual__2025-12-11T12:56:38.954313+00:00', '--job-id', '5', '--raw', '--subdir', 'DAGS_FOLDER/mfg_pipeline.py', '--cfg-path', '/tmp/tmpvby_nly0']
[2025-12-11T13:13:01.798+0000] {standard_task_runner.py:91} INFO - Job 5: Subtask dbt_test_all
[2025-12-11T13:13:01.799+0000] {logging_mixin.py:188} WARNING - /home/***/.local/lib/python3.12/site-packages/***/task/task_runner/standard_task_runner.py:61 DeprecationWarning: This process (pid=489) is multi-threaded, use of fork() may lead to deadlocks in the child.
[2025-12-11T13:13:01.800+0000] {standard_task_runner.py:63} INFO - Started process 490 to run task
[2025-12-11T13:13:01.854+0000] {task_command.py:426} INFO - Running <TaskInstance: mfg_accelerator_pipeline.dbt_test_all manual__2025-12-11T12:56:38.954313+00:00 [running]> on host 7258e9d71bed
[2025-12-11T13:13:01.940+0000] {taskinstance.py:2644} INFO - Exporting env vars: AIRFLOW_CTX_DAG_OWNER='data_engineer' AIRFLOW_CTX_DAG_ID='mfg_accelerator_pipeline' AIRFLOW_CTX_TASK_ID='dbt_test_all' AIRFLOW_CTX_EXECUTION_DATE='2025-12-11T12:56:38.954313+00:00' AIRFLOW_CTX_TRY_NUMBER='2' AIRFLOW_CTX_DAG_RUN_ID='manual__2025-12-11T12:56:38.954313+00:00'
[2025-12-11T13:13:01.941+0000] {taskinstance.py:430} INFO - ::endgroup::
[2025-12-11T13:13:01.957+0000] {subprocess.py:63} INFO - Tmp dir root location: /tmp
[2025-12-11T13:13:01.958+0000] {subprocess.py:75} INFO - Running command: ['/usr/bin/bash', '-c', 'cd /opt/***/dbt_project && dbt test --profiles-dir /opt/***/dbt_profiles']
[2025-12-11T13:13:01.967+0000] {subprocess.py:86} INFO - Output:
[2025-12-11T13:13:04.306+0000] {subprocess.py:93} INFO - [0m13:13:04  Running with dbt=1.10.15
[2025-12-11T13:13:05.248+0000] {subprocess.py:93} INFO - [0m13:13:05  Registered adapter: snowflake=1.10.4
[2025-12-11T13:13:05.966+0000] {subprocess.py:93} INFO - [0m13:13:05  Found 8 models, 24 data tests, 3 sources, 504 macros
[2025-12-11T13:13:05.971+0000] {subprocess.py:93} INFO - [0m13:13:05
[2025-12-11T13:13:05.973+0000] {subprocess.py:93} INFO - [0m13:13:05  Concurrency: 4 threads (target='dev')
[2025-12-11T13:13:05.974+0000] {subprocess.py:93} INFO - [0m13:13:05
[2025-12-11T13:13:07.744+0000] {subprocess.py:93} INFO - [0m13:13:07  1 of 24 START test not_null_core_batches_batch_id .............................. [RUN]
[2025-12-11T13:13:07.745+0000] {subprocess.py:93} INFO - [0m13:13:07  2 of 24 START test not_null_core_batches_material_id ........................... [RUN]
[2025-12-11T13:13:07.747+0000] {subprocess.py:93} INFO - [0m13:13:07  3 of 24 START test not_null_core_materials_material_id ......................... [RUN]
[2025-12-11T13:13:07.749+0000] {subprocess.py:93} INFO - [0m13:13:07  4 of 24 START test not_null_fct_production_orders_batch_id ..................... [RUN]
[2025-12-11T13:13:08.403+0000] {subprocess.py:93} INFO - [0m13:13:08  1 of 24 PASS not_null_core_batches_batch_id .................................... [[32mPASS[0m in 0.65s]
[2025-12-11T13:13:08.408+0000] {subprocess.py:93} INFO - [0m13:13:08  5 of 24 START test not_null_fct_production_orders_order_id ..................... [RUN]
[2025-12-11T13:13:08.733+0000] {subprocess.py:93} INFO - [0m13:13:08  5 of 24 PASS not_null_fct_production_orders_order_id ........................... [[32mPASS[0m in 0.32s]
[2025-12-11T13:13:08.738+0000] {subprocess.py:93} INFO - [0m13:13:08  6 of 24 START test not_null_mfg_ml_features_orders_order_id .................... [RUN]
[2025-12-11T13:13:09.056+0000] {subprocess.py:93} INFO - [0m13:13:09  6 of 24 PASS not_null_mfg_ml_features_orders_order_id .......................... [[32mPASS[0m in 0.32s]
[2025-12-11T13:13:09.061+0000] {subprocess.py:93} INFO - [0m13:13:09  7 of 24 START test not_null_mfg_plant_daily_kpis_calendar_date ................. [RUN]
[2025-12-11T13:13:09.254+0000] {subprocess.py:93} INFO - [0m13:13:09  2 of 24 PASS not_null_core_batches_material_id ................................. [[32mPASS[0m in 1.50s]
[2025-12-11T13:13:09.259+0000] {subprocess.py:93} INFO - [0m13:13:09  8 of 24 START test not_null_mfg_plant_daily_kpis_manufacturing_site ............ [RUN]
[2025-12-11T13:13:09.283+0000] {subprocess.py:93} INFO - [0m13:13:09  3 of 24 PASS not_null_core_materials_material_id ............................... [[32mPASS[0m in 1.53s]
[2025-12-11T13:13:09.293+0000] {subprocess.py:93} INFO - [0m13:13:09  9 of 24 START test not_null_stg_batches_batch_id ............................... [RUN]
[2025-12-11T13:13:09.410+0000] {subprocess.py:93} INFO - [0m13:13:09  4 of 24 PASS not_null_fct_production_orders_batch_id ........................... [[32mPASS[0m in 1.65s]
[2025-12-11T13:13:09.415+0000] {subprocess.py:93} INFO - [0m13:13:09  10 of 24 START test not_null_stg_batches_material_id ........................... [RUN]
[2025-12-11T13:13:09.443+0000] {subprocess.py:93} INFO - [0m13:13:09  7 of 24 PASS not_null_mfg_plant_daily_kpis_calendar_date ....................... [[32mPASS[0m in 0.38s]
[2025-12-11T13:13:09.448+0000] {subprocess.py:93} INFO - [0m13:13:09  11 of 24 START test not_null_stg_materials_material_id ......................... [RUN]
[2025-12-11T13:13:09.572+0000] {subprocess.py:93} INFO - [0m13:13:09  8 of 24 PASS not_null_mfg_plant_daily_kpis_manufacturing_site .................. [[32mPASS[0m in 0.31s]
[2025-12-11T13:13:09.577+0000] {subprocess.py:93} INFO - [0m13:13:09  12 of 24 START test not_null_stg_production_orders_batch_id .................... [RUN]
[2025-12-11T13:13:09.651+0000] {subprocess.py:93} INFO - [0m13:13:09  9 of 24 PASS not_null_stg_batches_batch_id ..................................... [[32mPASS[0m in 0.36s]
[2025-12-11T13:13:09.656+0000] {subprocess.py:93} INFO - [0m13:13:09  13 of 24 START test not_null_stg_production_orders_order_id .................... [RUN]
[2025-12-11T13:13:09.762+0000] {subprocess.py:93} INFO - [0m13:13:09  10 of 24 PASS not_null_stg_batches_material_id ................................. [[32mPASS[0m in 0.35s]
[2025-12-11T13:13:09.769+0000] {subprocess.py:93} INFO - [0m13:13:09  14 of 24 START test relationships_core_batches_material_id__material_id__ref_core_materials_  [RUN]
[2025-12-11T13:13:09.800+0000] {subprocess.py:93} INFO - [0m13:13:09  11 of 24 PASS not_null_stg_materials_material_id ............................... [[32mPASS[0m in 0.35s]
[2025-12-11T13:13:09.806+0000] {subprocess.py:93} INFO - [0m13:13:09  15 of 24 START test relationships_fct_production_orders_batch_id__batch_id__ref_core_batches_  [RUN]
[2025-12-11T13:13:09.893+0000] {subprocess.py:93} INFO - [0m13:13:09  12 of 24 PASS not_null_stg_production_orders_batch_id .......................... [[32mPASS[0m in 0.31s]
[2025-12-11T13:13:09.897+0000] {subprocess.py:93} INFO - [0m13:13:09  16 of 24 START test relationships_stg_batches_material_id__material_id__ref_stg_materials_  [RUN]
[2025-12-11T13:13:09.973+0000] {subprocess.py:93} INFO - [0m13:13:09  13 of 24 PASS not_null_stg_production_orders_order_id .......................... [[32mPASS[0m in 0.32s]
[2025-12-11T13:13:09.980+0000] {subprocess.py:93} INFO - [0m13:13:09  17 of 24 START test relationships_stg_production_orders_batch_id__batch_id__ref_stg_batches_  [RUN]
[2025-12-11T13:13:10.124+0000] {subprocess.py:93} INFO - [0m13:13:10  14 of 24 PASS relationships_core_batches_material_id__material_id__ref_core_materials_  [[32mPASS[0m in 0.35s]
[2025-12-11T13:13:10.129+0000] {subprocess.py:93} INFO - [0m13:13:10  18 of 24 START test unique_core_batches_batch_id ............................... [RUN]
[2025-12-11T13:13:10.147+0000] {subprocess.py:93} INFO - [0m13:13:10  15 of 24 PASS relationships_fct_production_orders_batch_id__batch_id__ref_core_batches_  [[32mPASS[0m in 0.34s]
[2025-12-11T13:13:10.152+0000] {subprocess.py:93} INFO - [0m13:13:10  19 of 24 START test unique_core_materials_material_id .......................... [RUN]
[2025-12-11T13:13:10.315+0000] {subprocess.py:93} INFO - [0m13:13:10  16 of 24 PASS relationships_stg_batches_material_id__material_id__ref_stg_materials_  [[32mPASS[0m in 0.42s]
[2025-12-11T13:13:10.324+0000] {subprocess.py:93} INFO - [0m13:13:10  20 of 24 START test unique_fct_production_orders_order_id ...................... [RUN]
[2025-12-11T13:13:10.351+0000] {subprocess.py:93} INFO - [0m13:13:10  17 of 24 PASS relationships_stg_production_orders_batch_id__batch_id__ref_stg_batches_  [[32mPASS[0m in 0.37s]
[2025-12-11T13:13:10.359+0000] {subprocess.py:93} INFO - [0m13:13:10  21 of 24 START test unique_mfg_ml_features_orders_order_id ..................... [RUN]
[2025-12-11T13:13:10.433+0000] {subprocess.py:93} INFO - [0m13:13:10  18 of 24 FAIL 10000 unique_core_batches_batch_id ............................... [[31mFAIL 10000[0m in 0.30s]
[2025-12-11T13:13:10.438+0000] {subprocess.py:93} INFO - [0m13:13:10  22 of 24 START test unique_stg_batches_batch_id ................................ [RUN]
[2025-12-11T13:13:10.450+0000] {subprocess.py:93} INFO - [0m13:13:10  19 of 24 FAIL 500 unique_core_materials_material_id ............................ [[31mFAIL 500[0m in 0.30s]
[2025-12-11T13:13:10.465+0000] {subprocess.py:93} INFO - [0m13:13:10  23 of 24 START test unique_stg_materials_material_id ........................... [RUN]
[2025-12-11T13:13:10.656+0000] {subprocess.py:93} INFO - [0m13:13:10  20 of 24 FAIL 10000 unique_fct_production_orders_order_id ...................... [[31mFAIL 10000[0m in 0.33s]
[2025-12-11T13:13:10.662+0000] {subprocess.py:93} INFO - [0m13:13:10  21 of 24 FAIL 10000 unique_mfg_ml_features_orders_order_id ..................... [[31mFAIL 10000[0m in 0.30s]
[2025-12-11T13:13:10.672+0000] {subprocess.py:93} INFO - [0m13:13:10  24 of 24 START test unique_stg_production_orders_order_id ...................... [RUN]
[2025-12-11T13:13:10.767+0000] {subprocess.py:93} INFO - [0m13:13:10  23 of 24 FAIL 500 unique_stg_materials_material_id ............................. [[31mFAIL 500[0m in 0.30s]
[2025-12-11T13:13:10.846+0000] {subprocess.py:93} INFO - [0m13:13:10  22 of 24 FAIL 10000 unique_stg_batches_batch_id ................................ [[31mFAIL 10000[0m in 0.41s]
[2025-12-11T13:13:10.975+0000] {subprocess.py:93} INFO - [0m13:13:10  24 of 24 FAIL 10000 unique_stg_production_orders_order_id ...................... [[31mFAIL 10000[0m in 0.30s]
[2025-12-11T13:13:12.727+0000] {subprocess.py:93} INFO - [0m13:13:12
[2025-12-11T13:13:12.728+0000] {subprocess.py:93} INFO - [0m13:13:12  Finished running 24 data tests in 0 hours 0 minutes and 6.75 seconds (6.75s).
[2025-12-11T13:13:12.851+0000] {subprocess.py:93} INFO - [0m13:13:12
[2025-12-11T13:13:12.852+0000] {subprocess.py:93} INFO - [0m13:13:12  [31mCompleted with 7 errors, 0 partial successes, and 0 warnings:[0m
[2025-12-11T13:13:12.854+0000] {subprocess.py:93} INFO - [0m13:13:12
[2025-12-11T13:13:12.856+0000] {subprocess.py:93} INFO - [0m13:13:12  [31mFailure in test unique_core_batches_batch_id (models/core/core_schema.yml)[0m
[2025-12-11T13:13:12.857+0000] {subprocess.py:93} INFO - [0m13:13:12    Got 10000 results, configured to fail if != 0
[2025-12-11T13:13:12.859+0000] {subprocess.py:93} INFO - [0m13:13:12
[2025-12-11T13:13:12.860+0000] {subprocess.py:93} INFO - [0m13:13:12    compiled code at target/compiled/mfg_accelerator/models/core/core_schema.yml/unique_core_batches_batch_id.sql
[2025-12-11T13:13:12.862+0000] {subprocess.py:93} INFO - [0m13:13:12
[2025-12-11T13:13:12.864+0000] {subprocess.py:93} INFO - [0m13:13:12  [31mFailure in test unique_core_materials_material_id (models/core/core_schema.yml)[0m
[2025-12-11T13:13:12.865+0000] {subprocess.py:93} INFO - [0m13:13:12    Got 500 results, configured to fail if != 0
[2025-12-11T13:13:12.867+0000] {subprocess.py:93} INFO - [0m13:13:12
[2025-12-11T13:13:12.868+0000] {subprocess.py:93} INFO - [0m13:13:12    compiled code at target/compiled/mfg_accelerator/models/core/core_schema.yml/unique_core_materials_material_id.sql
[2025-12-11T13:13:12.870+0000] {subprocess.py:93} INFO - [0m13:13:12
[2025-12-11T13:13:12.871+0000] {subprocess.py:93} INFO - [0m13:13:12  [31mFailure in test unique_fct_production_orders_order_id (models/core/core_schema.yml)[0m
[2025-12-11T13:13:12.873+0000] {subprocess.py:93} INFO - [0m13:13:12    Got 10000 results, configured to fail if != 0
[2025-12-11T13:13:12.874+0000] {subprocess.py:93} INFO - [0m13:13:12
[2025-12-11T13:13:12.876+0000] {subprocess.py:93} INFO - [0m13:13:12    compiled code at target/compiled/mfg_accelerator/models/core/core_schema.yml/unique_fct_production_orders_order_id.sql
[2025-12-11T13:13:12.878+0000] {subprocess.py:93} INFO - [0m13:13:12
[2025-12-11T13:13:12.880+0000] {subprocess.py:93} INFO - [0m13:13:12  [31mFailure in test unique_mfg_ml_features_orders_order_id (models/marts/marts_schema.yml)[0m
[2025-12-11T13:13:12.881+0000] {subprocess.py:93} INFO - [0m13:13:12    Got 10000 results, configured to fail if != 0
[2025-12-11T13:13:12.883+0000] {subprocess.py:93} INFO - [0m13:13:12
[2025-12-11T13:13:12.885+0000] {subprocess.py:93} INFO - [0m13:13:12    compiled code at target/compiled/mfg_accelerator/models/marts/marts_schema.yml/unique_mfg_ml_features_orders_order_id.sql
[2025-12-11T13:13:12.886+0000] {subprocess.py:93} INFO - [0m13:13:12
[2025-12-11T13:13:12.888+0000] {subprocess.py:93} INFO - [0m13:13:12  [31mFailure in test unique_stg_materials_material_id (models/staging/staging_schema.yml)[0m
[2025-12-11T13:13:12.890+0000] {subprocess.py:93} INFO - [0m13:13:12    Got 500 results, configured to fail if != 0
[2025-12-11T13:13:12.891+0000] {subprocess.py:93} INFO - [0m13:13:12
[2025-12-11T13:13:12.893+0000] {subprocess.py:93} INFO - [0m13:13:12    compiled code at target/compiled/mfg_accelerator/models/staging/staging_schema.yml/unique_stg_materials_material_id.sql
[2025-12-11T13:13:12.894+0000] {subprocess.py:93} INFO - [0m13:13:12
[2025-12-11T13:13:12.896+0000] {subprocess.py:93} INFO - [0m13:13:12  [31mFailure in test unique_stg_batches_batch_id (models/staging/staging_schema.yml)[0m
[2025-12-11T13:13:12.898+0000] {subprocess.py:93} INFO - [0m13:13:12    Got 10000 results, configured to fail if != 0
[2025-12-11T13:13:12.899+0000] {subprocess.py:93} INFO - [0m13:13:12
[2025-12-11T13:13:12.901+0000] {subprocess.py:93} INFO - [0m13:13:12    compiled code at target/compiled/mfg_accelerator/models/staging/staging_schema.yml/unique_stg_batches_batch_id.sql
[2025-12-11T13:13:12.902+0000] {subprocess.py:93} INFO - [0m13:13:12
[2025-12-11T13:13:12.905+0000] {subprocess.py:93} INFO - [0m13:13:12  [31mFailure in test unique_stg_production_orders_order_id (models/staging/staging_schema.yml)[0m
[2025-12-11T13:13:12.907+0000] {subprocess.py:93} INFO - [0m13:13:12    Got 10000 results, configured to fail if != 0
[2025-12-11T13:13:12.908+0000] {subprocess.py:93} INFO - [0m13:13:12
[2025-12-11T13:13:12.910+0000] {subprocess.py:93} INFO - [0m13:13:12    compiled code at target/compiled/mfg_accelerator/models/staging/staging_schema.yml/unique_stg_production_orders_order_id.sql
[2025-12-11T13:13:12.912+0000] {subprocess.py:93} INFO - [0m13:13:12
[2025-12-11T13:13:12.914+0000] {subprocess.py:93} INFO - [0m13:13:12  Done. PASS=17 WARN=0 ERROR=7 SKIP=0 NO-OP=0 TOTAL=24
[2025-12-11T13:13:14.055+0000] {subprocess.py:97} INFO - Command exited with return code 1
[2025-12-11T13:13:14.056+0000] {taskinstance.py:441} INFO - ::group::Post task execution logs
[2025-12-11T13:13:14.065+0000] {taskinstance.py:2890} ERROR - Task failed with exception
Traceback (most recent call last):
  File "/home/airflow/.local/lib/python3.12/site-packages/airflow/models/taskinstance.py", line 465, in _execute_task
    result = _execute_callable(context=context, **execute_callable_kwargs)
             ^^^^^^^^^^^^^^^^^^^^^^^^^^^^^^^^^^^^^^^^^^^^^^^^^^^^^^^^^^^^^
  File "/home/airflow/.local/lib/python3.12/site-packages/airflow/models/taskinstance.py", line 432, in _execute_callable
    return execute_callable(context=context, **execute_callable_kwargs)
           ^^^^^^^^^^^^^^^^^^^^^^^^^^^^^^^^^^^^^^^^^^^^^^^^^^^^^^^^^^^^
  File "/home/airflow/.local/lib/python3.12/site-packages/airflow/models/baseoperator.py", line 400, in wrapper
    return func(self, *args, **kwargs)
           ^^^^^^^^^^^^^^^^^^^^^^^^^^^
  File "/home/airflow/.local/lib/python3.12/site-packages/airflow/operators/bash.py", line 243, in execute
    raise AirflowException(
airflow.exceptions.AirflowException: Bash command failed. The command returned a non-zero exit code 1.
[2025-12-11T13:13:14.072+0000] {taskinstance.py:1205} INFO - Marking task as FAILED. dag_id=mfg_accelerator_pipeline, task_id=dbt_test_all, execution_date=20251211T125638, start_date=20251211T131301, end_date=20251211T131314
[2025-12-11T13:13:14.089+0000] {standard_task_runner.py:110} ERROR - Failed to execute job 5 for task dbt_test_all (Bash command failed. The command returned a non-zero exit code 1.; 490)
[2025-12-11T13:13:14.121+0000] {local_task_job_runner.py:240} INFO - Task exited with return code 1
[2025-12-11T13:13:14.136+0000] {taskinstance.py:3482} INFO - 0 downstream tasks scheduled from follow-on schedule check
[2025-12-11T13:13:14.141+0000] {local_task_job_runner.py:222} INFO - ::endgroup::
