[2025-12-17T07:06:45.342+0000] {local_task_job_runner.py:120} INFO - ::group::Pre task execution logs
[2025-12-17T07:06:45.538+0000] {taskinstance.py:2073} INFO - Dependencies all met for dep_context=non-requeueable deps ti=<TaskInstance: mfg_raw_ingestion_dag.ingest_raw_to_snowflake scheduled__2025-12-16T04:00:00+00:00 [queued]>
[2025-12-17T07:06:45.612+0000] {taskinstance.py:2073} INFO - Dependencies all met for dep_context=requeueable deps ti=<TaskInstance: mfg_raw_ingestion_dag.ingest_raw_to_snowflake scheduled__2025-12-16T04:00:00+00:00 [queued]>
[2025-12-17T07:06:45.635+0000] {taskinstance.py:2303} INFO - Starting attempt 1 of 3
[2025-12-17T07:06:45.887+0000] {taskinstance.py:2327} INFO - Executing <Task(BashOperator): ingest_raw_to_snowflake> on 2025-12-16 04:00:00+00:00
[2025-12-17T07:06:45.966+0000] {standard_task_runner.py:90} INFO - Running: ['***', 'tasks', 'run', 'mfg_raw_ingestion_dag', 'ingest_raw_to_snowflake', 'scheduled__2025-12-16T04:00:00+00:00', '--job-id', '29', '--raw', '--subdir', 'DAGS_FOLDER/mfg_raw_ingestion_dag.py', '--cfg-path', '/tmp/tmpwa42mcol']
[2025-12-17T07:06:46.003+0000] {standard_task_runner.py:91} INFO - Job 29: Subtask ingest_raw_to_snowflake
[2025-12-17T07:06:46.005+0000] {logging_mixin.py:188} WARNING - /home/***/.local/lib/python3.12/site-packages/***/task/task_runner/standard_task_runner.py:61 DeprecationWarning: This process (pid=2523) is multi-threaded, use of fork() may lead to deadlocks in the child.
[2025-12-17T07:06:46.026+0000] {standard_task_runner.py:63} INFO - Started process 2537 to run task
[2025-12-17T07:06:46.357+0000] {task_command.py:426} INFO - Running <TaskInstance: mfg_raw_ingestion_dag.ingest_raw_to_snowflake scheduled__2025-12-16T04:00:00+00:00 [running]> on host f349782282f8
[2025-12-17T07:06:47.022+0000] {taskinstance.py:2644} INFO - Exporting env vars: AIRFLOW_CTX_DAG_OWNER='data-engineering' AIRFLOW_CTX_DAG_ID='mfg_raw_ingestion_dag' AIRFLOW_CTX_TASK_ID='ingest_raw_to_snowflake' AIRFLOW_CTX_EXECUTION_DATE='2025-12-16T04:00:00+00:00' AIRFLOW_CTX_TRY_NUMBER='1' AIRFLOW_CTX_DAG_RUN_ID='scheduled__2025-12-16T04:00:00+00:00'
[2025-12-17T07:06:47.080+0000] {taskinstance.py:430} INFO - ::endgroup::
[2025-12-17T07:06:47.233+0000] {subprocess.py:63} INFO - Tmp dir root location: /tmp
[2025-12-17T07:06:47.248+0000] {subprocess.py:75} INFO - Running command: ['/usr/bin/bash', '-c', 'python /opt/***/ingestion/python/load_raw_to_snowflake.py']
[2025-12-17T07:06:47.394+0000] {subprocess.py:86} INFO - Output:
[2025-12-17T07:07:00.005+0000] {subprocess.py:93} INFO - [INFO] 2025-12-17 07:07:00 - Environment variables loaded from /opt/***/.env
[2025-12-17T07:07:00.007+0000] {subprocess.py:93} INFO - [INFO] 2025-12-17 07:07:00 - Connecting to Snowflake...
[2025-12-17T07:07:07.413+0000] {subprocess.py:93} INFO - Traceback (most recent call last):
[2025-12-17T07:07:07.417+0000] {subprocess.py:93} INFO -   File "/home/***/.local/lib/python3.12/site-packages/snowflake/connector/vendored/urllib3/connection.py", line 198, in _new_conn
[2025-12-17T07:07:07.427+0000] {subprocess.py:93} INFO -     sock = connection.create_connection(
[2025-12-17T07:07:07.429+0000] {subprocess.py:93} INFO -            ^^^^^^^^^^^^^^^^^^^^^^^^^^^^^
[2025-12-17T07:07:07.432+0000] {subprocess.py:93} INFO -   File "/home/***/.local/lib/python3.12/site-packages/snowflake/connector/vendored/urllib3/util/connection.py", line 60, in create_connection
[2025-12-17T07:07:07.435+0000] {subprocess.py:93} INFO -     for res in socket.getaddrinfo(host, port, family, socket.SOCK_STREAM):
[2025-12-17T07:07:07.441+0000] {subprocess.py:93} INFO -                ^^^^^^^^^^^^^^^^^^^^^^^^^^^^^^^^^^^^^^^^^^^^^^^^^^^^^^^^^^
[2025-12-17T07:07:07.442+0000] {subprocess.py:93} INFO -   File "/usr/local/lib/python3.12/socket.py", line 963, in getaddrinfo
[2025-12-17T07:07:07.444+0000] {subprocess.py:93} INFO -     for res in _socket.getaddrinfo(host, port, family, type, proto, flags):
[2025-12-17T07:07:07.445+0000] {subprocess.py:93} INFO -                ^^^^^^^^^^^^^^^^^^^^^^^^^^^^^^^^^^^^^^^^^^^^^^^^^^^^^^^^^^^
[2025-12-17T07:07:07.446+0000] {subprocess.py:93} INFO - socket.gaierror: [Errno -2] Name or service not known
[2025-12-17T07:07:07.448+0000] {subprocess.py:93} INFO - 
[2025-12-17T07:07:07.449+0000] {subprocess.py:93} INFO - The above exception was the direct cause of the following exception:
[2025-12-17T07:07:07.453+0000] {subprocess.py:93} INFO - 
[2025-12-17T07:07:07.463+0000] {subprocess.py:93} INFO - Traceback (most recent call last):
[2025-12-17T07:07:07.468+0000] {subprocess.py:93} INFO -   File "/home/***/.local/lib/python3.12/site-packages/snowflake/connector/vendored/urllib3/connectionpool.py", line 787, in urlopen
[2025-12-17T07:07:07.472+0000] {subprocess.py:93} INFO -     response = self._make_request(
[2025-12-17T07:07:07.479+0000] {subprocess.py:93} INFO -                ^^^^^^^^^^^^^^^^^^^
[2025-12-17T07:07:07.484+0000] {subprocess.py:93} INFO -   File "/home/***/.local/lib/python3.12/site-packages/snowflake/connector/vendored/urllib3/connectionpool.py", line 488, in _make_request
[2025-12-17T07:07:07.488+0000] {subprocess.py:93} INFO -     raise new_e
[2025-12-17T07:07:07.490+0000] {subprocess.py:93} INFO -   File "/home/***/.local/lib/python3.12/site-packages/snowflake/connector/vendored/urllib3/connectionpool.py", line 464, in _make_request
[2025-12-17T07:07:07.496+0000] {subprocess.py:93} INFO -     self._validate_conn(conn)
[2025-12-17T07:07:07.509+0000] {subprocess.py:93} INFO -   File "/home/***/.local/lib/python3.12/site-packages/snowflake/connector/vendored/urllib3/connectionpool.py", line 1093, in _validate_conn
[2025-12-17T07:07:07.511+0000] {subprocess.py:93} INFO -     conn.connect()
[2025-12-17T07:07:07.514+0000] {subprocess.py:93} INFO -   File "/home/***/.local/lib/python3.12/site-packages/snowflake/connector/vendored/urllib3/connection.py", line 762, in connect
[2025-12-17T07:07:07.518+0000] {subprocess.py:93} INFO -     self.sock = sock = self._new_conn()
[2025-12-17T07:07:07.523+0000] {subprocess.py:93} INFO -                        ^^^^^^^^^^^^^^^^
[2025-12-17T07:07:07.528+0000] {subprocess.py:93} INFO -   File "/home/***/.local/lib/python3.12/site-packages/snowflake/connector/vendored/urllib3/connection.py", line 205, in _new_conn
[2025-12-17T07:07:07.536+0000] {subprocess.py:93} INFO -     raise NameResolutionError(self.host, self, e) from e
[2025-12-17T07:07:07.538+0000] {subprocess.py:93} INFO - snowflake.connector.vendored.urllib3.exceptions.NameResolutionError: <snowflake.connector.vendored.urllib3.connection.HTTPSConnection object at 0x759999e813d0>: Failed to resolve 'dtwdusn-wrb63753.snowflakecomputing.com' ([Errno -2] Name or service not known)
[2025-12-17T07:07:07.547+0000] {subprocess.py:93} INFO - 
[2025-12-17T07:07:07.553+0000] {subprocess.py:93} INFO - The above exception was the direct cause of the following exception:
[2025-12-17T07:07:07.555+0000] {subprocess.py:93} INFO - 
[2025-12-17T07:07:07.556+0000] {subprocess.py:93} INFO - Traceback (most recent call last):
[2025-12-17T07:07:07.560+0000] {subprocess.py:93} INFO -   File "/home/***/.local/lib/python3.12/site-packages/snowflake/connector/vendored/requests/adapters.py", line 644, in send
[2025-12-17T07:07:07.568+0000] {subprocess.py:93} INFO -     resp = conn.urlopen(
[2025-12-17T07:07:07.574+0000] {subprocess.py:93} INFO -            ^^^^^^^^^^^^^
[2025-12-17T07:07:07.576+0000] {subprocess.py:93} INFO -   File "/home/***/.local/lib/python3.12/site-packages/snowflake/connector/vendored/urllib3/connectionpool.py", line 871, in urlopen
[2025-12-17T07:07:07.579+0000] {subprocess.py:93} INFO -     return self.urlopen(
[2025-12-17T07:07:07.587+0000] {subprocess.py:93} INFO -            ^^^^^^^^^^^^^
[2025-12-17T07:07:07.597+0000] {subprocess.py:93} INFO -   File "/home/***/.local/lib/python3.12/site-packages/snowflake/connector/vendored/urllib3/connectionpool.py", line 841, in urlopen
[2025-12-17T07:07:07.600+0000] {subprocess.py:93} INFO -     retries = retries.increment(
[2025-12-17T07:07:07.609+0000] {subprocess.py:93} INFO -               ^^^^^^^^^^^^^^^^^^
[2025-12-17T07:07:07.612+0000] {subprocess.py:93} INFO -   File "/home/***/.local/lib/python3.12/site-packages/snowflake/connector/vendored/urllib3/util/retry.py", line 519, in increment
[2025-12-17T07:07:07.614+0000] {subprocess.py:93} INFO -     raise MaxRetryError(_pool, url, reason) from reason  # type: ignore[arg-type]
[2025-12-17T07:07:07.615+0000] {subprocess.py:93} INFO -     ^^^^^^^^^^^^^^^^^^^^^^^^^^^^^^^^^^^^^^^^^^^^^^^^^^^
[2025-12-17T07:07:07.616+0000] {subprocess.py:93} INFO - snowflake.connector.vendored.urllib3.exceptions.MaxRetryError: HTTPSConnectionPool(host='dtwdusn-wrb63753.snowflakecomputing.com', port=443): Max retries exceeded with url: /session/v1/login-request?request_id=06399147-14a5-4c89-9aee-0bb43fb09fc4&databaseName=MFG_ACCELERATOR&schemaName=RAW&warehouse=WH_MFG_ACCELERATOR&roleName=ACCOUNTADMIN&request_guid=155ca31f-ba34-4165-8131-09715f32f4a7 (Caused by NameResolutionError("<snowflake.connector.vendored.urllib3.connection.HTTPSConnection object at 0x759999e813d0>: Failed to resolve 'dtwdusn-wrb63753.snowflakecomputing.com' ([Errno -2] Name or service not known)"))
[2025-12-17T07:07:07.617+0000] {subprocess.py:93} INFO - 
[2025-12-17T07:07:07.619+0000] {subprocess.py:93} INFO - During handling of the above exception, another exception occurred:
[2025-12-17T07:07:07.622+0000] {subprocess.py:93} INFO - 
[2025-12-17T07:07:07.623+0000] {subprocess.py:93} INFO - Traceback (most recent call last):
[2025-12-17T07:07:07.626+0000] {subprocess.py:93} INFO -   File "/home/***/.local/lib/python3.12/site-packages/snowflake/connector/network.py", line 1083, in _request_exec
[2025-12-17T07:07:07.630+0000] {subprocess.py:93} INFO -     raw_ret = session.request(
[2025-12-17T07:07:07.633+0000] {subprocess.py:93} INFO -               ^^^^^^^^^^^^^^^^
[2025-12-17T07:07:07.634+0000] {subprocess.py:93} INFO -   File "/home/***/.local/lib/python3.12/site-packages/snowflake/connector/vendored/requests/sessions.py", line 589, in request
[2025-12-17T07:07:07.637+0000] {subprocess.py:93} INFO -     resp = self.send(prep, **send_kwargs)
[2025-12-17T07:07:07.640+0000] {subprocess.py:93} INFO -            ^^^^^^^^^^^^^^^^^^^^^^^^^^^^^^
[2025-12-17T07:07:07.644+0000] {subprocess.py:93} INFO -   File "/home/***/.local/lib/python3.12/site-packages/snowflake/connector/vendored/requests/sessions.py", line 703, in send
[2025-12-17T07:07:07.649+0000] {subprocess.py:93} INFO -     r = adapter.send(request, **kwargs)
[2025-12-17T07:07:07.655+0000] {subprocess.py:93} INFO -         ^^^^^^^^^^^^^^^^^^^^^^^^^^^^^^^
[2025-12-17T07:07:07.664+0000] {subprocess.py:93} INFO -   File "/home/***/.local/lib/python3.12/site-packages/snowflake/connector/vendored/requests/adapters.py", line 677, in send
[2025-12-17T07:07:07.665+0000] {subprocess.py:93} INFO -     raise ConnectionError(e, request=request)
[2025-12-17T07:07:07.667+0000] {subprocess.py:93} INFO - snowflake.connector.vendored.requests.exceptions.ConnectionError: HTTPSConnectionPool(host='dtwdusn-wrb63753.snowflakecomputing.com', port=443): Max retries exceeded with url: /session/v1/login-request?request_id=06399147-14a5-4c89-9aee-0bb43fb09fc4&databaseName=MFG_ACCELERATOR&schemaName=RAW&warehouse=WH_MFG_ACCELERATOR&roleName=ACCOUNTADMIN&request_guid=155ca31f-ba34-4165-8131-09715f32f4a7 (Caused by NameResolutionError("<snowflake.connector.vendored.urllib3.connection.HTTPSConnection object at 0x759999e813d0>: Failed to resolve 'dtwdusn-wrb63753.snowflakecomputing.com' ([Errno -2] Name or service not known)"))
[2025-12-17T07:07:07.671+0000] {subprocess.py:93} INFO - 
[2025-12-17T07:07:07.675+0000] {subprocess.py:93} INFO - During handling of the above exception, another exception occurred:
[2025-12-17T07:07:07.677+0000] {subprocess.py:93} INFO - 
[2025-12-17T07:07:07.680+0000] {subprocess.py:93} INFO - Traceback (most recent call last):
[2025-12-17T07:07:07.684+0000] {subprocess.py:93} INFO -   File "/home/***/.local/lib/python3.12/site-packages/snowflake/connector/connection.py", line 1736, in _authenticate
[2025-12-17T07:07:07.685+0000] {subprocess.py:93} INFO -     auth.authenticate(
[2025-12-17T07:07:07.686+0000] {subprocess.py:93} INFO -   File "/home/***/.local/lib/python3.12/site-packages/snowflake/connector/auth/_auth.py", line 238, in authenticate
[2025-12-17T07:07:07.696+0000] {subprocess.py:93} INFO -     ret = self._rest._post_request(
[2025-12-17T07:07:07.700+0000] {subprocess.py:93} INFO -           ^^^^^^^^^^^^^^^^^^^^^^^^^
[2025-12-17T07:07:07.701+0000] {subprocess.py:93} INFO -   File "/home/***/.local/lib/python3.12/site-packages/snowflake/connector/network.py", line 728, in _post_request
[2025-12-17T07:07:07.705+0000] {subprocess.py:93} INFO -     ret = self.fetch(
[2025-12-17T07:07:07.707+0000] {subprocess.py:93} INFO -           ^^^^^^^^^^^
[2025-12-17T07:07:07.708+0000] {subprocess.py:93} INFO -   File "/home/***/.local/lib/python3.12/site-packages/snowflake/connector/network.py", line 847, in fetch
[2025-12-17T07:07:07.710+0000] {subprocess.py:93} INFO -     ret = self._request_exec_wrapper(
[2025-12-17T07:07:07.711+0000] {subprocess.py:93} INFO -           ^^^^^^^^^^^^^^^^^^^^^^^^^^^
[2025-12-17T07:07:07.713+0000] {subprocess.py:93} INFO -   File "/home/***/.local/lib/python3.12/site-packages/snowflake/connector/network.py", line 988, in _request_exec_wrapper
[2025-12-17T07:07:07.716+0000] {subprocess.py:93} INFO -     raise e
[2025-12-17T07:07:07.719+0000] {subprocess.py:93} INFO -   File "/home/***/.local/lib/python3.12/site-packages/snowflake/connector/network.py", line 898, in _request_exec_wrapper
[2025-12-17T07:07:07.723+0000] {subprocess.py:93} INFO -     return_object = self._request_exec(
[2025-12-17T07:07:07.725+0000] {subprocess.py:93} INFO -                     ^^^^^^^^^^^^^^^^^^^
[2025-12-17T07:07:07.726+0000] {subprocess.py:93} INFO -   File "/home/***/.local/lib/python3.12/site-packages/snowflake/connector/network.py", line 1181, in _request_exec
[2025-12-17T07:07:07.730+0000] {subprocess.py:93} INFO -     raise OperationalError(
[2025-12-17T07:07:07.738+0000] {subprocess.py:93} INFO - snowflake.connector.errors.OperationalError: 251011: ConnectionTimeout occurred during login. Will be handled by authenticator
[2025-12-17T07:07:07.740+0000] {subprocess.py:93} INFO - 
[2025-12-17T07:07:07.741+0000] {subprocess.py:93} INFO - The above exception was the direct cause of the following exception:
[2025-12-17T07:07:07.742+0000] {subprocess.py:93} INFO - 
[2025-12-17T07:07:07.744+0000] {subprocess.py:93} INFO - Traceback (most recent call last):
[2025-12-17T07:07:07.745+0000] {subprocess.py:93} INFO -   File "/opt/***/ingestion/python/load_raw_to_snowflake.py", line 400, in <module>
[2025-12-17T07:07:07.746+0000] {subprocess.py:93} INFO -     main()
[2025-12-17T07:07:07.748+0000] {subprocess.py:93} INFO -   File "/opt/***/ingestion/python/load_raw_to_snowflake.py", line 328, in main
[2025-12-17T07:07:07.751+0000] {subprocess.py:93} INFO -     conn = get_snowflake_connection()
[2025-12-17T07:07:07.753+0000] {subprocess.py:93} INFO -            ^^^^^^^^^^^^^^^^^^^^^^^^^^
[2025-12-17T07:07:07.755+0000] {subprocess.py:93} INFO -   File "/opt/***/ingestion/python/load_raw_to_snowflake.py", line 90, in get_snowflake_connection
[2025-12-17T07:07:07.756+0000] {subprocess.py:93} INFO -     conn = snowflake.connector.connect(
[2025-12-17T07:07:07.757+0000] {subprocess.py:93} INFO -            ^^^^^^^^^^^^^^^^^^^^^^^^^^^^
[2025-12-17T07:07:07.758+0000] {subprocess.py:93} INFO -   File "/home/***/.local/lib/python3.12/site-packages/snowflake/connector/__init__.py", line 54, in Connect
[2025-12-17T07:07:07.760+0000] {subprocess.py:93} INFO -     return SnowflakeConnection(**kwargs)
[2025-12-17T07:07:07.762+0000] {subprocess.py:93} INFO -            ^^^^^^^^^^^^^^^^^^^^^^^^^^^^^
[2025-12-17T07:07:07.763+0000] {subprocess.py:93} INFO -   File "/home/***/.local/lib/python3.12/site-packages/snowflake/connector/connection.py", line 588, in __init__
[2025-12-17T07:07:07.764+0000] {subprocess.py:93} INFO -     self.connect(**kwargs)
[2025-12-17T07:07:07.768+0000] {subprocess.py:93} INFO -   File "/home/***/.local/lib/python3.12/site-packages/snowflake/connector/connection.py", line 972, in connect
[2025-12-17T07:07:07.770+0000] {subprocess.py:93} INFO -     self.__open_connection()
[2025-12-17T07:07:07.772+0000] {subprocess.py:93} INFO -   File "/home/***/.local/lib/python3.12/site-packages/snowflake/connector/connection.py", line 1371, in __open_connection
[2025-12-17T07:07:07.774+0000] {subprocess.py:93} INFO -     self.authenticate_with_retry(self.auth_class)
[2025-12-17T07:07:07.776+0000] {subprocess.py:93} INFO -   File "/home/***/.local/lib/python3.12/site-packages/snowflake/connector/connection.py", line 1704, in authenticate_with_retry
[2025-12-17T07:07:07.777+0000] {subprocess.py:93} INFO -     self._authenticate(auth_instance)
[2025-12-17T07:07:07.778+0000] {subprocess.py:93} INFO -   File "/home/***/.local/lib/python3.12/site-packages/snowflake/connector/connection.py", line 1782, in _authenticate
[2025-12-17T07:07:07.779+0000] {subprocess.py:93} INFO -     raise auth_op from e
[2025-12-17T07:07:07.780+0000] {subprocess.py:93} INFO -   File "/home/***/.local/lib/python3.12/site-packages/snowflake/connector/connection.py", line 1757, in _authenticate
[2025-12-17T07:07:07.783+0000] {subprocess.py:93} INFO -     auth_instance.handle_timeout(
[2025-12-17T07:07:07.784+0000] {subprocess.py:93} INFO -   File "/home/***/.local/lib/python3.12/site-packages/snowflake/connector/auth/by_plugin.py", line 212, in handle_timeout
[2025-12-17T07:07:07.785+0000] {subprocess.py:93} INFO -     raise error
[2025-12-17T07:07:07.787+0000] {subprocess.py:93} INFO - snowflake.connector.errors.OperationalError: 250001: Could not connect to Snowflake backend after 2 attempt(s).Aborting
[2025-12-17T07:07:07.886+0000] {subprocess.py:97} INFO - Command exited with return code 1
[2025-12-17T07:07:07.887+0000] {taskinstance.py:441} INFO - ::group::Post task execution logs
[2025-12-17T07:07:07.907+0000] {taskinstance.py:2890} ERROR - Task failed with exception
Traceback (most recent call last):
  File "/home/airflow/.local/lib/python3.12/site-packages/airflow/models/taskinstance.py", line 465, in _execute_task
    result = _execute_callable(context=context, **execute_callable_kwargs)
             ^^^^^^^^^^^^^^^^^^^^^^^^^^^^^^^^^^^^^^^^^^^^^^^^^^^^^^^^^^^^^
  File "/home/airflow/.local/lib/python3.12/site-packages/airflow/models/taskinstance.py", line 432, in _execute_callable
    return execute_callable(context=context, **execute_callable_kwargs)
           ^^^^^^^^^^^^^^^^^^^^^^^^^^^^^^^^^^^^^^^^^^^^^^^^^^^^^^^^^^^^
  File "/home/airflow/.local/lib/python3.12/site-packages/airflow/models/baseoperator.py", line 400, in wrapper
    return func(self, *args, **kwargs)
           ^^^^^^^^^^^^^^^^^^^^^^^^^^^
  File "/home/airflow/.local/lib/python3.12/site-packages/airflow/operators/bash.py", line 243, in execute
    raise AirflowException(
airflow.exceptions.AirflowException: Bash command failed. The command returned a non-zero exit code 1.
[2025-12-17T07:07:07.923+0000] {taskinstance.py:1205} INFO - Marking task as UP_FOR_RETRY. dag_id=mfg_raw_ingestion_dag, task_id=ingest_raw_to_snowflake, execution_date=20251216T040000, start_date=20251217T070645, end_date=20251217T070707
[2025-12-17T07:07:07.988+0000] {standard_task_runner.py:110} ERROR - Failed to execute job 29 for task ingest_raw_to_snowflake (Bash command failed. The command returned a non-zero exit code 1.; 2537)
[2025-12-17T07:07:08.024+0000] {local_task_job_runner.py:240} INFO - Task exited with return code 1
[2025-12-17T07:07:08.084+0000] {taskinstance.py:3482} INFO - 0 downstream tasks scheduled from follow-on schedule check
[2025-12-17T07:07:08.091+0000] {local_task_job_runner.py:222} INFO - ::endgroup::
