[2025-12-17T07:06:52.336+0000] {local_task_job_runner.py:120} INFO - ::group::Pre task execution logs
[2025-12-17T07:06:52.535+0000] {taskinstance.py:2073} INFO - Dependencies all met for dep_context=non-requeueable deps ti=<TaskInstance: mfg_data_quality_monitoring_dag.dq_check_rowcounts_raw_vs_core scheduled__2025-12-16T06:00:00+00:00 [queued]>
[2025-12-17T07:06:52.612+0000] {taskinstance.py:2073} INFO - Dependencies all met for dep_context=requeueable deps ti=<TaskInstance: mfg_data_quality_monitoring_dag.dq_check_rowcounts_raw_vs_core scheduled__2025-12-16T06:00:00+00:00 [queued]>
[2025-12-17T07:06:52.631+0000] {taskinstance.py:2303} INFO - Starting attempt 1 of 2
[2025-12-17T07:06:52.728+0000] {taskinstance.py:2327} INFO - Executing <Task(PythonOperator): dq_check_rowcounts_raw_vs_core> on 2025-12-16 06:00:00+00:00
[2025-12-17T07:06:52.775+0000] {standard_task_runner.py:90} INFO - Running: ['***', 'tasks', 'run', 'mfg_data_quality_monitoring_dag', 'dq_check_rowcounts_raw_vs_core', 'scheduled__2025-12-16T06:00:00+00:00', '--job-id', '30', '--raw', '--subdir', 'DAGS_FOLDER/mfg_data_quality_monitoring_dag.py', '--cfg-path', '/tmp/tmpkshzdqry']
[2025-12-17T07:06:52.811+0000] {logging_mixin.py:188} WARNING - /home/***/.local/lib/python3.12/site-packages/***/task/task_runner/standard_task_runner.py:61 DeprecationWarning: This process (pid=2524) is multi-threaded, use of fork() may lead to deadlocks in the child.
[2025-12-17T07:06:52.816+0000] {standard_task_runner.py:91} INFO - Job 30: Subtask dq_check_rowcounts_raw_vs_core
[2025-12-17T07:06:52.832+0000] {standard_task_runner.py:63} INFO - Started process 2554 to run task
[2025-12-17T07:06:53.216+0000] {task_command.py:426} INFO - Running <TaskInstance: mfg_data_quality_monitoring_dag.dq_check_rowcounts_raw_vs_core scheduled__2025-12-16T06:00:00+00:00 [running]> on host f349782282f8
[2025-12-17T07:06:53.720+0000] {taskinstance.py:2644} INFO - Exporting env vars: AIRFLOW_CTX_DAG_OWNER='data-platform' AIRFLOW_CTX_DAG_ID='mfg_data_quality_monitoring_dag' AIRFLOW_CTX_TASK_ID='dq_check_rowcounts_raw_vs_core' AIRFLOW_CTX_EXECUTION_DATE='2025-12-16T06:00:00+00:00' AIRFLOW_CTX_TRY_NUMBER='1' AIRFLOW_CTX_DAG_RUN_ID='scheduled__2025-12-16T06:00:00+00:00'
[2025-12-17T07:06:53.737+0000] {taskinstance.py:430} INFO - ::endgroup::
[2025-12-17T07:06:53.845+0000] {connection.py:521} INFO - Snowflake Connector for Python Version: 3.18.0, Python Version: 3.12.2, Platform: Linux-6.6.87.2-microsoft-standard-WSL2-x86_64-with-glibc2.36
[2025-12-17T07:06:53.857+0000] {connection.py:1464} INFO - Connecting to GLOBAL Snowflake domain
[2025-12-17T07:06:58.267+0000] {connectionpool.py:868} WARNING - Retrying (Retry(total=0, connect=None, read=None, redirect=None, status=None)) after connection broken by 'NameResolutionError("<snowflake.connector.vendored.urllib3.connection.HTTPSConnection object at 0x78f22a3f4d10>: Failed to resolve 'dtwdusn-wrb63753.snowflakecomputing.com' ([Errno -2] Name or service not known)")': /session/v1/login-request?request_id=8c64cebc-c9db-42e4-a957-fdd3866a3f90&databaseName=MFG_ACCELERATOR&schemaName=RAW&warehouse=WH_MFG_ACCELERATOR&roleName=ACCOUNTADMIN&request_guid=218d6161-2611-4e8d-9a6f-d435b40e7966
[2025-12-17T07:07:05.348+0000] {connectionpool.py:868} WARNING - Retrying (Retry(total=0, connect=None, read=None, redirect=None, status=None)) after connection broken by 'NameResolutionError("<snowflake.connector.vendored.urllib3.connection.HTTPSConnection object at 0x78f228f35f70>: Failed to resolve 'dtwdusn-wrb63753.snowflakecomputing.com' ([Errno -5] No address associated with hostname)")': /session/v1/login-request?request_id=d3a960a8-5814-4be5-bea9-6049e127a94a&databaseName=MFG_ACCELERATOR&schemaName=RAW&warehouse=WH_MFG_ACCELERATOR&roleName=ACCOUNTADMIN&request_guid=68d20a9a-5729-44ff-9a5e-2b835d1e57a4
[2025-12-17T07:07:05.359+0000] {taskinstance.py:441} INFO - ::group::Post task execution logs
[2025-12-17T07:07:05.360+0000] {taskinstance.py:2890} ERROR - Task failed with exception
Traceback (most recent call last):
  File "/home/airflow/.local/lib/python3.12/site-packages/snowflake/connector/vendored/urllib3/connection.py", line 198, in _new_conn
    sock = connection.create_connection(
           ^^^^^^^^^^^^^^^^^^^^^^^^^^^^^
  File "/home/airflow/.local/lib/python3.12/site-packages/snowflake/connector/vendored/urllib3/util/connection.py", line 60, in create_connection
    for res in socket.getaddrinfo(host, port, family, socket.SOCK_STREAM):
               ^^^^^^^^^^^^^^^^^^^^^^^^^^^^^^^^^^^^^^^^^^^^^^^^^^^^^^^^^^
  File "/usr/local/lib/python3.12/socket.py", line 963, in getaddrinfo
    for res in _socket.getaddrinfo(host, port, family, type, proto, flags):
               ^^^^^^^^^^^^^^^^^^^^^^^^^^^^^^^^^^^^^^^^^^^^^^^^^^^^^^^^^^^
socket.gaierror: [Errno -2] Name or service not known

The above exception was the direct cause of the following exception:

Traceback (most recent call last):
  File "/home/airflow/.local/lib/python3.12/site-packages/snowflake/connector/vendored/urllib3/connectionpool.py", line 787, in urlopen
    response = self._make_request(
               ^^^^^^^^^^^^^^^^^^^
  File "/home/airflow/.local/lib/python3.12/site-packages/snowflake/connector/vendored/urllib3/connectionpool.py", line 488, in _make_request
    raise new_e
  File "/home/airflow/.local/lib/python3.12/site-packages/snowflake/connector/vendored/urllib3/connectionpool.py", line 464, in _make_request
    self._validate_conn(conn)
  File "/home/airflow/.local/lib/python3.12/site-packages/snowflake/connector/vendored/urllib3/connectionpool.py", line 1093, in _validate_conn
    conn.connect()
  File "/home/airflow/.local/lib/python3.12/site-packages/snowflake/connector/vendored/urllib3/connection.py", line 762, in connect
    self.sock = sock = self._new_conn()
                       ^^^^^^^^^^^^^^^^
  File "/home/airflow/.local/lib/python3.12/site-packages/snowflake/connector/vendored/urllib3/connection.py", line 205, in _new_conn
    raise NameResolutionError(self.host, self, e) from e
snowflake.connector.vendored.urllib3.exceptions.NameResolutionError: <snowflake.connector.vendored.urllib3.connection.HTTPSConnection object at 0x78f22a3f65a0>: Failed to resolve 'dtwdusn-wrb63753.snowflakecomputing.com' ([Errno -2] Name or service not known)

The above exception was the direct cause of the following exception:

Traceback (most recent call last):
  File "/home/airflow/.local/lib/python3.12/site-packages/snowflake/connector/vendored/requests/adapters.py", line 644, in send
    resp = conn.urlopen(
           ^^^^^^^^^^^^^
  File "/home/airflow/.local/lib/python3.12/site-packages/snowflake/connector/vendored/urllib3/connectionpool.py", line 871, in urlopen
    return self.urlopen(
           ^^^^^^^^^^^^^
  File "/home/airflow/.local/lib/python3.12/site-packages/snowflake/connector/vendored/urllib3/connectionpool.py", line 841, in urlopen
    retries = retries.increment(
              ^^^^^^^^^^^^^^^^^^
  File "/home/airflow/.local/lib/python3.12/site-packages/snowflake/connector/vendored/urllib3/util/retry.py", line 519, in increment
    raise MaxRetryError(_pool, url, reason) from reason  # type: ignore[arg-type]
    ^^^^^^^^^^^^^^^^^^^^^^^^^^^^^^^^^^^^^^^^^^^^^^^^^^^
snowflake.connector.vendored.urllib3.exceptions.MaxRetryError: HTTPSConnectionPool(host='dtwdusn-wrb63753.snowflakecomputing.com', port=443): Max retries exceeded with url: /session/v1/login-request?request_id=8c64cebc-c9db-42e4-a957-fdd3866a3f90&databaseName=MFG_ACCELERATOR&schemaName=RAW&warehouse=WH_MFG_ACCELERATOR&roleName=ACCOUNTADMIN&request_guid=218d6161-2611-4e8d-9a6f-d435b40e7966 (Caused by NameResolutionError("<snowflake.connector.vendored.urllib3.connection.HTTPSConnection object at 0x78f22a3f65a0>: Failed to resolve 'dtwdusn-wrb63753.snowflakecomputing.com' ([Errno -2] Name or service not known)"))

During handling of the above exception, another exception occurred:

Traceback (most recent call last):
  File "/home/airflow/.local/lib/python3.12/site-packages/snowflake/connector/network.py", line 1083, in _request_exec
    raw_ret = session.request(
              ^^^^^^^^^^^^^^^^
  File "/home/airflow/.local/lib/python3.12/site-packages/snowflake/connector/vendored/requests/sessions.py", line 589, in request
    resp = self.send(prep, **send_kwargs)
           ^^^^^^^^^^^^^^^^^^^^^^^^^^^^^^
  File "/home/airflow/.local/lib/python3.12/site-packages/snowflake/connector/vendored/requests/sessions.py", line 703, in send
    r = adapter.send(request, **kwargs)
        ^^^^^^^^^^^^^^^^^^^^^^^^^^^^^^^
  File "/home/airflow/.local/lib/python3.12/site-packages/snowflake/connector/vendored/requests/adapters.py", line 677, in send
    raise ConnectionError(e, request=request)
snowflake.connector.vendored.requests.exceptions.ConnectionError: HTTPSConnectionPool(host='dtwdusn-wrb63753.snowflakecomputing.com', port=443): Max retries exceeded with url: /session/v1/login-request?request_id=8c64cebc-c9db-42e4-a957-fdd3866a3f90&databaseName=MFG_ACCELERATOR&schemaName=RAW&warehouse=WH_MFG_ACCELERATOR&roleName=ACCOUNTADMIN&request_guid=218d6161-2611-4e8d-9a6f-d435b40e7966 (Caused by NameResolutionError("<snowflake.connector.vendored.urllib3.connection.HTTPSConnection object at 0x78f22a3f65a0>: Failed to resolve 'dtwdusn-wrb63753.snowflakecomputing.com' ([Errno -2] Name or service not known)"))

During handling of the above exception, another exception occurred:

Traceback (most recent call last):
  File "/home/airflow/.local/lib/python3.12/site-packages/snowflake/connector/connection.py", line 1736, in _authenticate
    auth.authenticate(
  File "/home/airflow/.local/lib/python3.12/site-packages/snowflake/connector/auth/_auth.py", line 238, in authenticate
    ret = self._rest._post_request(
          ^^^^^^^^^^^^^^^^^^^^^^^^^
  File "/home/airflow/.local/lib/python3.12/site-packages/snowflake/connector/network.py", line 728, in _post_request
    ret = self.fetch(
          ^^^^^^^^^^^
  File "/home/airflow/.local/lib/python3.12/site-packages/snowflake/connector/network.py", line 847, in fetch
    ret = self._request_exec_wrapper(
          ^^^^^^^^^^^^^^^^^^^^^^^^^^^
  File "/home/airflow/.local/lib/python3.12/site-packages/snowflake/connector/network.py", line 988, in _request_exec_wrapper
    raise e
  File "/home/airflow/.local/lib/python3.12/site-packages/snowflake/connector/network.py", line 898, in _request_exec_wrapper
    return_object = self._request_exec(
                    ^^^^^^^^^^^^^^^^^^^
  File "/home/airflow/.local/lib/python3.12/site-packages/snowflake/connector/network.py", line 1181, in _request_exec
    raise OperationalError(
snowflake.connector.errors.OperationalError: 251011: 251011: ConnectionTimeout occurred during login. Will be handled by authenticator

The above exception was the direct cause of the following exception:

Traceback (most recent call last):
  File "/home/airflow/.local/lib/python3.12/site-packages/airflow/models/taskinstance.py", line 460, in _execute_task
    result = _execute_callable(context=context, **execute_callable_kwargs)
             ^^^^^^^^^^^^^^^^^^^^^^^^^^^^^^^^^^^^^^^^^^^^^^^^^^^^^^^^^^^^^
  File "/home/airflow/.local/lib/python3.12/site-packages/airflow/models/taskinstance.py", line 432, in _execute_callable
    return execute_callable(context=context, **execute_callable_kwargs)
           ^^^^^^^^^^^^^^^^^^^^^^^^^^^^^^^^^^^^^^^^^^^^^^^^^^^^^^^^^^^^
  File "/home/airflow/.local/lib/python3.12/site-packages/airflow/models/baseoperator.py", line 400, in wrapper
    return func(self, *args, **kwargs)
           ^^^^^^^^^^^^^^^^^^^^^^^^^^^
  File "/home/airflow/.local/lib/python3.12/site-packages/airflow/operators/python.py", line 235, in execute
    return_value = self.execute_callable()
                   ^^^^^^^^^^^^^^^^^^^^^^^
  File "/home/airflow/.local/lib/python3.12/site-packages/airflow/operators/python.py", line 252, in execute_callable
    return self.python_callable(*self.op_args, **self.op_kwargs)
           ^^^^^^^^^^^^^^^^^^^^^^^^^^^^^^^^^^^^^^^^^^^^^^^^^^^^^
  File "/opt/airflow/dags/mfg_data_quality_monitoring_dag.py", line 89, in dq_check_rowcounts_raw_vs_core
    conn = _sf_connect()
           ^^^^^^^^^^^^^
  File "/opt/airflow/dags/mfg_data_quality_monitoring_dag.py", line 51, in _sf_connect
    conn = snowflake.connector.connect(
           ^^^^^^^^^^^^^^^^^^^^^^^^^^^^
  File "/home/airflow/.local/lib/python3.12/site-packages/snowflake/connector/__init__.py", line 54, in Connect
    return SnowflakeConnection(**kwargs)
           ^^^^^^^^^^^^^^^^^^^^^^^^^^^^^
  File "/home/airflow/.local/lib/python3.12/site-packages/snowflake/connector/connection.py", line 588, in __init__
    self.connect(**kwargs)
  File "/home/airflow/.local/lib/python3.12/site-packages/snowflake/connector/connection.py", line 972, in connect
    self.__open_connection()
  File "/home/airflow/.local/lib/python3.12/site-packages/snowflake/connector/connection.py", line 1371, in __open_connection
    self.authenticate_with_retry(self.auth_class)
  File "/home/airflow/.local/lib/python3.12/site-packages/snowflake/connector/connection.py", line 1704, in authenticate_with_retry
    self._authenticate(auth_instance)
  File "/home/airflow/.local/lib/python3.12/site-packages/snowflake/connector/connection.py", line 1782, in _authenticate
    raise auth_op from e
  File "/home/airflow/.local/lib/python3.12/site-packages/snowflake/connector/connection.py", line 1757, in _authenticate
    auth_instance.handle_timeout(
  File "/home/airflow/.local/lib/python3.12/site-packages/snowflake/connector/auth/by_plugin.py", line 212, in handle_timeout
    raise error
snowflake.connector.errors.OperationalError: 250001: 250001: Could not connect to Snowflake backend after 2 attempt(s).Aborting
[2025-12-17T07:07:05.376+0000] {taskinstance.py:1205} INFO - Marking task as UP_FOR_RETRY. dag_id=mfg_data_quality_monitoring_dag, task_id=dq_check_rowcounts_raw_vs_core, execution_date=20251216T060000, start_date=20251217T070652, end_date=20251217T070705
[2025-12-17T07:07:05.390+0000] {standard_task_runner.py:110} ERROR - Failed to execute job 30 for task dq_check_rowcounts_raw_vs_core (250001: 250001: Could not connect to Snowflake backend after 2 attempt(s).Aborting; 2554)
[2025-12-17T07:07:05.412+0000] {local_task_job_runner.py:240} INFO - Task exited with return code 1
[2025-12-17T07:07:05.434+0000] {taskinstance.py:3482} INFO - 0 downstream tasks scheduled from follow-on schedule check
[2025-12-17T07:07:05.441+0000] {local_task_job_runner.py:222} INFO - ::endgroup::
