[2025-12-17T10:22:58.228+0000] {local_task_job_runner.py:120} INFO - ::group::Pre task execution logs
[2025-12-17T10:22:58.274+0000] {taskinstance.py:2073} INFO - Dependencies all met for dep_context=non-requeueable deps ti=<TaskInstance: mfg_raw_ingestion_dag.dbt_run_all manual__2025-12-17T10:17:20.551265+00:00 [queued]>
[2025-12-17T10:22:58.283+0000] {taskinstance.py:2073} INFO - Dependencies all met for dep_context=requeueable deps ti=<TaskInstance: mfg_raw_ingestion_dag.dbt_run_all manual__2025-12-17T10:17:20.551265+00:00 [queued]>
[2025-12-17T10:22:58.284+0000] {taskinstance.py:2303} INFO - Starting attempt 2 of 3
[2025-12-17T10:22:58.300+0000] {taskinstance.py:2327} INFO - Executing <Task(BashOperator): dbt_run_all> on 2025-12-17 10:17:20.551265+00:00
[2025-12-17T10:22:58.307+0000] {standard_task_runner.py:90} INFO - Running: ['***', 'tasks', 'run', 'mfg_raw_ingestion_dag', 'dbt_run_all', 'manual__2025-12-17T10:17:20.551265+00:00', '--job-id', '27', '--raw', '--subdir', 'DAGS_FOLDER/mfg_raw_ingestion_dag.py', '--cfg-path', '/tmp/tmpmx8j94kr']
[2025-12-17T10:22:58.312+0000] {standard_task_runner.py:91} INFO - Job 27: Subtask dbt_run_all
[2025-12-17T10:22:58.312+0000] {logging_mixin.py:188} WARNING - /home/***/.local/lib/python3.12/site-packages/***/task/task_runner/standard_task_runner.py:61 DeprecationWarning: This process (pid=503) is multi-threaded, use of fork() may lead to deadlocks in the child.
[2025-12-17T10:22:58.313+0000] {standard_task_runner.py:63} INFO - Started process 504 to run task
[2025-12-17T10:22:58.381+0000] {task_command.py:426} INFO - Running <TaskInstance: mfg_raw_ingestion_dag.dbt_run_all manual__2025-12-17T10:17:20.551265+00:00 [running]> on host d97aa9fd61c4
[2025-12-17T10:22:58.479+0000] {taskinstance.py:2644} INFO - Exporting env vars: AIRFLOW_CTX_DAG_OWNER='data-eng' AIRFLOW_CTX_DAG_ID='mfg_raw_ingestion_dag' AIRFLOW_CTX_TASK_ID='dbt_run_all' AIRFLOW_CTX_EXECUTION_DATE='2025-12-17T10:17:20.551265+00:00' AIRFLOW_CTX_TRY_NUMBER='2' AIRFLOW_CTX_DAG_RUN_ID='manual__2025-12-17T10:17:20.551265+00:00'
[2025-12-17T10:22:58.480+0000] {taskinstance.py:430} INFO - ::endgroup::
[2025-12-17T10:22:58.497+0000] {subprocess.py:63} INFO - Tmp dir root location: /tmp
[2025-12-17T10:22:58.498+0000] {subprocess.py:75} INFO - Running command: ['/usr/bin/bash', '-c', 'cd /opt/***/dbt_project && dbt run --profiles-dir /opt/***/dbt_profiles']
[2025-12-17T10:22:58.507+0000] {subprocess.py:86} INFO - Output:
[2025-12-17T10:23:01.522+0000] {subprocess.py:93} INFO - Traceback (most recent call last):
[2025-12-17T10:23:01.523+0000] {subprocess.py:93} INFO -   File "/home/***/.local/bin/dbt", line 5, in <module>
[2025-12-17T10:23:01.524+0000] {subprocess.py:93} INFO -     from dbt.cli.main import cli
[2025-12-17T10:23:01.524+0000] {subprocess.py:93} INFO -   File "/home/***/.local/lib/python3.12/site-packages/dbt/cli/__init__.py", line 1, in <module>
[2025-12-17T10:23:01.525+0000] {subprocess.py:93} INFO -     from .main import cli as dbt_cli  # noqa
[2025-12-17T10:23:01.526+0000] {subprocess.py:93} INFO -     ^^^^^^^^^^^^^^^^^^^^^^^^^^^^^^^^
[2025-12-17T10:23:01.526+0000] {subprocess.py:93} INFO -   File "/home/***/.local/lib/python3.12/site-packages/dbt/cli/main.py", line 14, in <module>
[2025-12-17T10:23:01.527+0000] {subprocess.py:93} INFO -     from dbt.cli import params as p
[2025-12-17T10:23:01.528+0000] {subprocess.py:93} INFO -   File "/home/***/.local/lib/python3.12/site-packages/dbt/cli/params.py", line 13, in <module>
[2025-12-17T10:23:01.529+0000] {subprocess.py:93} INFO -     from dbt.cli.options import MultiOption
[2025-12-17T10:23:01.529+0000] {subprocess.py:93} INFO -   File "/home/***/.local/lib/python3.12/site-packages/dbt/cli/options.py", line 6, in <module>
[2025-12-17T10:23:01.530+0000] {subprocess.py:93} INFO -     from click.parser import _OptionParser, _ParsingState
[2025-12-17T10:23:01.531+0000] {subprocess.py:93} INFO - ImportError: cannot import name '_OptionParser' from 'click.parser' (/home/***/.local/lib/python3.12/site-packages/click/parser.py). Did you mean: 'OptionParser'?
[2025-12-17T10:23:01.711+0000] {subprocess.py:97} INFO - Command exited with return code 1
[2025-12-17T10:23:01.712+0000] {taskinstance.py:441} INFO - ::group::Post task execution logs
[2025-12-17T10:23:01.730+0000] {taskinstance.py:2890} ERROR - Task failed with exception
Traceback (most recent call last):
  File "/home/airflow/.local/lib/python3.12/site-packages/airflow/models/taskinstance.py", line 460, in _execute_task
    result = _execute_callable(context=context, **execute_callable_kwargs)
             ^^^^^^^^^^^^^^^^^^^^^^^^^^^^^^^^^^^^^^^^^^^^^^^^^^^^^^^^^^^^^
  File "/home/airflow/.local/lib/python3.12/site-packages/airflow/models/taskinstance.py", line 432, in _execute_callable
    return execute_callable(context=context, **execute_callable_kwargs)
           ^^^^^^^^^^^^^^^^^^^^^^^^^^^^^^^^^^^^^^^^^^^^^^^^^^^^^^^^^^^^
  File "/home/airflow/.local/lib/python3.12/site-packages/airflow/models/baseoperator.py", line 400, in wrapper
    return func(self, *args, **kwargs)
           ^^^^^^^^^^^^^^^^^^^^^^^^^^^
  File "/home/airflow/.local/lib/python3.12/site-packages/airflow/operators/bash.py", line 243, in execute
    raise AirflowException(
airflow.exceptions.AirflowException: Bash command failed. The command returned a non-zero exit code 1.
[2025-12-17T10:23:01.735+0000] {taskinstance.py:1205} INFO - Marking task as UP_FOR_RETRY. dag_id=mfg_raw_ingestion_dag, task_id=dbt_run_all, execution_date=20251217T101720, start_date=20251217T102258, end_date=20251217T102301
[2025-12-17T10:23:01.751+0000] {standard_task_runner.py:110} ERROR - Failed to execute job 27 for task dbt_run_all (Bash command failed. The command returned a non-zero exit code 1.; 504)
[2025-12-17T10:23:01.782+0000] {local_task_job_runner.py:240} INFO - Task exited with return code 1
[2025-12-17T10:23:01.813+0000] {taskinstance.py:3482} INFO - 0 downstream tasks scheduled from follow-on schedule check
[2025-12-17T10:23:01.818+0000] {local_task_job_runner.py:222} INFO - ::endgroup::
