[2025-12-17T10:04:05.673+0000] {local_task_job_runner.py:120} INFO - ::group::Pre task execution logs
[2025-12-17T10:04:05.713+0000] {taskinstance.py:2073} INFO - Dependencies all met for dep_context=non-requeueable deps ti=<TaskInstance: mfg_raw_ingestion_dag.dbt_run_all manual__2025-12-17T09:58:36.362709+00:00 [queued]>
[2025-12-17T10:04:05.721+0000] {taskinstance.py:2073} INFO - Dependencies all met for dep_context=requeueable deps ti=<TaskInstance: mfg_raw_ingestion_dag.dbt_run_all manual__2025-12-17T09:58:36.362709+00:00 [queued]>
[2025-12-17T10:04:05.722+0000] {taskinstance.py:2303} INFO - Starting attempt 2 of 3
[2025-12-17T10:04:05.739+0000] {taskinstance.py:2327} INFO - Executing <Task(BashOperator): dbt_run_all> on 2025-12-17 09:58:36.362709+00:00
[2025-12-17T10:04:05.748+0000] {standard_task_runner.py:90} INFO - Running: ['***', 'tasks', 'run', 'mfg_raw_ingestion_dag', 'dbt_run_all', 'manual__2025-12-17T09:58:36.362709+00:00', '--job-id', '17', '--raw', '--subdir', 'DAGS_FOLDER/mfg_raw_ingestion_dag.py', '--cfg-path', '/tmp/tmpf6r7xco3']
[2025-12-17T10:04:05.752+0000] {standard_task_runner.py:91} INFO - Job 17: Subtask dbt_run_all
[2025-12-17T10:04:05.752+0000] {logging_mixin.py:188} WARNING - /home/***/.local/lib/python3.12/site-packages/***/task/task_runner/standard_task_runner.py:61 DeprecationWarning: This process (pid=1908) is multi-threaded, use of fork() may lead to deadlocks in the child.
[2025-12-17T10:04:05.754+0000] {standard_task_runner.py:63} INFO - Started process 1909 to run task
[2025-12-17T10:04:05.820+0000] {task_command.py:426} INFO - Running <TaskInstance: mfg_raw_ingestion_dag.dbt_run_all manual__2025-12-17T09:58:36.362709+00:00 [running]> on host 68b68f67a494
[2025-12-17T10:04:05.955+0000] {taskinstance.py:2644} INFO - Exporting env vars: AIRFLOW_CTX_DAG_OWNER='data-eng' AIRFLOW_CTX_DAG_ID='mfg_raw_ingestion_dag' AIRFLOW_CTX_TASK_ID='dbt_run_all' AIRFLOW_CTX_EXECUTION_DATE='2025-12-17T09:58:36.362709+00:00' AIRFLOW_CTX_TRY_NUMBER='2' AIRFLOW_CTX_DAG_RUN_ID='manual__2025-12-17T09:58:36.362709+00:00'
[2025-12-17T10:04:05.967+0000] {taskinstance.py:430} INFO - ::endgroup::
[2025-12-17T10:04:05.990+0000] {subprocess.py:63} INFO - Tmp dir root location: /tmp
[2025-12-17T10:04:05.992+0000] {subprocess.py:75} INFO - Running command: ['/usr/bin/bash', '-c', 'cd /opt/***/dbt_project && dbt run --profiles-dir /opt/***/dbt_profiles']
[2025-12-17T10:04:06.000+0000] {subprocess.py:86} INFO - Output:
[2025-12-17T10:04:06.002+0000] {subprocess.py:93} INFO - /usr/bin/bash: line 1: dbt: command not found
[2025-12-17T10:04:06.003+0000] {subprocess.py:97} INFO - Command exited with return code 127
[2025-12-17T10:04:06.004+0000] {taskinstance.py:441} INFO - ::group::Post task execution logs
[2025-12-17T10:04:06.017+0000] {taskinstance.py:2890} ERROR - Task failed with exception
Traceback (most recent call last):
  File "/home/airflow/.local/lib/python3.12/site-packages/airflow/models/taskinstance.py", line 460, in _execute_task
    result = _execute_callable(context=context, **execute_callable_kwargs)
             ^^^^^^^^^^^^^^^^^^^^^^^^^^^^^^^^^^^^^^^^^^^^^^^^^^^^^^^^^^^^^
  File "/home/airflow/.local/lib/python3.12/site-packages/airflow/models/taskinstance.py", line 432, in _execute_callable
    return execute_callable(context=context, **execute_callable_kwargs)
           ^^^^^^^^^^^^^^^^^^^^^^^^^^^^^^^^^^^^^^^^^^^^^^^^^^^^^^^^^^^^
  File "/home/airflow/.local/lib/python3.12/site-packages/airflow/models/baseoperator.py", line 400, in wrapper
    return func(self, *args, **kwargs)
           ^^^^^^^^^^^^^^^^^^^^^^^^^^^
  File "/home/airflow/.local/lib/python3.12/site-packages/airflow/operators/bash.py", line 243, in execute
    raise AirflowException(
airflow.exceptions.AirflowException: Bash command failed. The command returned a non-zero exit code 127.
[2025-12-17T10:04:06.021+0000] {taskinstance.py:1205} INFO - Marking task as UP_FOR_RETRY. dag_id=mfg_raw_ingestion_dag, task_id=dbt_run_all, execution_date=20251217T095836, start_date=20251217T100405, end_date=20251217T100406
[2025-12-17T10:04:06.036+0000] {standard_task_runner.py:110} ERROR - Failed to execute job 17 for task dbt_run_all (Bash command failed. The command returned a non-zero exit code 127.; 1909)
[2025-12-17T10:04:06.050+0000] {local_task_job_runner.py:240} INFO - Task exited with return code 1
[2025-12-17T10:04:06.073+0000] {taskinstance.py:3482} INFO - 0 downstream tasks scheduled from follow-on schedule check
[2025-12-17T10:04:06.078+0000] {local_task_job_runner.py:222} INFO - ::endgroup::
