[2025-12-17T07:13:21.913+0000] {local_task_job_runner.py:120} INFO - ::group::Pre task execution logs
[2025-12-17T07:13:21.940+0000] {taskinstance.py:2073} INFO - Dependencies all met for dep_context=non-requeueable deps ti=<TaskInstance: mfg_data_quality_monitoring_dag.dq_log_results scheduled__2025-12-16T06:00:00+00:00 [queued]>
[2025-12-17T07:13:21.947+0000] {taskinstance.py:2073} INFO - Dependencies all met for dep_context=requeueable deps ti=<TaskInstance: mfg_data_quality_monitoring_dag.dq_log_results scheduled__2025-12-16T06:00:00+00:00 [queued]>
[2025-12-17T07:13:21.948+0000] {taskinstance.py:2303} INFO - Starting attempt 2 of 2
[2025-12-17T07:13:21.963+0000] {taskinstance.py:2327} INFO - Executing <Task(PythonOperator): dq_log_results> on 2025-12-16 06:00:00+00:00
[2025-12-17T07:13:21.972+0000] {logging_mixin.py:188} WARNING - /home/***/.local/lib/python3.12/site-packages/***/task/task_runner/standard_task_runner.py:61 DeprecationWarning: This process (pid=2987) is multi-threaded, use of fork() may lead to deadlocks in the child.
[2025-12-17T07:13:21.972+0000] {standard_task_runner.py:90} INFO - Running: ['***', 'tasks', 'run', 'mfg_data_quality_monitoring_dag', 'dq_log_results', 'scheduled__2025-12-16T06:00:00+00:00', '--job-id', '38', '--raw', '--subdir', 'DAGS_FOLDER/mfg_data_quality_monitoring_dag.py', '--cfg-path', '/tmp/tmpsv35n5lz']
[2025-12-17T07:13:21.974+0000] {standard_task_runner.py:63} INFO - Started process 2990 to run task
[2025-12-17T07:13:21.975+0000] {standard_task_runner.py:91} INFO - Job 38: Subtask dq_log_results
[2025-12-17T07:13:22.034+0000] {task_command.py:426} INFO - Running <TaskInstance: mfg_data_quality_monitoring_dag.dq_log_results scheduled__2025-12-16T06:00:00+00:00 [running]> on host f349782282f8
[2025-12-17T07:13:22.135+0000] {taskinstance.py:2644} INFO - Exporting env vars: AIRFLOW_CTX_DAG_OWNER='data-platform' AIRFLOW_CTX_DAG_ID='mfg_data_quality_monitoring_dag' AIRFLOW_CTX_TASK_ID='dq_log_results' AIRFLOW_CTX_EXECUTION_DATE='2025-12-16T06:00:00+00:00' AIRFLOW_CTX_TRY_NUMBER='2' AIRFLOW_CTX_DAG_RUN_ID='scheduled__2025-12-16T06:00:00+00:00'
[2025-12-17T07:13:22.137+0000] {taskinstance.py:430} INFO - ::endgroup::
[2025-12-17T07:13:22.193+0000] {connection.py:521} INFO - Snowflake Connector for Python Version: 3.18.0, Python Version: 3.12.2, Platform: Linux-6.6.87.2-microsoft-standard-WSL2-x86_64-with-glibc2.36
[2025-12-17T07:13:22.195+0000] {connection.py:1464} INFO - Connecting to GLOBAL Snowflake domain
[2025-12-17T07:13:25.406+0000] {taskinstance.py:441} INFO - ::group::Post task execution logs
[2025-12-17T07:13:25.408+0000] {taskinstance.py:2890} ERROR - Task failed with exception
Traceback (most recent call last):
  File "/home/airflow/.local/lib/python3.12/site-packages/airflow/models/taskinstance.py", line 460, in _execute_task
    result = _execute_callable(context=context, **execute_callable_kwargs)
             ^^^^^^^^^^^^^^^^^^^^^^^^^^^^^^^^^^^^^^^^^^^^^^^^^^^^^^^^^^^^^
  File "/home/airflow/.local/lib/python3.12/site-packages/airflow/models/taskinstance.py", line 432, in _execute_callable
    return execute_callable(context=context, **execute_callable_kwargs)
           ^^^^^^^^^^^^^^^^^^^^^^^^^^^^^^^^^^^^^^^^^^^^^^^^^^^^^^^^^^^^
  File "/home/airflow/.local/lib/python3.12/site-packages/airflow/models/baseoperator.py", line 400, in wrapper
    return func(self, *args, **kwargs)
           ^^^^^^^^^^^^^^^^^^^^^^^^^^^
  File "/home/airflow/.local/lib/python3.12/site-packages/airflow/operators/python.py", line 235, in execute
    return_value = self.execute_callable()
                   ^^^^^^^^^^^^^^^^^^^^^^^
  File "/home/airflow/.local/lib/python3.12/site-packages/airflow/operators/python.py", line 252, in execute_callable
    return self.python_callable(*self.op_args, **self.op_kwargs)
           ^^^^^^^^^^^^^^^^^^^^^^^^^^^^^^^^^^^^^^^^^^^^^^^^^^^^^
  File "/opt/airflow/dags/mfg_data_quality_monitoring_dag.py", line 334, in dq_log_results
    _execute(
  File "/opt/airflow/dags/mfg_data_quality_monitoring_dag.py", line 66, in _execute
    cur.execute(query, params)
  File "/home/airflow/.local/lib/python3.12/site-packages/snowflake/connector/cursor.py", line 1134, in execute
    Error.errorhandler_wrapper(self.connection, self, error_class, errvalue)
  File "/home/airflow/.local/lib/python3.12/site-packages/snowflake/connector/errors.py", line 286, in errorhandler_wrapper
    handed_over = Error.hand_to_other_handler(
                  ^^^^^^^^^^^^^^^^^^^^^^^^^^^^
  File "/home/airflow/.local/lib/python3.12/site-packages/snowflake/connector/errors.py", line 341, in hand_to_other_handler
    cursor.errorhandler(connection, cursor, error_class, error_value)
  File "/home/airflow/.local/lib/python3.12/site-packages/snowflake/connector/errors.py", line 217, in default_errorhandler
    raise error_class(
snowflake.connector.errors.ProgrammingError: 000904 (42000): 01c11b11-0107-4c10-0013-40ff0016b046: SQL compilation error: error line 1 at position 36
invalid identifier 'RUN_TS'
[2025-12-17T07:13:25.425+0000] {taskinstance.py:1205} INFO - Marking task as FAILED. dag_id=mfg_data_quality_monitoring_dag, task_id=dq_log_results, execution_date=20251216T060000, start_date=20251217T071321, end_date=20251217T071325
[2025-12-17T07:13:25.447+0000] {standard_task_runner.py:110} ERROR - Failed to execute job 38 for task dq_log_results (000904 (42000): 01c11b11-0107-4c10-0013-40ff0016b046: SQL compilation error: error line 1 at position 36
invalid identifier 'RUN_TS'; 2990)
[2025-12-17T07:13:25.491+0000] {local_task_job_runner.py:240} INFO - Task exited with return code 1
[2025-12-17T07:13:25.506+0000] {taskinstance.py:3482} INFO - 0 downstream tasks scheduled from follow-on schedule check
[2025-12-17T07:13:25.511+0000] {local_task_job_runner.py:222} INFO - ::endgroup::
