[2025-12-17T07:06:45.337+0000] {local_task_job_runner.py:120} INFO - ::group::Pre task execution logs
[2025-12-17T07:06:45.537+0000] {taskinstance.py:2073} INFO - Dependencies all met for dep_context=non-requeueable deps ti=<TaskInstance: mfg_dbt_transform_dag.dbt_run_staging scheduled__2025-12-16T04:15:00+00:00 [queued]>
[2025-12-17T07:06:45.614+0000] {taskinstance.py:2073} INFO - Dependencies all met for dep_context=requeueable deps ti=<TaskInstance: mfg_dbt_transform_dag.dbt_run_staging scheduled__2025-12-16T04:15:00+00:00 [queued]>
[2025-12-17T07:06:45.635+0000] {taskinstance.py:2303} INFO - Starting attempt 1 of 3
[2025-12-17T07:06:45.887+0000] {taskinstance.py:2327} INFO - Executing <Task(BashOperator): dbt_run_staging> on 2025-12-16 04:15:00+00:00
[2025-12-17T07:06:45.939+0000] {standard_task_runner.py:90} INFO - Running: ['***', 'tasks', 'run', 'mfg_dbt_transform_dag', 'dbt_run_staging', 'scheduled__2025-12-16T04:15:00+00:00', '--job-id', '28', '--raw', '--subdir', 'DAGS_FOLDER/mfg_dbt_transform_dag.py', '--cfg-path', '/tmp/tmpdi6_vvs5']
[2025-12-17T07:06:45.990+0000] {standard_task_runner.py:91} INFO - Job 28: Subtask dbt_run_staging
[2025-12-17T07:06:45.999+0000] {logging_mixin.py:188} WARNING - /home/***/.local/lib/python3.12/site-packages/***/task/task_runner/standard_task_runner.py:61 DeprecationWarning: This process (pid=2525) is multi-threaded, use of fork() may lead to deadlocks in the child.
[2025-12-17T07:06:46.024+0000] {standard_task_runner.py:63} INFO - Started process 2536 to run task
[2025-12-17T07:06:46.356+0000] {task_command.py:426} INFO - Running <TaskInstance: mfg_dbt_transform_dag.dbt_run_staging scheduled__2025-12-16T04:15:00+00:00 [running]> on host f349782282f8
[2025-12-17T07:06:46.956+0000] {taskinstance.py:2644} INFO - Exporting env vars: AIRFLOW_CTX_DAG_OWNER='data-engineering' AIRFLOW_CTX_DAG_ID='mfg_dbt_transform_dag' AIRFLOW_CTX_TASK_ID='dbt_run_staging' AIRFLOW_CTX_EXECUTION_DATE='2025-12-16T04:15:00+00:00' AIRFLOW_CTX_TRY_NUMBER='1' AIRFLOW_CTX_DAG_RUN_ID='scheduled__2025-12-16T04:15:00+00:00'
[2025-12-17T07:06:46.962+0000] {taskinstance.py:430} INFO - ::endgroup::
[2025-12-17T07:06:47.162+0000] {subprocess.py:63} INFO - Tmp dir root location: /tmp
[2025-12-17T07:06:47.235+0000] {subprocess.py:75} INFO - Running command: ['/usr/bin/bash', '-c', 'cd /opt/***/dbt_project && dbt run --select staging --profiles-dir /opt/***/dbt_profiles']
[2025-12-17T07:06:47.325+0000] {subprocess.py:86} INFO - Output:
[2025-12-17T07:07:00.955+0000] {subprocess.py:93} INFO - [0m07:07:00  Running with dbt=1.10.16
[2025-12-17T07:07:02.462+0000] {subprocess.py:93} INFO - [0m07:07:02  Registered adapter: snowflake=1.10.4
[2025-12-17T07:07:03.255+0000] {subprocess.py:93} INFO - [0m07:07:03  Found 8 models, 24 data tests, 3 sources, 504 macros
[2025-12-17T07:07:03.260+0000] {subprocess.py:93} INFO - [0m07:07:03
[2025-12-17T07:07:03.262+0000] {subprocess.py:93} INFO - [0m07:07:03  Concurrency: 4 threads (target='dev')
[2025-12-17T07:07:03.263+0000] {subprocess.py:93} INFO - [0m07:07:03
[2025-12-17T07:07:04.411+0000] {subprocess.py:93} INFO - [0m07:07:04
[2025-12-17T07:07:04.413+0000] {subprocess.py:93} INFO - [0m07:07:04  Finished running  in 0 hours 0 minutes and 1.15 seconds (1.15s).
[2025-12-17T07:07:04.414+0000] {subprocess.py:93} INFO - [0m07:07:04  Encountered an error:
[2025-12-17T07:07:04.415+0000] {subprocess.py:93} INFO - Runtime Error
[2025-12-17T07:07:04.415+0000] {subprocess.py:93} INFO -   Database error while listing schemas in database "MFG_ACCELERATOR"
[2025-12-17T07:07:04.416+0000] {subprocess.py:93} INFO -   Database Error
[2025-12-17T07:07:04.416+0000] {subprocess.py:93} INFO -     250001: Could not connect to Snowflake backend after 2 attempt(s).Aborting
[2025-12-17T07:07:04.775+0000] {subprocess.py:97} INFO - Command exited with return code 2
[2025-12-17T07:07:04.776+0000] {taskinstance.py:441} INFO - ::group::Post task execution logs
[2025-12-17T07:07:04.787+0000] {taskinstance.py:2890} ERROR - Task failed with exception
Traceback (most recent call last):
  File "/home/airflow/.local/lib/python3.12/site-packages/airflow/models/taskinstance.py", line 465, in _execute_task
    result = _execute_callable(context=context, **execute_callable_kwargs)
             ^^^^^^^^^^^^^^^^^^^^^^^^^^^^^^^^^^^^^^^^^^^^^^^^^^^^^^^^^^^^^
  File "/home/airflow/.local/lib/python3.12/site-packages/airflow/models/taskinstance.py", line 432, in _execute_callable
    return execute_callable(context=context, **execute_callable_kwargs)
           ^^^^^^^^^^^^^^^^^^^^^^^^^^^^^^^^^^^^^^^^^^^^^^^^^^^^^^^^^^^^
  File "/home/airflow/.local/lib/python3.12/site-packages/airflow/models/baseoperator.py", line 400, in wrapper
    return func(self, *args, **kwargs)
           ^^^^^^^^^^^^^^^^^^^^^^^^^^^
  File "/home/airflow/.local/lib/python3.12/site-packages/airflow/operators/bash.py", line 243, in execute
    raise AirflowException(
airflow.exceptions.AirflowException: Bash command failed. The command returned a non-zero exit code 2.
[2025-12-17T07:07:04.791+0000] {taskinstance.py:1205} INFO - Marking task as UP_FOR_RETRY. dag_id=mfg_dbt_transform_dag, task_id=dbt_run_staging, execution_date=20251216T041500, start_date=20251217T070645, end_date=20251217T070704
[2025-12-17T07:07:04.807+0000] {standard_task_runner.py:110} ERROR - Failed to execute job 28 for task dbt_run_staging (Bash command failed. The command returned a non-zero exit code 2.; 2536)
[2025-12-17T07:07:04.855+0000] {local_task_job_runner.py:240} INFO - Task exited with return code 1
[2025-12-17T07:07:04.875+0000] {taskinstance.py:3482} INFO - 0 downstream tasks scheduled from follow-on schedule check
[2025-12-17T07:07:04.880+0000] {local_task_job_runner.py:222} INFO - ::endgroup::
