[2025-12-11T13:59:31.227+0000] {local_task_job_runner.py:120} INFO - ::group::Pre task execution logs
[2025-12-11T13:59:31.260+0000] {taskinstance.py:2073} INFO - Dependencies all met for dep_context=non-requeueable deps ti=<TaskInstance: mfg_accelerator_pipeline.dbt_run_all manual__2025-12-11T13:54:06.461193+00:00 [queued]>
[2025-12-11T13:59:31.269+0000] {taskinstance.py:2073} INFO - Dependencies all met for dep_context=requeueable deps ti=<TaskInstance: mfg_accelerator_pipeline.dbt_run_all manual__2025-12-11T13:54:06.461193+00:00 [queued]>
[2025-12-11T13:59:31.270+0000] {taskinstance.py:2303} INFO - Starting attempt 1 of 2
[2025-12-11T13:59:31.287+0000] {taskinstance.py:2327} INFO - Executing <Task(BashOperator): dbt_run_all> on 2025-12-11 13:54:06.461193+00:00
[2025-12-11T13:59:31.296+0000] {standard_task_runner.py:90} INFO - Running: ['***', 'tasks', 'run', 'mfg_accelerator_pipeline', 'dbt_run_all', 'manual__2025-12-11T13:54:06.461193+00:00', '--job-id', '8', '--raw', '--subdir', 'DAGS_FOLDER/mfg_pipeline.py', '--cfg-path', '/tmp/tmpguvpuasv']
[2025-12-11T13:59:31.299+0000] {standard_task_runner.py:91} INFO - Job 8: Subtask dbt_run_all
[2025-12-11T13:59:31.300+0000] {logging_mixin.py:188} WARNING - /home/***/.local/lib/python3.12/site-packages/***/task/task_runner/standard_task_runner.py:61 DeprecationWarning: This process (pid=1023) is multi-threaded, use of fork() may lead to deadlocks in the child.
[2025-12-11T13:59:31.301+0000] {standard_task_runner.py:63} INFO - Started process 1024 to run task
[2025-12-11T13:59:31.357+0000] {task_command.py:426} INFO - Running <TaskInstance: mfg_accelerator_pipeline.dbt_run_all manual__2025-12-11T13:54:06.461193+00:00 [running]> on host 7258e9d71bed
[2025-12-11T13:59:31.451+0000] {taskinstance.py:2644} INFO - Exporting env vars: AIRFLOW_CTX_DAG_OWNER='data_engineer' AIRFLOW_CTX_DAG_ID='mfg_accelerator_pipeline' AIRFLOW_CTX_TASK_ID='dbt_run_all' AIRFLOW_CTX_EXECUTION_DATE='2025-12-11T13:54:06.461193+00:00' AIRFLOW_CTX_TRY_NUMBER='1' AIRFLOW_CTX_DAG_RUN_ID='manual__2025-12-11T13:54:06.461193+00:00'
[2025-12-11T13:59:31.452+0000] {taskinstance.py:430} INFO - ::endgroup::
[2025-12-11T13:59:31.468+0000] {subprocess.py:63} INFO - Tmp dir root location: /tmp
[2025-12-11T13:59:31.470+0000] {subprocess.py:75} INFO - Running command: ['/usr/bin/bash', '-c', 'cd /opt/***/dbt_project && dbt run --profiles-dir /opt/***/dbt_profiles']
[2025-12-11T13:59:31.479+0000] {subprocess.py:86} INFO - Output:
[2025-12-11T13:59:34.138+0000] {subprocess.py:93} INFO - [0m13:59:34  Running with dbt=1.10.15
[2025-12-11T13:59:35.174+0000] {subprocess.py:93} INFO - [0m13:59:35  Registered adapter: snowflake=1.10.4
[2025-12-11T13:59:35.865+0000] {subprocess.py:93} INFO - [0m13:59:35  Found 8 models, 24 data tests, 3 sources, 504 macros
[2025-12-11T13:59:35.870+0000] {subprocess.py:93} INFO - [0m13:59:35
[2025-12-11T13:59:35.872+0000] {subprocess.py:93} INFO - [0m13:59:35  Concurrency: 4 threads (target='dev')
[2025-12-11T13:59:35.874+0000] {subprocess.py:93} INFO - [0m13:59:35
[2025-12-11T13:59:37.781+0000] {subprocess.py:93} INFO - [0m13:59:37  1 of 8 START sql view model ANALYTICS_analytics.stg_batches .................... [RUN]
[2025-12-11T13:59:37.786+0000] {subprocess.py:93} INFO - [0m13:59:37  2 of 8 START sql view model ANALYTICS_analytics.stg_materials .................. [RUN]
[2025-12-11T13:59:37.789+0000] {subprocess.py:93} INFO - [0m13:59:37  3 of 8 START sql view model ANALYTICS_analytics.stg_production_orders .......... [RUN]
[2025-12-11T13:59:38.426+0000] {subprocess.py:93} INFO - [0m13:59:38  1 of 8 OK created sql view model ANALYTICS_analytics.stg_batches ............... [[32mSUCCESS 1[0m in 0.63s]
[2025-12-11T13:59:39.627+0000] {subprocess.py:93} INFO - [0m13:59:39  3 of 8 OK created sql view model ANALYTICS_analytics.stg_production_orders ..... [[32mSUCCESS 1[0m in 1.83s]
[2025-12-11T13:59:39.629+0000] {subprocess.py:93} INFO - [0m13:59:39  2 of 8 OK created sql view model ANALYTICS_analytics.stg_materials ............. [[32mSUCCESS 1[0m in 1.83s]
[2025-12-11T13:59:39.638+0000] {subprocess.py:93} INFO - [0m13:59:39  4 of 8 START sql table model ANALYTICS_analytics.core_materials ................ [RUN]
[2025-12-11T13:59:41.595+0000] {subprocess.py:93} INFO - [0m13:59:41  4 of 8 OK created sql table model ANALYTICS_analytics.core_materials ........... [[32mSUCCESS 1[0m in 1.95s]
[2025-12-11T13:59:41.601+0000] {subprocess.py:93} INFO - [0m13:59:41  5 of 8 START sql table model ANALYTICS_analytics.core_batches .................. [RUN]
[2025-12-11T13:59:41.604+0000] {subprocess.py:93} INFO - [0m13:59:41  6 of 8 START sql table model ANALYTICS_analytics.fct_production_orders ......... [RUN]
[2025-12-11T13:59:45.628+0000] {subprocess.py:93} INFO - [0m13:59:45  5 of 8 OK created sql table model ANALYTICS_analytics.core_batches ............. [[32mSUCCESS 1[0m in 4.02s]
[2025-12-11T14:00:04.077+0000] {subprocess.py:93} INFO - [0m14:00:04  6 of 8 OK created sql table model ANALYTICS_analytics.fct_production_orders .... [[32mSUCCESS 1[0m in 22.47s]
[2025-12-11T14:00:04.087+0000] {subprocess.py:93} INFO - [0m14:00:04  7 of 8 START sql table model ANALYTICS_analytics.mfg_ml_features_orders ........ [RUN]
[2025-12-11T14:00:04.090+0000] {subprocess.py:93} INFO - [0m14:00:04  8 of 8 START sql table model ANALYTICS_analytics.mfg_plant_daily_kpis .......... [RUN]
[2025-12-11T14:00:13.148+0000] {subprocess.py:93} INFO - [0m14:00:13  8 of 8 OK created sql table model ANALYTICS_analytics.mfg_plant_daily_kpis ..... [[32mSUCCESS 1[0m in 9.05s]
[2025-12-11T14:01:42.388+0000] {local_task_job_runner.py:310} WARNING - State of this instance has been externally set to None. Terminating instance.
[2025-12-11T14:01:42.390+0000] {local_task_job_runner.py:222} INFO - ::endgroup::
[2025-12-11T14:01:42.393+0000] {process_utils.py:132} INFO - Sending 15 to group 1024. PIDs of all processes in the group: [1025, 1035, 1024]
[2025-12-11T14:01:42.394+0000] {process_utils.py:87} INFO - Sending the signal 15 to group 1024
[2025-12-11T14:01:42.395+0000] {taskinstance.py:2607} ERROR - Received SIGTERM. Terminating subprocesses.
[2025-12-11T14:01:42.395+0000] {subprocess.py:104} INFO - Sending SIGTERM signal to process group
[2025-12-11T14:01:42.397+0000] {taskinstance.py:441} INFO - ::group::Post task execution logs
[2025-12-11T14:01:42.411+0000] {taskinstance.py:2890} ERROR - Task failed with exception
Traceback (most recent call last):
  File "/home/airflow/.local/lib/python3.12/site-packages/airflow/models/taskinstance.py", line 465, in _execute_task
    result = _execute_callable(context=context, **execute_callable_kwargs)
             ^^^^^^^^^^^^^^^^^^^^^^^^^^^^^^^^^^^^^^^^^^^^^^^^^^^^^^^^^^^^^
  File "/home/airflow/.local/lib/python3.12/site-packages/airflow/models/taskinstance.py", line 432, in _execute_callable
    return execute_callable(context=context, **execute_callable_kwargs)
           ^^^^^^^^^^^^^^^^^^^^^^^^^^^^^^^^^^^^^^^^^^^^^^^^^^^^^^^^^^^^
  File "/home/airflow/.local/lib/python3.12/site-packages/airflow/models/baseoperator.py", line 400, in wrapper
    return func(self, *args, **kwargs)
           ^^^^^^^^^^^^^^^^^^^^^^^^^^^
  File "/home/airflow/.local/lib/python3.12/site-packages/airflow/operators/bash.py", line 234, in execute
    result = self.subprocess_hook.run_command(
             ^^^^^^^^^^^^^^^^^^^^^^^^^^^^^^^^^
  File "/home/airflow/.local/lib/python3.12/site-packages/airflow/hooks/subprocess.py", line 91, in run_command
    for raw_line in iter(self.sub_process.stdout.readline, b""):
  File "/home/airflow/.local/lib/python3.12/site-packages/airflow/models/taskinstance.py", line 2609, in signal_handler
    raise AirflowTaskTerminated("Task received SIGTERM signal")
airflow.exceptions.AirflowTaskTerminated: Task received SIGTERM signal
[2025-12-11T14:01:42.420+0000] {taskinstance.py:1205} INFO - Marking task as FAILED. dag_id=mfg_accelerator_pipeline, task_id=dbt_run_all, execution_date=20251211T135406, start_date=20251211T135931, end_date=20251211T140142
[2025-12-11T14:01:42.443+0000] {standard_task_runner.py:110} ERROR - Failed to execute job 8 for task dbt_run_all ((psycopg2.errors.ForeignKeyViolation) insert or update on table "task_fail" violates foreign key constraint "task_fail_ti_fkey"
DETAIL:  Key (dag_id, task_id, run_id, map_index)=(mfg_accelerator_pipeline, dbt_run_all, manual__2025-12-11T13:54:06.461193+00:00, -1) is not present in table "task_instance".

[SQL: INSERT INTO task_fail (task_id, dag_id, run_id, map_index, start_date, end_date, duration) VALUES (%(task_id)s, %(dag_id)s, %(run_id)s, %(map_index)s, %(start_date)s, %(end_date)s, %(duration)s) RETURNING task_fail.id]
[parameters: {'task_id': 'dbt_run_all', 'dag_id': 'mfg_accelerator_pipeline', 'run_id': 'manual__2025-12-11T13:54:06.461193+00:00', 'map_index': -1, 'start_date': datetime.datetime(2025, 12, 11, 13, 59, 31, 260764, tzinfo=Timezone('UTC')), 'end_date': datetime.datetime(2025, 12, 11, 14, 1, 42, 418711, tzinfo=Timezone('UTC')), 'duration': 131}]
(Background on this error at: https://sqlalche.me/e/14/gkpj); 1024)
[2025-12-11T14:01:42.487+0000] {process_utils.py:80} INFO - Process psutil.Process(pid=1025, status='terminated', started='13:59:30') (1025) terminated with exit code None
[2025-12-11T14:01:42.488+0000] {process_utils.py:80} INFO - Process psutil.Process(pid=1035, status='terminated', started='13:59:34') (1035) terminated with exit code None
[2025-12-11T14:01:42.489+0000] {process_utils.py:80} INFO - Process psutil.Process(pid=1024, status='terminated', exitcode=1, started='13:59:30') (1024) terminated with exit code 1
