[2025-12-11T11:04:10.216+0000] {local_task_job_runner.py:120} INFO - ::group::Pre task execution logs
[2025-12-11T11:04:10.251+0000] {taskinstance.py:2073} INFO - Dependencies all met for dep_context=non-requeueable deps ti=<TaskInstance: mfg_accelerator_pipeline.dbt_run_all manual__2025-12-11T11:03:49.652607+00:00 [queued]>
[2025-12-11T11:04:10.269+0000] {taskinstance.py:2073} INFO - Dependencies all met for dep_context=requeueable deps ti=<TaskInstance: mfg_accelerator_pipeline.dbt_run_all manual__2025-12-11T11:03:49.652607+00:00 [queued]>
[2025-12-11T11:04:10.270+0000] {taskinstance.py:2303} INFO - Starting attempt 1 of 2
[2025-12-11T11:04:10.291+0000] {taskinstance.py:2327} INFO - Executing <Task(BashOperator): dbt_run_all> on 2025-12-11 11:03:49.652607+00:00
[2025-12-11T11:04:10.298+0000] {standard_task_runner.py:90} INFO - Running: ['***', 'tasks', 'run', 'mfg_accelerator_pipeline', 'dbt_run_all', 'manual__2025-12-11T11:03:49.652607+00:00', '--job-id', '5', '--raw', '--subdir', 'DAGS_FOLDER/mfg_pipeline.py', '--cfg-path', '/tmp/tmpqisnzv83']
[2025-12-11T11:04:10.301+0000] {standard_task_runner.py:91} INFO - Job 5: Subtask dbt_run_all
[2025-12-11T11:04:10.305+0000] {logging_mixin.py:188} WARNING - /home/***/.local/lib/python3.12/site-packages/***/task/task_runner/standard_task_runner.py:61 DeprecationWarning: This process (pid=614) is multi-threaded, use of fork() may lead to deadlocks in the child.
[2025-12-11T11:04:10.307+0000] {standard_task_runner.py:63} INFO - Started process 615 to run task
[2025-12-11T11:04:10.380+0000] {task_command.py:426} INFO - Running <TaskInstance: mfg_accelerator_pipeline.dbt_run_all manual__2025-12-11T11:03:49.652607+00:00 [running]> on host f87337c16ca9
[2025-12-11T11:04:10.475+0000] {taskinstance.py:2644} INFO - Exporting env vars: AIRFLOW_CTX_DAG_OWNER='data_engineer' AIRFLOW_CTX_DAG_ID='mfg_accelerator_pipeline' AIRFLOW_CTX_TASK_ID='dbt_run_all' AIRFLOW_CTX_EXECUTION_DATE='2025-12-11T11:03:49.652607+00:00' AIRFLOW_CTX_TRY_NUMBER='1' AIRFLOW_CTX_DAG_RUN_ID='manual__2025-12-11T11:03:49.652607+00:00'
[2025-12-11T11:04:10.476+0000] {taskinstance.py:430} INFO - ::endgroup::
[2025-12-11T11:04:10.493+0000] {subprocess.py:63} INFO - Tmp dir root location: /tmp
[2025-12-11T11:04:10.495+0000] {subprocess.py:75} INFO - Running command: ['/usr/bin/bash', '-c', 'cd /opt/***/dbt_project && dbt run']
[2025-12-11T11:04:10.503+0000] {subprocess.py:86} INFO - Output:
[2025-12-11T11:04:13.320+0000] {subprocess.py:93} INFO - [0m11:04:13  Running with dbt=1.10.15
[2025-12-11T11:04:14.195+0000] {subprocess.py:93} INFO - [0m11:04:14   adapter: Invalid profile: 'user' is a required property.
[2025-12-11T11:04:14.471+0000] {subprocess.py:93} INFO - [0m11:04:14  Registered adapter: snowflake=1.10.4
[2025-12-11T11:04:14.817+0000] {subprocess.py:93} INFO - [0m11:04:14  Unable to do partial parsing because profile has changed
[2025-12-11T11:04:16.507+0000] {subprocess.py:93} INFO - [0m11:04:16  [[33mWARNING[0m][MissingArgumentsPropertyInGenericTestDeprecation]: Deprecated
[2025-12-11T11:04:16.508+0000] {subprocess.py:93} INFO - functionality
[2025-12-11T11:04:16.509+0000] {subprocess.py:93} INFO - Found top-level arguments to test `relationships`. Arguments to generic tests
[2025-12-11T11:04:16.510+0000] {subprocess.py:93} INFO - should be nested under the `arguments` property.`
[2025-12-11T11:04:17.044+0000] {subprocess.py:93} INFO - [0m11:04:17  Found 8 models, 24 data tests, 3 sources, 504 macros
[2025-12-11T11:04:17.049+0000] {subprocess.py:93} INFO - [0m11:04:17
[2025-12-11T11:04:17.050+0000] {subprocess.py:93} INFO - [0m11:04:17  Concurrency: 4 threads (target='dev')
[2025-12-11T11:04:17.052+0000] {subprocess.py:93} INFO - [0m11:04:17
[2025-12-11T11:04:17.129+0000] {subprocess.py:93} INFO - [0m11:04:17
[2025-12-11T11:04:17.130+0000] {subprocess.py:93} INFO - [0m11:04:17  Finished running  in 0 hours 0 minutes and 0.08 seconds (0.08s).
[2025-12-11T11:04:17.132+0000] {subprocess.py:93} INFO - [0m11:04:17  Encountered an error:
[2025-12-11T11:04:17.133+0000] {subprocess.py:93} INFO - Runtime Error
[2025-12-11T11:04:17.133+0000] {subprocess.py:93} INFO -   Database error while listing schemas in database ""
[2025-12-11T11:04:17.134+0000] {subprocess.py:93} INFO -   Database Error
[2025-12-11T11:04:17.134+0000] {subprocess.py:93} INFO -     251005: User is empty, but it must be provided unless authenticator is one of PAT_WITH_EXTERNAL_SESSION, NO_AUTH, OAUTH, PROGRAMMATIC_ACCESS_TOKEN, WORKLOAD_IDENTITY.
[2025-12-11T11:04:17.135+0000] {subprocess.py:93} INFO - [0m11:04:17  [[33mWARNING[0m][DeprecationsSummary]: Deprecated functionality
[2025-12-11T11:04:17.135+0000] {subprocess.py:93} INFO - Summary of encountered deprecations:
[2025-12-11T11:04:17.136+0000] {subprocess.py:93} INFO - - MissingArgumentsPropertyInGenericTestDeprecation: 4 occurrences
[2025-12-11T11:04:17.136+0000] {subprocess.py:93} INFO - To see all deprecation instances instead of just the first occurrence of each,
[2025-12-11T11:04:17.137+0000] {subprocess.py:93} INFO - run command again with the `--show-all-deprecations` flag. You may also need to
[2025-12-11T11:04:17.137+0000] {subprocess.py:93} INFO - run with `--no-partial-parse` as some deprecations are only encountered during
[2025-12-11T11:04:17.138+0000] {subprocess.py:93} INFO - parsing.
[2025-12-11T11:04:18.330+0000] {subprocess.py:97} INFO - Command exited with return code 2
[2025-12-11T11:04:18.331+0000] {taskinstance.py:441} INFO - ::group::Post task execution logs
[2025-12-11T11:04:18.342+0000] {taskinstance.py:2890} ERROR - Task failed with exception
Traceback (most recent call last):
  File "/home/airflow/.local/lib/python3.12/site-packages/airflow/models/taskinstance.py", line 465, in _execute_task
    result = _execute_callable(context=context, **execute_callable_kwargs)
             ^^^^^^^^^^^^^^^^^^^^^^^^^^^^^^^^^^^^^^^^^^^^^^^^^^^^^^^^^^^^^
  File "/home/airflow/.local/lib/python3.12/site-packages/airflow/models/taskinstance.py", line 432, in _execute_callable
    return execute_callable(context=context, **execute_callable_kwargs)
           ^^^^^^^^^^^^^^^^^^^^^^^^^^^^^^^^^^^^^^^^^^^^^^^^^^^^^^^^^^^^
  File "/home/airflow/.local/lib/python3.12/site-packages/airflow/models/baseoperator.py", line 400, in wrapper
    return func(self, *args, **kwargs)
           ^^^^^^^^^^^^^^^^^^^^^^^^^^^
  File "/home/airflow/.local/lib/python3.12/site-packages/airflow/operators/bash.py", line 243, in execute
    raise AirflowException(
airflow.exceptions.AirflowException: Bash command failed. The command returned a non-zero exit code 2.
[2025-12-11T11:04:18.349+0000] {taskinstance.py:1205} INFO - Marking task as UP_FOR_RETRY. dag_id=mfg_accelerator_pipeline, task_id=dbt_run_all, execution_date=20251211T110349, start_date=20251211T110410, end_date=20251211T110418
[2025-12-11T11:04:18.365+0000] {standard_task_runner.py:110} ERROR - Failed to execute job 5 for task dbt_run_all (Bash command failed. The command returned a non-zero exit code 2.; 615)
[2025-12-11T11:04:18.407+0000] {local_task_job_runner.py:240} INFO - Task exited with return code 1
[2025-12-11T11:04:18.428+0000] {taskinstance.py:3482} INFO - 0 downstream tasks scheduled from follow-on schedule check
[2025-12-11T11:04:18.432+0000] {local_task_job_runner.py:222} INFO - ::endgroup::
