[2025-12-17T11:38:14.481+0000] {local_task_job_runner.py:120} INFO - ::group::Pre task execution logs
[2025-12-17T11:38:14.559+0000] {taskinstance.py:2073} INFO - Dependencies all met for dep_context=non-requeueable deps ti=<TaskInstance: mfg_data_quality_monitoring_dag.dq_check_raw_vs_core_rowcounts manual__2025-12-17T11:25:45.002147+00:00 [queued]>
[2025-12-17T11:38:14.577+0000] {taskinstance.py:2073} INFO - Dependencies all met for dep_context=requeueable deps ti=<TaskInstance: mfg_data_quality_monitoring_dag.dq_check_raw_vs_core_rowcounts manual__2025-12-17T11:25:45.002147+00:00 [queued]>
[2025-12-17T11:38:14.578+0000] {taskinstance.py:2303} INFO - Starting attempt 2 of 2
[2025-12-17T11:38:14.608+0000] {taskinstance.py:2327} INFO - Executing <Task(PythonOperator): dq_check_raw_vs_core_rowcounts> on 2025-12-17 11:25:45.002147+00:00
[2025-12-17T11:38:14.637+0000] {logging_mixin.py:188} WARNING - /home/***/.local/lib/python3.12/site-packages/***/task/task_runner/standard_task_runner.py:61 DeprecationWarning: This process (pid=168) is multi-threaded, use of fork() may lead to deadlocks in the child.
[2025-12-17T11:38:14.631+0000] {standard_task_runner.py:90} INFO - Running: ['***', 'tasks', 'run', 'mfg_data_quality_monitoring_dag', 'dq_check_raw_vs_core_rowcounts', 'manual__2025-12-17T11:25:45.002147+00:00', '--job-id', '31', '--raw', '--subdir', 'DAGS_FOLDER/mfg_data_quality_monitoring_dag.py', '--cfg-path', '/tmp/tmp_32ko4c6']
[2025-12-17T11:38:14.640+0000] {standard_task_runner.py:63} INFO - Started process 195 to run task
[2025-12-17T11:38:14.640+0000] {standard_task_runner.py:91} INFO - Job 31: Subtask dq_check_raw_vs_core_rowcounts
[2025-12-17T11:38:14.777+0000] {task_command.py:426} INFO - Running <TaskInstance: mfg_data_quality_monitoring_dag.dq_check_raw_vs_core_rowcounts manual__2025-12-17T11:25:45.002147+00:00 [running]> on host bce6f264833a
[2025-12-17T11:38:14.976+0000] {taskinstance.py:2644} INFO - Exporting env vars: AIRFLOW_CTX_DAG_OWNER='data-eng' AIRFLOW_CTX_DAG_ID='mfg_data_quality_monitoring_dag' AIRFLOW_CTX_TASK_ID='dq_check_raw_vs_core_rowcounts' AIRFLOW_CTX_EXECUTION_DATE='2025-12-17T11:25:45.002147+00:00' AIRFLOW_CTX_TRY_NUMBER='2' AIRFLOW_CTX_DAG_RUN_ID='manual__2025-12-17T11:25:45.002147+00:00'
[2025-12-17T11:38:14.978+0000] {taskinstance.py:430} INFO - ::endgroup::
[2025-12-17T11:38:15.012+0000] {connection.py:414} INFO - Snowflake Connector for Python Version: 3.12.0, Python Version: 3.12.2, Platform: Linux-6.6.87.2-microsoft-standard-WSL2-x86_64-with-glibc2.36
[2025-12-17T11:38:15.014+0000] {connection.py:1187} INFO - Connecting to GLOBAL Snowflake domain
[2025-12-17T11:38:15.015+0000] {connection.py:1268} INFO - This connection is in OCSP Fail Open Mode. TLS Certificates would be checked for validity and revocation status. Any other Certificate Revocation related exceptions or OCSP Responder failures would be disregarded in favor of connectivity.
[2025-12-17T11:38:18.518+0000] {cursor.py:1156} INFO - Number of results in first chunk: 1
[2025-12-17T11:38:18.802+0000] {connection.py:779} INFO - closed
[2025-12-17T11:38:19.030+0000] {connection.py:785} INFO - No async queries seem to be running, deleting session
[2025-12-17T11:38:19.318+0000] {taskinstance.py:441} INFO - ::group::Post task execution logs
[2025-12-17T11:38:19.320+0000] {taskinstance.py:2890} ERROR - Task failed with exception
Traceback (most recent call last):
  File "/home/airflow/.local/lib/python3.12/site-packages/airflow/models/taskinstance.py", line 460, in _execute_task
    result = _execute_callable(context=context, **execute_callable_kwargs)
             ^^^^^^^^^^^^^^^^^^^^^^^^^^^^^^^^^^^^^^^^^^^^^^^^^^^^^^^^^^^^^
  File "/home/airflow/.local/lib/python3.12/site-packages/airflow/models/taskinstance.py", line 432, in _execute_callable
    return execute_callable(context=context, **execute_callable_kwargs)
           ^^^^^^^^^^^^^^^^^^^^^^^^^^^^^^^^^^^^^^^^^^^^^^^^^^^^^^^^^^^^
  File "/home/airflow/.local/lib/python3.12/site-packages/airflow/models/baseoperator.py", line 400, in wrapper
    return func(self, *args, **kwargs)
           ^^^^^^^^^^^^^^^^^^^^^^^^^^^
  File "/home/airflow/.local/lib/python3.12/site-packages/airflow/operators/python.py", line 235, in execute
    return_value = self.execute_callable()
                   ^^^^^^^^^^^^^^^^^^^^^^^
  File "/home/airflow/.local/lib/python3.12/site-packages/airflow/operators/python.py", line 252, in execute_callable
    return self.python_callable(*self.op_args, **self.op_kwargs)
           ^^^^^^^^^^^^^^^^^^^^^^^^^^^^^^^^^^^^^^^^^^^^^^^^^^^^^
  File "/opt/airflow/dags/mfg_data_quality_monitoring_dag.py", line 93, in dq_check_raw_vs_core_rowcounts
    core_cnt = _fetch_one(cur, f"SELECT COUNT(*) FROM {core_tbl}")
               ^^^^^^^^^^^^^^^^^^^^^^^^^^^^^^^^^^^^^^^^^^^^^^^^^^^
  File "/opt/airflow/dags/mfg_data_quality_monitoring_dag.py", line 74, in _fetch_one
    cur.execute(sql, params or ())
  File "/home/airflow/.local/lib/python3.12/site-packages/snowflake/connector/cursor.py", line 1087, in execute
    Error.errorhandler_wrapper(self.connection, self, error_class, errvalue)
  File "/home/airflow/.local/lib/python3.12/site-packages/snowflake/connector/errors.py", line 290, in errorhandler_wrapper
    handed_over = Error.hand_to_other_handler(
                  ^^^^^^^^^^^^^^^^^^^^^^^^^^^^
  File "/home/airflow/.local/lib/python3.12/site-packages/snowflake/connector/errors.py", line 345, in hand_to_other_handler
    cursor.errorhandler(connection, cursor, error_class, error_value)
  File "/home/airflow/.local/lib/python3.12/site-packages/snowflake/connector/errors.py", line 221, in default_errorhandler
    raise error_class(
snowflake.connector.errors.ProgrammingError: 002003 (42S02): 01c11c1a-0107-4c39-0013-40ff0017106e: SQL compilation error:
Object 'MFG_ACCELERATOR.CORE.CORE_MATERIALS' does not exist or not authorized.
[2025-12-17T11:38:19.345+0000] {taskinstance.py:1205} INFO - Marking task as FAILED. dag_id=mfg_data_quality_monitoring_dag, task_id=dq_check_raw_vs_core_rowcounts, execution_date=20251217T112545, start_date=20251217T113814, end_date=20251217T113819
[2025-12-17T11:38:19.369+0000] {standard_task_runner.py:110} ERROR - Failed to execute job 31 for task dq_check_raw_vs_core_rowcounts (002003 (42S02): 01c11c1a-0107-4c39-0013-40ff0017106e: SQL compilation error:
Object 'MFG_ACCELERATOR.CORE.CORE_MATERIALS' does not exist or not authorized.; 195)
[2025-12-17T11:38:19.394+0000] {local_task_job_runner.py:240} INFO - Task exited with return code 1
[2025-12-17T11:38:19.436+0000] {taskinstance.py:3482} INFO - 0 downstream tasks scheduled from follow-on schedule check
[2025-12-17T11:38:19.442+0000] {local_task_job_runner.py:222} INFO - ::endgroup::
